[0.058s] Invoking command in '/home/swaraj/agribot_ur5/real_ur5/build/ur_calibration': AMENT_PREFIX_PATH=/home/swaraj/agribot_ur5/real_ur5/install/ur_robot_driver:/home/swaraj/agribot_ur5/real_ur5/install/ur_controllers:/home/swaraj/agribot_ur5/real_ur5/install/ur_description:/home/swaraj/agribot_ur5/real_ur5/install/ur_dashboard_msgs:${AMENT_PREFIX_PATH} CMAKE_PREFIX_PATH=/home/swaraj/agribot_ur5/real_ur5/install/ur_robot_driver:/home/swaraj/agribot_ur5/real_ur5/install/ur_controllers:/home/swaraj/agribot_ur5/real_ur5/install/ur_description:/home/swaraj/agribot_ur5/real_ur5/install/ur_dashboard_msgs:/opt/ros/humble LD_LIBRARY_PATH=/home/swaraj/agribot_ur5/real_ur5/install/ur_robot_driver/lib:/home/swaraj/agribot_ur5/real_ur5/install/ur_controllers/lib:/home/swaraj/agribot_ur5/real_ur5/install/ur_dashboard_msgs/lib:/usr/lib/x86_64-linux-gnu/gazebo-11/plugins:/opt/ros/humble/opt/rviz_ogre_vendor/lib:/opt/ros/humble/lib/x86_64-linux-gnu:/opt/ros/humble/lib:/usr/share/gazebo-11/../../lib/x86_64-linux-gnu/gazebo-11/plugins PATH=/home/swaraj/agribot_ur5/real_ur5/install/ur_robot_driver/bin:${PATH} PYTHONPATH=/home/swaraj/agribot_ur5/real_ur5/install/ur_robot_driver/local/lib/python3.10/dist-packages:/home/swaraj/agribot_ur5/real_ur5/install/ur_dashboard_msgs/local/lib/python3.10/dist-packages:${PYTHONPATH} /usr/bin/cmake --build /home/swaraj/agribot_ur5/real_ur5/build/ur_calibration -- -j8 -l8
[0.112s] [ 41%] Built target gmock_main
[0.112s] [ 41%] Built target gmock
[0.119s] [ 66%] Built target calibration
[0.147s] [ 83%] Built target calibration_test
[0.148s] [100%] Built target calibration_correction
[0.159s] Invoked command in '/home/swaraj/agribot_ur5/real_ur5/build/ur_calibration' returned '0': AMENT_PREFIX_PATH=/home/swaraj/agribot_ur5/real_ur5/install/ur_robot_driver:/home/swaraj/agribot_ur5/real_ur5/install/ur_controllers:/home/swaraj/agribot_ur5/real_ur5/install/ur_description:/home/swaraj/agribot_ur5/real_ur5/install/ur_dashboard_msgs:${AMENT_PREFIX_PATH} CMAKE_PREFIX_PATH=/home/swaraj/agribot_ur5/real_ur5/install/ur_robot_driver:/home/swaraj/agribot_ur5/real_ur5/install/ur_controllers:/home/swaraj/agribot_ur5/real_ur5/install/ur_description:/home/swaraj/agribot_ur5/real_ur5/install/ur_dashboard_msgs:/opt/ros/humble LD_LIBRARY_PATH=/home/swaraj/agribot_ur5/real_ur5/install/ur_robot_driver/lib:/home/swaraj/agribot_ur5/real_ur5/install/ur_controllers/lib:/home/swaraj/agribot_ur5/real_ur5/install/ur_dashboard_msgs/lib:/usr/lib/x86_64-linux-gnu/gazebo-11/plugins:/opt/ros/humble/opt/rviz_ogre_vendor/lib:/opt/ros/humble/lib/x86_64-linux-gnu:/opt/ros/humble/lib:/usr/share/gazebo-11/../../lib/x86_64-linux-gnu/gazebo-11/plugins PATH=/home/swaraj/agribot_ur5/real_ur5/install/ur_robot_driver/bin:${PATH} PYTHONPATH=/home/swaraj/agribot_ur5/real_ur5/install/ur_robot_driver/local/lib/python3.10/dist-packages:/home/swaraj/agribot_ur5/real_ur5/install/ur_dashboard_msgs/local/lib/python3.10/dist-packages:${PYTHONPATH} /usr/bin/cmake --build /home/swaraj/agribot_ur5/real_ur5/build/ur_calibration -- -j8 -l8
[0.196s] Invoking command in '/home/swaraj/agribot_ur5/real_ur5/build/ur_calibration': AMENT_PREFIX_PATH=/home/swaraj/agribot_ur5/real_ur5/install/ur_robot_driver:/home/swaraj/agribot_ur5/real_ur5/install/ur_controllers:/home/swaraj/agribot_ur5/real_ur5/install/ur_description:/home/swaraj/agribot_ur5/real_ur5/install/ur_dashboard_msgs:${AMENT_PREFIX_PATH} CMAKE_PREFIX_PATH=/home/swaraj/agribot_ur5/real_ur5/install/ur_robot_driver:/home/swaraj/agribot_ur5/real_ur5/install/ur_controllers:/home/swaraj/agribot_ur5/real_ur5/install/ur_description:/home/swaraj/agribot_ur5/real_ur5/install/ur_dashboard_msgs:/opt/ros/humble LD_LIBRARY_PATH=/home/swaraj/agribot_ur5/real_ur5/install/ur_robot_driver/lib:/home/swaraj/agribot_ur5/real_ur5/install/ur_controllers/lib:/home/swaraj/agribot_ur5/real_ur5/install/ur_dashboard_msgs/lib:/usr/lib/x86_64-linux-gnu/gazebo-11/plugins:/opt/ros/humble/opt/rviz_ogre_vendor/lib:/opt/ros/humble/lib/x86_64-linux-gnu:/opt/ros/humble/lib:/usr/share/gazebo-11/../../lib/x86_64-linux-gnu/gazebo-11/plugins PATH=/home/swaraj/agribot_ur5/real_ur5/install/ur_robot_driver/bin:${PATH} PYTHONPATH=/home/swaraj/agribot_ur5/real_ur5/install/ur_robot_driver/local/lib/python3.10/dist-packages:/home/swaraj/agribot_ur5/real_ur5/install/ur_dashboard_msgs/local/lib/python3.10/dist-packages:${PYTHONPATH} /usr/bin/cmake --install /home/swaraj/agribot_ur5/real_ur5/build/ur_calibration
[0.203s] -- Install configuration: "Release"
[0.203s] -- Up-to-date: /home/swaraj/agribot_ur5/real_ur5/install/ur_calibration/lib/ur_calibration/calibration_correction
[0.203s] -- Up-to-date: /home/swaraj/agribot_ur5/real_ur5/install/ur_calibration/include
[0.204s] -- Up-to-date: /home/swaraj/agribot_ur5/real_ur5/install/ur_calibration/include/ur_calibration
[0.204s] -- Up-to-date: /home/swaraj/agribot_ur5/real_ur5/install/ur_calibration/include/ur_calibration/calibration_consumer.hpp
[0.204s] -- Up-to-date: /home/swaraj/agribot_ur5/real_ur5/install/ur_calibration/include/ur_calibration/calibration.hpp
[0.204s] -- Up-to-date: /home/swaraj/agribot_ur5/real_ur5/install/ur_calibration/share/ur_calibration/launch
[0.204s] -- Up-to-date: /home/swaraj/agribot_ur5/real_ur5/install/ur_calibration/share/ur_calibration/launch/calibration_correction.launch.py
[0.204s] -- Up-to-date: /home/swaraj/agribot_ur5/real_ur5/install/ur_calibration/share/ament_index/resource_index/package_run_dependencies/ur_calibration
[0.204s] -- Up-to-date: /home/swaraj/agribot_ur5/real_ur5/install/ur_calibration/share/ament_index/resource_index/parent_prefix_path/ur_calibration
[0.204s] -- Up-to-date: /home/swaraj/agribot_ur5/real_ur5/install/ur_calibration/share/ur_calibration/environment/ament_prefix_path.sh
[0.204s] -- Up-to-date: /home/swaraj/agribot_ur5/real_ur5/install/ur_calibration/share/ur_calibration/environment/ament_prefix_path.dsv
[0.205s] -- Up-to-date: /home/swaraj/agribot_ur5/real_ur5/install/ur_calibration/share/ur_calibration/environment/path.sh
[0.205s] -- Up-to-date: /home/swaraj/agribot_ur5/real_ur5/install/ur_calibration/share/ur_calibration/environment/path.dsv
[0.205s] -- Up-to-date: /home/swaraj/agribot_ur5/real_ur5/install/ur_calibration/share/ur_calibration/local_setup.bash
[0.205s] -- Up-to-date: /home/swaraj/agribot_ur5/real_ur5/install/ur_calibration/share/ur_calibration/local_setup.sh
[0.205s] -- Up-to-date: /home/swaraj/agribot_ur5/real_ur5/install/ur_calibration/share/ur_calibration/local_setup.zsh
[0.205s] -- Up-to-date: /home/swaraj/agribot_ur5/real_ur5/install/ur_calibration/share/ur_calibration/local_setup.dsv
[0.205s] -- Installing: /home/swaraj/agribot_ur5/real_ur5/install/ur_calibration/share/ur_calibration/package.dsv
[0.205s] -- Up-to-date: /home/swaraj/agribot_ur5/real_ur5/install/ur_calibration/share/ament_index/resource_index/packages/ur_calibration
[0.205s] -- Up-to-date: /home/swaraj/agribot_ur5/real_ur5/install/ur_calibration/share/ur_calibration/cmake/ament_cmake_export_include_directories-extras.cmake
[0.205s] -- Up-to-date: /home/swaraj/agribot_ur5/real_ur5/install/ur_calibration/share/ur_calibration/cmake/ament_cmake_export_dependencies-extras.cmake
[0.205s] -- Up-to-date: /home/swaraj/agribot_ur5/real_ur5/install/ur_calibration/share/ur_calibration/cmake/ur_calibrationConfig.cmake
[0.206s] -- Up-to-date: /home/swaraj/agribot_ur5/real_ur5/install/ur_calibration/share/ur_calibration/cmake/ur_calibrationConfig-version.cmake
[0.206s] -- Up-to-date: /home/swaraj/agribot_ur5/real_ur5/install/ur_calibration/share/ur_calibration/package.xml
[0.206s] Invoked command in '/home/swaraj/agribot_ur5/real_ur5/build/ur_calibration' returned '0': AMENT_PREFIX_PATH=/home/swaraj/agribot_ur5/real_ur5/install/ur_robot_driver:/home/swaraj/agribot_ur5/real_ur5/install/ur_controllers:/home/swaraj/agribot_ur5/real_ur5/install/ur_description:/home/swaraj/agribot_ur5/real_ur5/install/ur_dashboard_msgs:${AMENT_PREFIX_PATH} CMAKE_PREFIX_PATH=/home/swaraj/agribot_ur5/real_ur5/install/ur_robot_driver:/home/swaraj/agribot_ur5/real_ur5/install/ur_controllers:/home/swaraj/agribot_ur5/real_ur5/install/ur_description:/home/swaraj/agribot_ur5/real_ur5/install/ur_dashboard_msgs:/opt/ros/humble LD_LIBRARY_PATH=/home/swaraj/agribot_ur5/real_ur5/install/ur_robot_driver/lib:/home/swaraj/agribot_ur5/real_ur5/install/ur_controllers/lib:/home/swaraj/agribot_ur5/real_ur5/install/ur_dashboard_msgs/lib:/usr/lib/x86_64-linux-gnu/gazebo-11/plugins:/opt/ros/humble/opt/rviz_ogre_vendor/lib:/opt/ros/humble/lib/x86_64-linux-gnu:/opt/ros/humble/lib:/usr/share/gazebo-11/../../lib/x86_64-linux-gnu/gazebo-11/plugins PATH=/home/swaraj/agribot_ur5/real_ur5/install/ur_robot_driver/bin:${PATH} PYTHONPATH=/home/swaraj/agribot_ur5/real_ur5/install/ur_robot_driver/local/lib/python3.10/dist-packages:/home/swaraj/agribot_ur5/real_ur5/install/ur_dashboard_msgs/local/lib/python3.10/dist-packages:${PYTHONPATH} /usr/bin/cmake --install /home/swaraj/agribot_ur5/real_ur5/build/ur_calibration
