[0.054s] Invoking command in '/home/swaraj/agribot_ur5/real_ur5/build/ur_moveit_config': AMENT_PREFIX_PATH=/home/swaraj/agribot_ur5/real_ur5/install/ur_description:${AMENT_PREFIX_PATH} CMAKE_PREFIX_PATH=/home/swaraj/agribot_ur5/real_ur5/install/ur_description:/opt/ros/humble /usr/bin/cmake --build /home/swaraj/agribot_ur5/real_ur5/build/ur_moveit_config -- -j8 -l8
[0.113s] Built target ament_cmake_python_copy_ur_moveit_config
[0.387s] running egg_info
[0.388s] writing ur_moveit_config.egg-info/PKG-INFO
[0.388s] writing dependency_links to ur_moveit_config.egg-info/dependency_links.txt
[0.388s] writing top-level names to ur_moveit_config.egg-info/top_level.txt
[0.390s] reading manifest file 'ur_moveit_config.egg-info/SOURCES.txt'
[0.396s] writing manifest file 'ur_moveit_config.egg-info/SOURCES.txt'
[0.422s] Built target ament_cmake_python_build_ur_moveit_config_egg
[0.446s] Invoked command in '/home/swaraj/agribot_ur5/real_ur5/build/ur_moveit_config' returned '0': AMENT_PREFIX_PATH=/home/swaraj/agribot_ur5/real_ur5/install/ur_description:${AMENT_PREFIX_PATH} CMAKE_PREFIX_PATH=/home/swaraj/agribot_ur5/real_ur5/install/ur_description:/opt/ros/humble /usr/bin/cmake --build /home/swaraj/agribot_ur5/real_ur5/build/ur_moveit_config -- -j8 -l8
[0.458s] Invoking command in '/home/swaraj/agribot_ur5/real_ur5/build/ur_moveit_config': AMENT_PREFIX_PATH=/home/swaraj/agribot_ur5/real_ur5/install/ur_description:${AMENT_PREFIX_PATH} CMAKE_PREFIX_PATH=/home/swaraj/agribot_ur5/real_ur5/install/ur_description:/opt/ros/humble /usr/bin/cmake --install /home/swaraj/agribot_ur5/real_ur5/build/ur_moveit_config
[0.465s] -- Install configuration: "Release"
[0.466s] -- Up-to-date: /home/swaraj/agribot_ur5/real_ur5/install/ur_moveit_config/share/ur_moveit_config/config
[0.466s] -- Up-to-date: /home/swaraj/agribot_ur5/real_ur5/install/ur_moveit_config/share/ur_moveit_config/config/ompl_planning.yaml
[0.466s] -- Up-to-date: /home/swaraj/agribot_ur5/real_ur5/install/ur_moveit_config/share/ur_moveit_config/config/ur_servo.yaml
[0.466s] -- Up-to-date: /home/swaraj/agribot_ur5/real_ur5/install/ur_moveit_config/share/ur_moveit_config/config/controllers.yaml
[0.466s] -- Up-to-date: /home/swaraj/agribot_ur5/real_ur5/install/ur_moveit_config/share/ur_moveit_config/config/kinematics.yaml
[0.466s] -- Up-to-date: /home/swaraj/agribot_ur5/real_ur5/install/ur_moveit_config/share/ur_moveit_config/launch
[0.466s] -- Up-to-date: /home/swaraj/agribot_ur5/real_ur5/install/ur_moveit_config/share/ur_moveit_config/launch/ur_moveit.launch.py
[0.466s] -- Up-to-date: /home/swaraj/agribot_ur5/real_ur5/install/ur_moveit_config/share/ur_moveit_config/rviz
[0.467s] -- Up-to-date: /home/swaraj/agribot_ur5/real_ur5/install/ur_moveit_config/share/ur_moveit_config/rviz/view_robot.rviz
[0.467s] -- Up-to-date: /home/swaraj/agribot_ur5/real_ur5/install/ur_moveit_config/share/ur_moveit_config/srdf
[0.467s] -- Up-to-date: /home/swaraj/agribot_ur5/real_ur5/install/ur_moveit_config/share/ur_moveit_config/srdf/ur.srdf.xacro
[0.467s] -- Up-to-date: /home/swaraj/agribot_ur5/real_ur5/install/ur_moveit_config/share/ur_moveit_config/srdf/ur_macro.srdf.xacro
[0.467s] -- Up-to-date: /home/swaraj/agribot_ur5/real_ur5/install/ur_moveit_config/share/ur_moveit_config/environment/pythonpath.sh
[0.467s] -- Up-to-date: /home/swaraj/agribot_ur5/real_ur5/install/ur_moveit_config/share/ur_moveit_config/environment/pythonpath.dsv
[0.467s] -- Up-to-date: /home/swaraj/agribot_ur5/real_ur5/install/ur_moveit_config/local/lib/python3.10/dist-packages/ur_moveit_config-2.2.9-py3.10.egg-info
[0.467s] -- Installing: /home/swaraj/agribot_ur5/real_ur5/install/ur_moveit_config/local/lib/python3.10/dist-packages/ur_moveit_config-2.2.9-py3.10.egg-info/dependency_links.txt
[0.467s] -- Installing: /home/swaraj/agribot_ur5/real_ur5/install/ur_moveit_config/local/lib/python3.10/dist-packages/ur_moveit_config-2.2.9-py3.10.egg-info/SOURCES.txt
[0.467s] -- Installing: /home/swaraj/agribot_ur5/real_ur5/install/ur_moveit_config/local/lib/python3.10/dist-packages/ur_moveit_config-2.2.9-py3.10.egg-info/PKG-INFO
[0.467s] -- Installing: /home/swaraj/agribot_ur5/real_ur5/install/ur_moveit_config/local/lib/python3.10/dist-packages/ur_moveit_config-2.2.9-py3.10.egg-info/top_level.txt
[0.468s] -- Up-to-date: /home/swaraj/agribot_ur5/real_ur5/install/ur_moveit_config/local/lib/python3.10/dist-packages/ur_moveit_config
[0.468s] -- Up-to-date: /home/swaraj/agribot_ur5/real_ur5/install/ur_moveit_config/local/lib/python3.10/dist-packages/ur_moveit_config/launch_common.py
[0.468s] -- Up-to-date: /home/swaraj/agribot_ur5/real_ur5/install/ur_moveit_config/local/lib/python3.10/dist-packages/ur_moveit_config/__init__.py
[0.497s] Listing '/home/swaraj/agribot_ur5/real_ur5/install/ur_moveit_config/local/lib/python3.10/dist-packages/ur_moveit_config'...
[0.501s] -- Up-to-date: /home/swaraj/agribot_ur5/real_ur5/install/ur_moveit_config/local/lib/python3.10/dist-packages/launch_common.py
[0.531s] -- Up-to-date: /home/swaraj/agribot_ur5/real_ur5/install/ur_moveit_config/share/ament_index/resource_index/package_run_dependencies/ur_moveit_config
[0.531s] -- Up-to-date: /home/swaraj/agribot_ur5/real_ur5/install/ur_moveit_config/share/ament_index/resource_index/parent_prefix_path/ur_moveit_config
[0.531s] -- Up-to-date: /home/swaraj/agribot_ur5/real_ur5/install/ur_moveit_config/share/ur_moveit_config/environment/ament_prefix_path.sh
[0.531s] -- Up-to-date: /home/swaraj/agribot_ur5/real_ur5/install/ur_moveit_config/share/ur_moveit_config/environment/ament_prefix_path.dsv
[0.531s] -- Up-to-date: /home/swaraj/agribot_ur5/real_ur5/install/ur_moveit_config/share/ur_moveit_config/environment/path.sh
[0.532s] -- Up-to-date: /home/swaraj/agribot_ur5/real_ur5/install/ur_moveit_config/share/ur_moveit_config/environment/path.dsv
[0.532s] -- Up-to-date: /home/swaraj/agribot_ur5/real_ur5/install/ur_moveit_config/share/ur_moveit_config/local_setup.bash
[0.532s] -- Up-to-date: /home/swaraj/agribot_ur5/real_ur5/install/ur_moveit_config/share/ur_moveit_config/local_setup.sh
[0.532s] -- Up-to-date: /home/swaraj/agribot_ur5/real_ur5/install/ur_moveit_config/share/ur_moveit_config/local_setup.zsh
[0.533s] -- Up-to-date: /home/swaraj/agribot_ur5/real_ur5/install/ur_moveit_config/share/ur_moveit_config/local_setup.dsv
[0.533s] -- Installing: /home/swaraj/agribot_ur5/real_ur5/install/ur_moveit_config/share/ur_moveit_config/package.dsv
[0.533s] -- Up-to-date: /home/swaraj/agribot_ur5/real_ur5/install/ur_moveit_config/share/ament_index/resource_index/packages/ur_moveit_config
[0.533s] -- Up-to-date: /home/swaraj/agribot_ur5/real_ur5/install/ur_moveit_config/share/ur_moveit_config/cmake/ur_moveit_configConfig.cmake
[0.533s] -- Up-to-date: /home/swaraj/agribot_ur5/real_ur5/install/ur_moveit_config/share/ur_moveit_config/cmake/ur_moveit_configConfig-version.cmake
[0.533s] -- Up-to-date: /home/swaraj/agribot_ur5/real_ur5/install/ur_moveit_config/share/ur_moveit_config/package.xml
[0.573s] Invoked command in '/home/swaraj/agribot_ur5/real_ur5/build/ur_moveit_config' returned '0': AMENT_PREFIX_PATH=/home/swaraj/agribot_ur5/real_ur5/install/ur_description:${AMENT_PREFIX_PATH} CMAKE_PREFIX_PATH=/home/swaraj/agribot_ur5/real_ur5/install/ur_description:/opt/ros/humble /usr/bin/cmake --install /home/swaraj/agribot_ur5/real_ur5/build/ur_moveit_config
