[0.056s] Invoking command in '/home/swaraj/agribot_ur5/real_ur5/build/ur_bringup': AMENT_PREFIX_PATH=/home/swaraj/agribot_ur5/real_ur5/install/ur_controllers:/home/swaraj/agribot_ur5/real_ur5/install/ur_description:/home/swaraj/agribot_ur5/real_ur5/install/ur_dashboard_msgs:${AMENT_PREFIX_PATH} CMAKE_PREFIX_PATH=/home/swaraj/agribot_ur5/real_ur5/install/ur_controllers:/home/swaraj/agribot_ur5/real_ur5/install/ur_description:/home/swaraj/agribot_ur5/real_ur5/install/ur_dashboard_msgs:/opt/ros/humble LD_LIBRARY_PATH=/home/swaraj/agribot_ur5/real_ur5/install/ur_controllers/lib:/home/swaraj/agribot_ur5/real_ur5/install/ur_dashboard_msgs/lib:${LD_LIBRARY_PATH} PYTHONPATH=/home/swaraj/agribot_ur5/real_ur5/install/ur_dashboard_msgs/local/lib/python3.10/dist-packages:${PYTHONPATH} /usr/bin/cmake /home/swaraj/agribot_ur5/real_ur5/src/Universal_Robots_ROS2_Driver/ur_bringup -DCMAKE_BUILD_TYPE=Release -DCMAKE_INSTALL_PREFIX=/home/swaraj/agribot_ur5/real_ur5/install/ur_bringup
[0.109s] -- The C compiler identification is GNU 11.4.0
[0.158s] -- The CXX compiler identification is GNU 11.4.0
[0.165s] -- Detecting C compiler ABI info
[0.226s] -- Detecting C compiler ABI info - done
[0.233s] -- Check for working C compiler: /usr/bin/cc - skipped
[0.233s] -- Detecting C compile features
[0.233s] -- Detecting C compile features - done
[0.236s] -- Detecting CXX compiler ABI info
[0.308s] -- Detecting CXX compiler ABI info - done
[0.315s] -- Check for working CXX compiler: /usr/bin/c++ - skipped
[0.315s] -- Detecting CXX compile features
[0.315s] -- Detecting CXX compile features - done
[0.318s] -- Found ament_cmake: 1.3.5 (/opt/ros/humble/share/ament_cmake/cmake)
[0.472s] -- Found Python3: /usr/bin/python3.10 (found version "3.10.12") found components: Interpreter 
[0.644s] -- Configuring done
[0.647s] -- Generating done
[0.647s] -- Build files have been written to: /home/swaraj/agribot_ur5/real_ur5/build/ur_bringup
[0.652s] Invoked command in '/home/swaraj/agribot_ur5/real_ur5/build/ur_bringup' returned '0': AMENT_PREFIX_PATH=/home/swaraj/agribot_ur5/real_ur5/install/ur_controllers:/home/swaraj/agribot_ur5/real_ur5/install/ur_description:/home/swaraj/agribot_ur5/real_ur5/install/ur_dashboard_msgs:${AMENT_PREFIX_PATH} CMAKE_PREFIX_PATH=/home/swaraj/agribot_ur5/real_ur5/install/ur_controllers:/home/swaraj/agribot_ur5/real_ur5/install/ur_description:/home/swaraj/agribot_ur5/real_ur5/install/ur_dashboard_msgs:/opt/ros/humble LD_LIBRARY_PATH=/home/swaraj/agribot_ur5/real_ur5/install/ur_controllers/lib:/home/swaraj/agribot_ur5/real_ur5/install/ur_dashboard_msgs/lib:${LD_LIBRARY_PATH} PYTHONPATH=/home/swaraj/agribot_ur5/real_ur5/install/ur_dashboard_msgs/local/lib/python3.10/dist-packages:${PYTHONPATH} /usr/bin/cmake /home/swaraj/agribot_ur5/real_ur5/src/Universal_Robots_ROS2_Driver/ur_bringup -DCMAKE_BUILD_TYPE=Release -DCMAKE_INSTALL_PREFIX=/home/swaraj/agribot_ur5/real_ur5/install/ur_bringup
[0.653s] Invoking command in '/home/swaraj/agribot_ur5/real_ur5/build/ur_bringup': AMENT_PREFIX_PATH=/home/swaraj/agribot_ur5/real_ur5/install/ur_controllers:/home/swaraj/agribot_ur5/real_ur5/install/ur_description:/home/swaraj/agribot_ur5/real_ur5/install/ur_dashboard_msgs:${AMENT_PREFIX_PATH} CMAKE_PREFIX_PATH=/home/swaraj/agribot_ur5/real_ur5/install/ur_controllers:/home/swaraj/agribot_ur5/real_ur5/install/ur_description:/home/swaraj/agribot_ur5/real_ur5/install/ur_dashboard_msgs:/opt/ros/humble LD_LIBRARY_PATH=/home/swaraj/agribot_ur5/real_ur5/install/ur_controllers/lib:/home/swaraj/agribot_ur5/real_ur5/install/ur_dashboard_msgs/lib:${LD_LIBRARY_PATH} PYTHONPATH=/home/swaraj/agribot_ur5/real_ur5/install/ur_dashboard_msgs/local/lib/python3.10/dist-packages:${PYTHONPATH} /usr/bin/cmake --build /home/swaraj/agribot_ur5/real_ur5/build/ur_bringup -- -j8 -l8
[0.687s] Invoked command in '/home/swaraj/agribot_ur5/real_ur5/build/ur_bringup' returned '0': AMENT_PREFIX_PATH=/home/swaraj/agribot_ur5/real_ur5/install/ur_controllers:/home/swaraj/agribot_ur5/real_ur5/install/ur_description:/home/swaraj/agribot_ur5/real_ur5/install/ur_dashboard_msgs:${AMENT_PREFIX_PATH} CMAKE_PREFIX_PATH=/home/swaraj/agribot_ur5/real_ur5/install/ur_controllers:/home/swaraj/agribot_ur5/real_ur5/install/ur_description:/home/swaraj/agribot_ur5/real_ur5/install/ur_dashboard_msgs:/opt/ros/humble LD_LIBRARY_PATH=/home/swaraj/agribot_ur5/real_ur5/install/ur_controllers/lib:/home/swaraj/agribot_ur5/real_ur5/install/ur_dashboard_msgs/lib:${LD_LIBRARY_PATH} PYTHONPATH=/home/swaraj/agribot_ur5/real_ur5/install/ur_dashboard_msgs/local/lib/python3.10/dist-packages:${PYTHONPATH} /usr/bin/cmake --build /home/swaraj/agribot_ur5/real_ur5/build/ur_bringup -- -j8 -l8
[0.707s] Invoking command in '/home/swaraj/agribot_ur5/real_ur5/build/ur_bringup': AMENT_PREFIX_PATH=/home/swaraj/agribot_ur5/real_ur5/install/ur_controllers:/home/swaraj/agribot_ur5/real_ur5/install/ur_description:/home/swaraj/agribot_ur5/real_ur5/install/ur_dashboard_msgs:${AMENT_PREFIX_PATH} CMAKE_PREFIX_PATH=/home/swaraj/agribot_ur5/real_ur5/install/ur_controllers:/home/swaraj/agribot_ur5/real_ur5/install/ur_description:/home/swaraj/agribot_ur5/real_ur5/install/ur_dashboard_msgs:/opt/ros/humble LD_LIBRARY_PATH=/home/swaraj/agribot_ur5/real_ur5/install/ur_controllers/lib:/home/swaraj/agribot_ur5/real_ur5/install/ur_dashboard_msgs/lib:${LD_LIBRARY_PATH} PYTHONPATH=/home/swaraj/agribot_ur5/real_ur5/install/ur_dashboard_msgs/local/lib/python3.10/dist-packages:${PYTHONPATH} /usr/bin/cmake --install /home/swaraj/agribot_ur5/real_ur5/build/ur_bringup
[0.714s] -- Install configuration: "Release"
[0.714s] -- Installing: /home/swaraj/agribot_ur5/real_ur5/install/ur_bringup/share/ur_bringup/config
[0.714s] -- Installing: /home/swaraj/agribot_ur5/real_ur5/install/ur_bringup/share/ur_bringup/config/ur10e_update_rate.yaml
[0.714s] -- Installing: /home/swaraj/agribot_ur5/real_ur5/install/ur_bringup/share/ur_bringup/config/ur5_update_rate.yaml
[0.715s] -- Installing: /home/swaraj/agribot_ur5/real_ur5/install/ur_bringup/share/ur_bringup/config/ur3_update_rate.yaml
[0.715s] -- Installing: /home/swaraj/agribot_ur5/real_ur5/install/ur_bringup/share/ur_bringup/config/ur3e_update_rate.yaml
[0.715s] -- Installing: /home/swaraj/agribot_ur5/real_ur5/install/ur_bringup/share/ur_bringup/config/test_goal_publishers_config.yaml
[0.715s] -- Installing: /home/swaraj/agribot_ur5/real_ur5/install/ur_bringup/share/ur_bringup/config/test_velocity_goal_publishers_config.yaml
[0.715s] -- Installing: /home/swaraj/agribot_ur5/real_ur5/install/ur_bringup/share/ur_bringup/config/ur5e_update_rate.yaml
[0.715s] -- Installing: /home/swaraj/agribot_ur5/real_ur5/install/ur_bringup/share/ur_bringup/config/ur16e_update_rate.yaml
[0.716s] -- Installing: /home/swaraj/agribot_ur5/real_ur5/install/ur_bringup/share/ur_bringup/config/ur_controllers.yaml
[0.716s] -- Installing: /home/swaraj/agribot_ur5/real_ur5/install/ur_bringup/share/ur_bringup/config/ur10_update_rate.yaml
[0.716s] -- Installing: /home/swaraj/agribot_ur5/real_ur5/install/ur_bringup/share/ur_bringup/launch
[0.716s] -- Installing: /home/swaraj/agribot_ur5/real_ur5/install/ur_bringup/share/ur_bringup/launch/ur10e.launch.py
[0.716s] -- Installing: /home/swaraj/agribot_ur5/real_ur5/install/ur_bringup/share/ur_bringup/launch/test_scaled_joint_trajectory_controller.launch.py
[0.717s] -- Installing: /home/swaraj/agribot_ur5/real_ur5/install/ur_bringup/share/ur_bringup/launch/ur5e.launch.py
[0.717s] -- Installing: /home/swaraj/agribot_ur5/real_ur5/install/ur_bringup/share/ur_bringup/launch/ur16e.launch.py
[0.717s] -- Installing: /home/swaraj/agribot_ur5/real_ur5/install/ur_bringup/share/ur_bringup/launch/ur5.launch.py
[0.717s] -- Installing: /home/swaraj/agribot_ur5/real_ur5/install/ur_bringup/share/ur_bringup/launch/test_forward_velocity_controller.launch.py
[0.718s] -- Installing: /home/swaraj/agribot_ur5/real_ur5/install/ur_bringup/share/ur_bringup/launch/ur3.launch.py
[0.718s] -- Installing: /home/swaraj/agribot_ur5/real_ur5/install/ur_bringup/share/ur_bringup/launch/test_joint_trajectory_controller.launch.py
[0.718s] -- Installing: /home/swaraj/agribot_ur5/real_ur5/install/ur_bringup/share/ur_bringup/launch/ur_control.launch.py
[0.718s] -- Installing: /home/swaraj/agribot_ur5/real_ur5/install/ur_bringup/share/ur_bringup/launch/ur_dashboard_client.launch.py
[0.719s] -- Installing: /home/swaraj/agribot_ur5/real_ur5/install/ur_bringup/share/ur_bringup/launch/ur10.launch.py
[0.719s] -- Installing: /home/swaraj/agribot_ur5/real_ur5/install/ur_bringup/share/ur_bringup/launch/ur3e.launch.py
[0.719s] -- Installing: /home/swaraj/agribot_ur5/real_ur5/install/ur_bringup/lib/ur_bringup/start_ursim.sh
[0.719s] -- Installing: /home/swaraj/agribot_ur5/real_ur5/install/ur_bringup/share/ament_index/resource_index/package_run_dependencies/ur_bringup
[0.720s] -- Installing: /home/swaraj/agribot_ur5/real_ur5/install/ur_bringup/share/ament_index/resource_index/parent_prefix_path/ur_bringup
[0.720s] -- Installing: /home/swaraj/agribot_ur5/real_ur5/install/ur_bringup/share/ur_bringup/environment/ament_prefix_path.sh
[0.720s] -- Installing: /home/swaraj/agribot_ur5/real_ur5/install/ur_bringup/share/ur_bringup/environment/ament_prefix_path.dsv
[0.720s] -- Installing: /home/swaraj/agribot_ur5/real_ur5/install/ur_bringup/share/ur_bringup/environment/path.sh
[0.720s] -- Installing: /home/swaraj/agribot_ur5/real_ur5/install/ur_bringup/share/ur_bringup/environment/path.dsv
[0.720s] -- Installing: /home/swaraj/agribot_ur5/real_ur5/install/ur_bringup/share/ur_bringup/local_setup.bash
[0.720s] -- Installing: /home/swaraj/agribot_ur5/real_ur5/install/ur_bringup/share/ur_bringup/local_setup.sh
[0.721s] -- Installing: /home/swaraj/agribot_ur5/real_ur5/install/ur_bringup/share/ur_bringup/local_setup.zsh
[0.721s] -- Installing: /home/swaraj/agribot_ur5/real_ur5/install/ur_bringup/share/ur_bringup/local_setup.dsv
[0.721s] -- Installing: /home/swaraj/agribot_ur5/real_ur5/install/ur_bringup/share/ur_bringup/package.dsv
[0.721s] -- Installing: /home/swaraj/agribot_ur5/real_ur5/install/ur_bringup/share/ament_index/resource_index/packages/ur_bringup
[0.721s] -- Installing: /home/swaraj/agribot_ur5/real_ur5/install/ur_bringup/share/ur_bringup/cmake/ur_bringupConfig.cmake
[0.721s] -- Installing: /home/swaraj/agribot_ur5/real_ur5/install/ur_bringup/share/ur_bringup/cmake/ur_bringupConfig-version.cmake
[0.721s] -- Installing: /home/swaraj/agribot_ur5/real_ur5/install/ur_bringup/share/ur_bringup/package.xml
[0.723s] Invoked command in '/home/swaraj/agribot_ur5/real_ur5/build/ur_bringup' returned '0': AMENT_PREFIX_PATH=/home/swaraj/agribot_ur5/real_ur5/install/ur_controllers:/home/swaraj/agribot_ur5/real_ur5/install/ur_description:/home/swaraj/agribot_ur5/real_ur5/install/ur_dashboard_msgs:${AMENT_PREFIX_PATH} CMAKE_PREFIX_PATH=/home/swaraj/agribot_ur5/real_ur5/install/ur_controllers:/home/swaraj/agribot_ur5/real_ur5/install/ur_description:/home/swaraj/agribot_ur5/real_ur5/install/ur_dashboard_msgs:/opt/ros/humble LD_LIBRARY_PATH=/home/swaraj/agribot_ur5/real_ur5/install/ur_controllers/lib:/home/swaraj/agribot_ur5/real_ur5/install/ur_dashboard_msgs/lib:${LD_LIBRARY_PATH} PYTHONPATH=/home/swaraj/agribot_ur5/real_ur5/install/ur_dashboard_msgs/local/lib/python3.10/dist-packages:${PYTHONPATH} /usr/bin/cmake --install /home/swaraj/agribot_ur5/real_ur5/build/ur_bringup
