-- The C compiler identification is GNU 11.4.0
-- The CXX compiler identification is GNU 11.4.0
-- Detecting C compiler ABI info
-- Detecting C compiler ABI info - done
-- Check for working C compiler: /usr/bin/cc - skipped
-- Detecting C compile features
-- Detecting C compile features - done
-- Detecting CXX compiler ABI info
-- Detecting CXX compiler ABI info - done
-- Check for working CXX compiler: /usr/bin/c++ - skipped
-- Detecting CXX compile features
-- Detecting CXX compile features - done
-- Found ament_cmake: 1.3.5 (/opt/ros/humble/share/ament_cmake/cmake)
-- Found Python3: /usr/bin/python3.10 (found version "3.10.12") found components: Interpreter 
-- Override CMake install command with custom implementation using symlinks instead of copying resources
-- Found ament_lint_auto: 0.12.8 (/opt/ros/humble/share/ament_lint_auto/cmake)
-- Found rosidl_default_generators: 1.2.0 (/opt/ros/humble/share/rosidl_default_generators/cmake)
-- Using all available rosidl_typesupport_c: rosidl_typesupport_fastrtps_c;rosidl_typesupport_introspection_c
-- Found rosidl_adapter: 3.1.5 (/opt/ros/humble/share/rosidl_adapter/cmake)
-- Using all available rosidl_typesupport_cpp: rosidl_typesupport_fastrtps_cpp;rosidl_typesupport_introspection_cpp
-- Found ament_cmake_ros: 0.10.0 (/opt/ros/humble/share/ament_cmake_ros/cmake)
-- Using all available rosidl_typesupport_c: rosidl_typesupport_fastrtps_c;rosidl_typesupport_introspection_c
-- Using all available rosidl_typesupport_cpp: rosidl_typesupport_fastrtps_cpp;rosidl_typesupport_introspection_cpp
-- Found PythonInterp: /usr/bin/python3 (found suitable version "3.10.12", minimum required is "3.6") 
-- Found python_cmake_module: 0.10.0 (/opt/ros/humble/share/python_cmake_module/cmake)
-- Found PythonLibs: /usr/lib/x86_64-linux-gnu/libpython3.10.so (found suitable version "3.10.12", minimum required is "3.5") 
-- Using PYTHON_EXECUTABLE: /usr/bin/python3
-- Using PYTHON_INCLUDE_DIRS: /usr/include/python3.10
-- Using PYTHON_LIBRARIES: /usr/lib/x86_64-linux-gnu/libpython3.10.so
-- Found PythonExtra: .so  
-- Added test 'copyright' to check source files copyright and LICENSE
-- Added test 'lint_cmake' to check CMake code style
-- Added test 'xmllint' to check XML markup files
-- Configuring done
-- Generating done
-- Build files have been written to: /home/swaraj/agribot_ur5/sim_ur5/build/linkattacher_msgs
[  2%] [34m[1mGenerating C code for ROS interfaces[0m
[  5%] [34m[1mGenerating C++ code for ROS interfaces[0m
[  5%] Built target ament_cmake_python_symlink_linkattacher_msgs
running egg_info
creating linkattacher_msgs.egg-info
writing linkattacher_msgs.egg-info/PKG-INFO
writing dependency_links to linkattacher_msgs.egg-info/dependency_links.txt
writing top-level names to linkattacher_msgs.egg-info/top_level.txt
writing manifest file 'linkattacher_msgs.egg-info/SOURCES.txt'
reading manifest file 'linkattacher_msgs.egg-info/SOURCES.txt'
writing manifest file 'linkattacher_msgs.egg-info/SOURCES.txt'
[  5%] Built target ament_cmake_python_build_linkattacher_msgs_egg
[  7%] [32mBuilding C object CMakeFiles/linkattacher_msgs__rosidl_generator_c.dir/rosidl_generator_c/linkattacher_msgs/srv/detail/detach_link__functions.c.o[0m
[ 10%] [32mBuilding C object CMakeFiles/linkattacher_msgs__rosidl_generator_c.dir/rosidl_generator_c/linkattacher_msgs/srv/detail/attach_link__functions.c.o[0m
[ 12%] [32m[1mLinking C shared library liblinkattacher_msgs__rosidl_generator_c.so[0m
[ 12%] Built target linkattacher_msgs__cpp
[ 15%] [34m[1mGenerating C++ introspection for ROS interfaces[0m
[ 17%] [34m[1mGenerating C++ type support for eProsima Fast-RTPS[0m
[ 20%] [34m[1mGenerating C++ type support dispatch for ROS interfaces[0m
[ 20%] Built target linkattacher_msgs__rosidl_generator_c
[ 23%] [34m[1mGenerating C type support for eProsima Fast-RTPS[0m
[ 25%] [34m[1mGenerating C type support dispatch for ROS interfaces[0m
[ 28%] [34m[1mGenerating C introspection for ROS interfaces[0m
[ 30%] [32mBuilding CXX object CMakeFiles/linkattacher_msgs__rosidl_typesupport_cpp.dir/rosidl_typesupport_cpp/linkattacher_msgs/srv/detach_link__type_support.cpp.o[0m
[ 33%] [32mBuilding CXX object CMakeFiles/linkattacher_msgs__rosidl_typesupport_cpp.dir/rosidl_typesupport_cpp/linkattacher_msgs/srv/attach_link__type_support.cpp.o[0m
[ 35%] [32mBuilding CXX object CMakeFiles/linkattacher_msgs__rosidl_typesupport_c.dir/rosidl_typesupport_c/linkattacher_msgs/srv/attach_link__type_support.cpp.o[0m
[ 38%] [32mBuilding CXX object CMakeFiles/linkattacher_msgs__rosidl_typesupport_c.dir/rosidl_typesupport_c/linkattacher_msgs/srv/detach_link__type_support.cpp.o[0m
[ 41%] [32mBuilding CXX object CMakeFiles/linkattacher_msgs__rosidl_typesupport_fastrtps_c.dir/rosidl_typesupport_fastrtps_c/linkattacher_msgs/srv/detail/attach_link__type_support_c.cpp.o[0m
[ 43%] [32mBuilding CXX object CMakeFiles/linkattacher_msgs__rosidl_typesupport_fastrtps_c.dir/rosidl_typesupport_fastrtps_c/linkattacher_msgs/srv/detail/detach_link__type_support_c.cpp.o[0m
[ 46%] [32m[1mLinking CXX shared library liblinkattacher_msgs__rosidl_typesupport_c.so[0m
[ 48%] [32mBuilding CXX object CMakeFiles/linkattacher_msgs__rosidl_typesupport_fastrtps_cpp.dir/rosidl_typesupport_fastrtps_cpp/linkattacher_msgs/srv/detail/dds_fastrtps/attach_link__type_support.cpp.o[0m
[ 51%] [32mBuilding CXX object CMakeFiles/linkattacher_msgs__rosidl_typesupport_introspection_cpp.dir/rosidl_typesupport_introspection_cpp/linkattacher_msgs/srv/detail/attach_link__type_support.cpp.o[0m
[ 53%] [32mBuilding C object CMakeFiles/linkattacher_msgs__rosidl_typesupport_introspection_c.dir/rosidl_typesupport_introspection_c/linkattacher_msgs/srv/detail/attach_link__type_support.c.o[0m
[ 53%] Built target linkattacher_msgs__rosidl_typesupport_c
[ 56%] [32mBuilding C object CMakeFiles/linkattacher_msgs__rosidl_typesupport_introspection_c.dir/rosidl_typesupport_introspection_c/linkattacher_msgs/srv/detail/detach_link__type_support.c.o[0m
[ 58%] [32mBuilding CXX object CMakeFiles/linkattacher_msgs__rosidl_typesupport_fastrtps_cpp.dir/rosidl_typesupport_fastrtps_cpp/linkattacher_msgs/srv/detail/dds_fastrtps/detach_link__type_support.cpp.o[0m
[ 61%] [32m[1mLinking C shared library liblinkattacher_msgs__rosidl_typesupport_introspection_c.so[0m
[ 61%] Built target linkattacher_msgs__rosidl_typesupport_introspection_c
[ 64%] [32mBuilding CXX object CMakeFiles/linkattacher_msgs__rosidl_typesupport_introspection_cpp.dir/rosidl_typesupport_introspection_cpp/linkattacher_msgs/srv/detail/detach_link__type_support.cpp.o[0m
[ 66%] [32m[1mLinking CXX shared library liblinkattacher_msgs__rosidl_typesupport_cpp.so[0m
[ 66%] Built target linkattacher_msgs__rosidl_typesupport_cpp
[ 69%] [32m[1mLinking CXX shared library liblinkattacher_msgs__rosidl_typesupport_fastrtps_c.so[0m
[ 71%] [32m[1mLinking CXX shared library liblinkattacher_msgs__rosidl_typesupport_fastrtps_cpp.so[0m
[ 74%] [32m[1mLinking CXX shared library liblinkattacher_msgs__rosidl_typesupport_introspection_cpp.so[0m
[ 74%] Built target linkattacher_msgs__rosidl_typesupport_fastrtps_c
[ 74%] Built target linkattacher_msgs__rosidl_typesupport_fastrtps_cpp
[ 74%] Built target linkattacher_msgs__rosidl_typesupport_introspection_cpp
[ 74%] Built target linkattacher_msgs
[ 76%] [34m[1mGenerating Python code for ROS interfaces[0m
[ 76%] Built target linkattacher_msgs__py
[ 79%] [32mBuilding C object CMakeFiles/linkattacher_msgs__rosidl_generator_py.dir/rosidl_generator_py/linkattacher_msgs/srv/_attach_link_s.c.o[0m
[ 82%] [32mBuilding C object CMakeFiles/linkattacher_msgs__rosidl_generator_py.dir/rosidl_generator_py/linkattacher_msgs/srv/_detach_link_s.c.o[0m
[ 84%] [32m[1mLinking C shared library rosidl_generator_py/linkattacher_msgs/liblinkattacher_msgs__rosidl_generator_py.so[0m
[ 84%] Built target linkattacher_msgs__rosidl_generator_py
[ 87%] [32mBuilding C object CMakeFiles/linkattacher_msgs__rosidl_typesupport_c__pyext.dir/rosidl_generator_py/linkattacher_msgs/_linkattacher_msgs_s.ep.rosidl_typesupport_c.c.o[0m
[ 89%] [32mBuilding C object CMakeFiles/linkattacher_msgs__rosidl_typesupport_fastrtps_c__pyext.dir/rosidl_generator_py/linkattacher_msgs/_linkattacher_msgs_s.ep.rosidl_typesupport_fastrtps_c.c.o[0m
[ 92%] [32mBuilding C object CMakeFiles/linkattacher_msgs__rosidl_typesupport_introspection_c__pyext.dir/rosidl_generator_py/linkattacher_msgs/_linkattacher_msgs_s.ep.rosidl_typesupport_introspection_c.c.o[0m
[ 94%] [32m[1mLinking C shared library rosidl_generator_py/linkattacher_msgs/linkattacher_msgs_s__rosidl_typesupport_fastrtps_c.cpython-310-x86_64-linux-gnu.so[0m
[ 97%] [32m[1mLinking C shared library rosidl_generator_py/linkattacher_msgs/linkattacher_msgs_s__rosidl_typesupport_introspection_c.cpython-310-x86_64-linux-gnu.so[0m
[100%] [32m[1mLinking C shared library rosidl_generator_py/linkattacher_msgs/linkattacher_msgs_s__rosidl_typesupport_c.cpython-310-x86_64-linux-gnu.so[0m
[100%] Built target linkattacher_msgs__rosidl_typesupport_introspection_c__pyext
[100%] Built target linkattacher_msgs__rosidl_typesupport_fastrtps_c__pyext
[100%] Built target linkattacher_msgs__rosidl_typesupport_c__pyext
-- Install configuration: ""
-- Execute custom install script
-- Symlinking: /home/swaraj/agribot_ur5/sim_ur5/install/linkattacher_msgs/share/linkattacher_msgs/srv/AttachLink.srv
-- Symlinking: /home/swaraj/agribot_ur5/sim_ur5/install/linkattacher_msgs/share/linkattacher_msgs/srv/DetachLink.srv
-- Symlinking: /home/swaraj/agribot_ur5/sim_ur5/install/linkattacher_msgs/share/ament_index/resource_index/rosidl_interfaces/linkattacher_msgs
-- Symlinking: /home/swaraj/agribot_ur5/sim_ur5/install/linkattacher_msgs/include/linkattacher_msgs/linkattacher_msgs/msg/rosidl_generator_c__visibility_control.h
-- Symlinking: /home/swaraj/agribot_ur5/sim_ur5/install/linkattacher_msgs/include/linkattacher_msgs/linkattacher_msgs/srv/attach_link.h
-- Symlinking: /home/swaraj/agribot_ur5/sim_ur5/install/linkattacher_msgs/include/linkattacher_msgs/linkattacher_msgs/srv/detach_link.h
-- Symlinking: /home/swaraj/agribot_ur5/sim_ur5/install/linkattacher_msgs/include/linkattacher_msgs/linkattacher_msgs/srv/detail/attach_link__functions.h
-- Symlinking: /home/swaraj/agribot_ur5/sim_ur5/install/linkattacher_msgs/include/linkattacher_msgs/linkattacher_msgs/srv/detail/attach_link__struct.h
-- Symlinking: /home/swaraj/agribot_ur5/sim_ur5/install/linkattacher_msgs/include/linkattacher_msgs/linkattacher_msgs/srv/detail/attach_link__type_support.h
-- Symlinking: /home/swaraj/agribot_ur5/sim_ur5/install/linkattacher_msgs/include/linkattacher_msgs/linkattacher_msgs/srv/detail/detach_link__functions.h
-- Symlinking: /home/swaraj/agribot_ur5/sim_ur5/install/linkattacher_msgs/include/linkattacher_msgs/linkattacher_msgs/srv/detail/detach_link__struct.h
-- Symlinking: /home/swaraj/agribot_ur5/sim_ur5/install/linkattacher_msgs/include/linkattacher_msgs/linkattacher_msgs/srv/detail/detach_link__type_support.h
-- Symlinking: /home/swaraj/agribot_ur5/sim_ur5/install/linkattacher_msgs/share/linkattacher_msgs/environment/library_path.sh
-- Symlinking: /home/swaraj/agribot_ur5/sim_ur5/install/linkattacher_msgs/share/linkattacher_msgs/environment/library_path.dsv
-- Symlinking: /home/swaraj/agribot_ur5/sim_ur5/install/linkattacher_msgs/include/linkattacher_msgs/linkattacher_msgs/msg/rosidl_typesupport_fastrtps_c__visibility_control.h
-- Symlinking: /home/swaraj/agribot_ur5/sim_ur5/install/linkattacher_msgs/include/linkattacher_msgs/linkattacher_msgs/srv/detail/attach_link__rosidl_typesupport_fastrtps_c.h
-- Symlinking: /home/swaraj/agribot_ur5/sim_ur5/install/linkattacher_msgs/include/linkattacher_msgs/linkattacher_msgs/srv/detail/detach_link__rosidl_typesupport_fastrtps_c.h
-- Symlinking: /home/swaraj/agribot_ur5/sim_ur5/install/linkattacher_msgs/include/linkattacher_msgs/linkattacher_msgs/msg/rosidl_typesupport_introspection_c__visibility_control.h
-- Symlinking: /home/swaraj/agribot_ur5/sim_ur5/install/linkattacher_msgs/include/linkattacher_msgs/linkattacher_msgs/srv/detail/attach_link__rosidl_typesupport_introspection_c.h
-- Symlinking: /home/swaraj/agribot_ur5/sim_ur5/install/linkattacher_msgs/include/linkattacher_msgs/linkattacher_msgs/srv/detail/detach_link__rosidl_typesupport_introspection_c.h
-- Symlinking: /home/swaraj/agribot_ur5/sim_ur5/install/linkattacher_msgs/include/linkattacher_msgs/linkattacher_msgs/srv/attach_link.hpp
-- Symlinking: /home/swaraj/agribot_ur5/sim_ur5/install/linkattacher_msgs/include/linkattacher_msgs/linkattacher_msgs/srv/detach_link.hpp
-- Symlinking: /home/swaraj/agribot_ur5/sim_ur5/install/linkattacher_msgs/include/linkattacher_msgs/linkattacher_msgs/srv/detail/attach_link__builder.hpp
-- Symlinking: /home/swaraj/agribot_ur5/sim_ur5/install/linkattacher_msgs/include/linkattacher_msgs/linkattacher_msgs/srv/detail/attach_link__struct.hpp
-- Symlinking: /home/swaraj/agribot_ur5/sim_ur5/install/linkattacher_msgs/include/linkattacher_msgs/linkattacher_msgs/srv/detail/attach_link__traits.hpp
-- Symlinking: /home/swaraj/agribot_ur5/sim_ur5/install/linkattacher_msgs/include/linkattacher_msgs/linkattacher_msgs/srv/detail/detach_link__builder.hpp
-- Symlinking: /home/swaraj/agribot_ur5/sim_ur5/install/linkattacher_msgs/include/linkattacher_msgs/linkattacher_msgs/srv/detail/detach_link__struct.hpp
-- Symlinking: /home/swaraj/agribot_ur5/sim_ur5/install/linkattacher_msgs/include/linkattacher_msgs/linkattacher_msgs/srv/detail/detach_link__traits.hpp
-- Symlinking: /home/swaraj/agribot_ur5/sim_ur5/install/linkattacher_msgs/include/linkattacher_msgs/linkattacher_msgs/msg/rosidl_typesupport_fastrtps_cpp__visibility_control.h
-- Symlinking: /home/swaraj/agribot_ur5/sim_ur5/install/linkattacher_msgs/include/linkattacher_msgs/linkattacher_msgs/srv/detail/attach_link__rosidl_typesupport_fastrtps_cpp.hpp
-- Symlinking: /home/swaraj/agribot_ur5/sim_ur5/install/linkattacher_msgs/include/linkattacher_msgs/linkattacher_msgs/srv/detail/detach_link__rosidl_typesupport_fastrtps_cpp.hpp
-- Symlinking: /home/swaraj/agribot_ur5/sim_ur5/install/linkattacher_msgs/include/linkattacher_msgs/linkattacher_msgs/srv/detail/attach_link__rosidl_typesupport_introspection_cpp.hpp
-- Symlinking: /home/swaraj/agribot_ur5/sim_ur5/install/linkattacher_msgs/include/linkattacher_msgs/linkattacher_msgs/srv/detail/detach_link__rosidl_typesupport_introspection_cpp.hpp
-- Symlinking: /home/swaraj/agribot_ur5/sim_ur5/install/linkattacher_msgs/share/linkattacher_msgs/environment/pythonpath.sh
-- Symlinking: /home/swaraj/agribot_ur5/sim_ur5/install/linkattacher_msgs/share/linkattacher_msgs/environment/pythonpath.dsv
-- Symlinking: /home/swaraj/agribot_ur5/sim_ur5/install/linkattacher_msgs/local/lib/python3.10/dist-packages/linkattacher_msgs-0.0.0-py3.10.egg-info/PKG-INFO
-- Symlinking: /home/swaraj/agribot_ur5/sim_ur5/install/linkattacher_msgs/local/lib/python3.10/dist-packages/linkattacher_msgs-0.0.0-py3.10.egg-info/SOURCES.txt
-- Symlinking: /home/swaraj/agribot_ur5/sim_ur5/install/linkattacher_msgs/local/lib/python3.10/dist-packages/linkattacher_msgs-0.0.0-py3.10.egg-info/dependency_links.txt
-- Symlinking: /home/swaraj/agribot_ur5/sim_ur5/install/linkattacher_msgs/local/lib/python3.10/dist-packages/linkattacher_msgs-0.0.0-py3.10.egg-info/top_level.txt
-- Symlinking: /home/swaraj/agribot_ur5/sim_ur5/install/linkattacher_msgs/local/lib/python3.10/dist-packages/linkattacher_msgs/__init__.py
-- Symlinking: /home/swaraj/agribot_ur5/sim_ur5/install/linkattacher_msgs/local/lib/python3.10/dist-packages/linkattacher_msgs/_linkattacher_msgs_s.ep.rosidl_typesupport_c.c
-- Symlinking: /home/swaraj/agribot_ur5/sim_ur5/install/linkattacher_msgs/local/lib/python3.10/dist-packages/linkattacher_msgs/_linkattacher_msgs_s.ep.rosidl_typesupport_fastrtps_c.c
-- Symlinking: /home/swaraj/agribot_ur5/sim_ur5/install/linkattacher_msgs/local/lib/python3.10/dist-packages/linkattacher_msgs/_linkattacher_msgs_s.ep.rosidl_typesupport_introspection_c.c
-- Symlinking: /home/swaraj/agribot_ur5/sim_ur5/install/linkattacher_msgs/local/lib/python3.10/dist-packages/linkattacher_msgs/liblinkattacher_msgs__rosidl_generator_py.so
-- Symlinking: /home/swaraj/agribot_ur5/sim_ur5/install/linkattacher_msgs/local/lib/python3.10/dist-packages/linkattacher_msgs/linkattacher_msgs_s__rosidl_typesupport_c.cpython-310-x86_64-linux-gnu.so
-- Symlinking: /home/swaraj/agribot_ur5/sim_ur5/install/linkattacher_msgs/local/lib/python3.10/dist-packages/linkattacher_msgs/linkattacher_msgs_s__rosidl_typesupport_fastrtps_c.cpython-310-x86_64-linux-gnu.so
-- Symlinking: /home/swaraj/agribot_ur5/sim_ur5/install/linkattacher_msgs/local/lib/python3.10/dist-packages/linkattacher_msgs/linkattacher_msgs_s__rosidl_typesupport_introspection_c.cpython-310-x86_64-linux-gnu.so
-- Symlinking: /home/swaraj/agribot_ur5/sim_ur5/install/linkattacher_msgs/local/lib/python3.10/dist-packages/linkattacher_msgs/srv/__init__.py
-- Symlinking: /home/swaraj/agribot_ur5/sim_ur5/install/linkattacher_msgs/local/lib/python3.10/dist-packages/linkattacher_msgs/srv/_attach_link.py
-- Symlinking: /home/swaraj/agribot_ur5/sim_ur5/install/linkattacher_msgs/local/lib/python3.10/dist-packages/linkattacher_msgs/srv/_attach_link_s.c
-- Symlinking: /home/swaraj/agribot_ur5/sim_ur5/install/linkattacher_msgs/local/lib/python3.10/dist-packages/linkattacher_msgs/srv/_detach_link.py
-- Symlinking: /home/swaraj/agribot_ur5/sim_ur5/install/linkattacher_msgs/local/lib/python3.10/dist-packages/linkattacher_msgs/srv/_detach_link_s.c
-- Up-to-date symlink: /home/swaraj/agribot_ur5/sim_ur5/install/linkattacher_msgs/local/lib/python3.10/dist-packages/linkattacher_msgs/linkattacher_msgs_s__rosidl_typesupport_fastrtps_c.cpython-310-x86_64-linux-gnu.so
-- Up-to-date symlink: /home/swaraj/agribot_ur5/sim_ur5/install/linkattacher_msgs/local/lib/python3.10/dist-packages/linkattacher_msgs/linkattacher_msgs_s__rosidl_typesupport_introspection_c.cpython-310-x86_64-linux-gnu.so
-- Up-to-date symlink: /home/swaraj/agribot_ur5/sim_ur5/install/linkattacher_msgs/local/lib/python3.10/dist-packages/linkattacher_msgs/linkattacher_msgs_s__rosidl_typesupport_c.cpython-310-x86_64-linux-gnu.so
-- Symlinking: /home/swaraj/agribot_ur5/sim_ur5/install/linkattacher_msgs/share/linkattacher_msgs/srv/AttachLink.idl
-- Symlinking: /home/swaraj/agribot_ur5/sim_ur5/install/linkattacher_msgs/share/linkattacher_msgs/srv/DetachLink.idl
-- Up-to-date symlink: /home/swaraj/agribot_ur5/sim_ur5/install/linkattacher_msgs/share/linkattacher_msgs/srv/AttachLink.srv
-- Symlinking: /home/swaraj/agribot_ur5/sim_ur5/install/linkattacher_msgs/share/linkattacher_msgs/srv/AttachLink_Request.msg
-- Symlinking: /home/swaraj/agribot_ur5/sim_ur5/install/linkattacher_msgs/share/linkattacher_msgs/srv/AttachLink_Response.msg
-- Up-to-date symlink: /home/swaraj/agribot_ur5/sim_ur5/install/linkattacher_msgs/share/linkattacher_msgs/srv/DetachLink.srv
-- Symlinking: /home/swaraj/agribot_ur5/sim_ur5/install/linkattacher_msgs/share/linkattacher_msgs/srv/DetachLink_Request.msg
-- Symlinking: /home/swaraj/agribot_ur5/sim_ur5/install/linkattacher_msgs/share/linkattacher_msgs/srv/DetachLink_Response.msg
-- Symlinking: /home/swaraj/agribot_ur5/sim_ur5/install/linkattacher_msgs/share/ament_index/resource_index/package_run_dependencies/linkattacher_msgs
-- Symlinking: /home/swaraj/agribot_ur5/sim_ur5/install/linkattacher_msgs/share/ament_index/resource_index/parent_prefix_path/linkattacher_msgs
-- Symlinking: /home/swaraj/agribot_ur5/sim_ur5/install/linkattacher_msgs/share/linkattacher_msgs/environment/ament_prefix_path.sh
-- Symlinking: /home/swaraj/agribot_ur5/sim_ur5/install/linkattacher_msgs/share/linkattacher_msgs/environment/ament_prefix_path.dsv
-- Symlinking: /home/swaraj/agribot_ur5/sim_ur5/install/linkattacher_msgs/share/linkattacher_msgs/environment/path.sh
-- Symlinking: /home/swaraj/agribot_ur5/sim_ur5/install/linkattacher_msgs/share/linkattacher_msgs/environment/path.dsv
-- Symlinking: /home/swaraj/agribot_ur5/sim_ur5/install/linkattacher_msgs/share/linkattacher_msgs/local_setup.bash
-- Symlinking: /home/swaraj/agribot_ur5/sim_ur5/install/linkattacher_msgs/share/linkattacher_msgs/local_setup.sh
-- Symlinking: /home/swaraj/agribot_ur5/sim_ur5/install/linkattacher_msgs/share/linkattacher_msgs/local_setup.zsh
-- Symlinking: /home/swaraj/agribot_ur5/sim_ur5/install/linkattacher_msgs/share/linkattacher_msgs/local_setup.dsv
-- Symlinking: /home/swaraj/agribot_ur5/sim_ur5/install/linkattacher_msgs/share/linkattacher_msgs/package.dsv
-- Symlinking: /home/swaraj/agribot_ur5/sim_ur5/install/linkattacher_msgs/share/ament_index/resource_index/packages/linkattacher_msgs
-- Symlinking: /home/swaraj/agribot_ur5/sim_ur5/install/linkattacher_msgs/share/linkattacher_msgs/cmake/rosidl_cmake-extras.cmake
-- Symlinking: /home/swaraj/agribot_ur5/sim_ur5/install/linkattacher_msgs/share/linkattacher_msgs/cmake/ament_cmake_export_include_directories-extras.cmake
-- Symlinking: /home/swaraj/agribot_ur5/sim_ur5/install/linkattacher_msgs/share/linkattacher_msgs/cmake/ament_cmake_export_libraries-extras.cmake
-- Symlinking: /home/swaraj/agribot_ur5/sim_ur5/install/linkattacher_msgs/share/linkattacher_msgs/cmake/ament_cmake_export_targets-extras.cmake
-- Symlinking: /home/swaraj/agribot_ur5/sim_ur5/install/linkattacher_msgs/share/linkattacher_msgs/cmake/rosidl_cmake_export_typesupport_targets-extras.cmake
-- Symlinking: /home/swaraj/agribot_ur5/sim_ur5/install/linkattacher_msgs/share/linkattacher_msgs/cmake/ament_cmake_export_dependencies-extras.cmake
-- Symlinking: /home/swaraj/agribot_ur5/sim_ur5/install/linkattacher_msgs/share/linkattacher_msgs/cmake/rosidl_cmake_export_typesupport_libraries-extras.cmake
-- Symlinking: /home/swaraj/agribot_ur5/sim_ur5/install/linkattacher_msgs/share/linkattacher_msgs/cmake/linkattacher_msgsConfig.cmake
-- Symlinking: /home/swaraj/agribot_ur5/sim_ur5/install/linkattacher_msgs/share/linkattacher_msgs/cmake/linkattacher_msgsConfig-version.cmake
-- Symlinking: /home/swaraj/agribot_ur5/sim_ur5/install/linkattacher_msgs/share/linkattacher_msgs/package.xml
-- Installing: /home/swaraj/agribot_ur5/sim_ur5/install/linkattacher_msgs/lib/liblinkattacher_msgs__rosidl_generator_c.so
-- Set runtime path of "/home/swaraj/agribot_ur5/sim_ur5/install/linkattacher_msgs/lib/liblinkattacher_msgs__rosidl_generator_c.so" to ""
-- Installing: /home/swaraj/agribot_ur5/sim_ur5/install/linkattacher_msgs/lib/liblinkattacher_msgs__rosidl_typesupport_fastrtps_c.so
-- Set runtime path of "/home/swaraj/agribot_ur5/sim_ur5/install/linkattacher_msgs/lib/liblinkattacher_msgs__rosidl_typesupport_fastrtps_c.so" to ""
-- Installing: /home/swaraj/agribot_ur5/sim_ur5/install/linkattacher_msgs/lib/liblinkattacher_msgs__rosidl_typesupport_introspection_c.so
-- Set runtime path of "/home/swaraj/agribot_ur5/sim_ur5/install/linkattacher_msgs/lib/liblinkattacher_msgs__rosidl_typesupport_introspection_c.so" to ""
-- Installing: /home/swaraj/agribot_ur5/sim_ur5/install/linkattacher_msgs/lib/liblinkattacher_msgs__rosidl_typesupport_c.so
-- Set runtime path of "/home/swaraj/agribot_ur5/sim_ur5/install/linkattacher_msgs/lib/liblinkattacher_msgs__rosidl_typesupport_c.so" to ""
-- Installing: /home/swaraj/agribot_ur5/sim_ur5/install/linkattacher_msgs/lib/liblinkattacher_msgs__rosidl_typesupport_fastrtps_cpp.so
-- Set runtime path of "/home/swaraj/agribot_ur5/sim_ur5/install/linkattacher_msgs/lib/liblinkattacher_msgs__rosidl_typesupport_fastrtps_cpp.so" to ""
-- Installing: /home/swaraj/agribot_ur5/sim_ur5/install/linkattacher_msgs/lib/liblinkattacher_msgs__rosidl_typesupport_introspection_cpp.so
-- Set runtime path of "/home/swaraj/agribot_ur5/sim_ur5/install/linkattacher_msgs/lib/liblinkattacher_msgs__rosidl_typesupport_introspection_cpp.so" to ""
-- Installing: /home/swaraj/agribot_ur5/sim_ur5/install/linkattacher_msgs/lib/liblinkattacher_msgs__rosidl_typesupport_cpp.so
-- Set runtime path of "/home/swaraj/agribot_ur5/sim_ur5/install/linkattacher_msgs/lib/liblinkattacher_msgs__rosidl_typesupport_cpp.so" to ""
Listing '/home/swaraj/agribot_ur5/sim_ur5/install/linkattacher_msgs/local/lib/python3.10/dist-packages/linkattacher_msgs'...
Compiling '/home/swaraj/agribot_ur5/sim_ur5/install/linkattacher_msgs/local/lib/python3.10/dist-packages/linkattacher_msgs/__init__.py'...
Listing '/home/swaraj/agribot_ur5/sim_ur5/install/linkattacher_msgs/local/lib/python3.10/dist-packages/linkattacher_msgs/srv'...
Compiling '/home/swaraj/agribot_ur5/sim_ur5/install/linkattacher_msgs/local/lib/python3.10/dist-packages/linkattacher_msgs/srv/__init__.py'...
Compiling '/home/swaraj/agribot_ur5/sim_ur5/install/linkattacher_msgs/local/lib/python3.10/dist-packages/linkattacher_msgs/srv/_attach_link.py'...
Compiling '/home/swaraj/agribot_ur5/sim_ur5/install/linkattacher_msgs/local/lib/python3.10/dist-packages/linkattacher_msgs/srv/_detach_link.py'...
-- Installing: /home/swaraj/agribot_ur5/sim_ur5/install/linkattacher_msgs/lib/liblinkattacher_msgs__rosidl_generator_py.so
-- Set runtime path of "/home/swaraj/agribot_ur5/sim_ur5/install/linkattacher_msgs/lib/liblinkattacher_msgs__rosidl_generator_py.so" to ""
-- Installing: /home/swaraj/agribot_ur5/sim_ur5/install/linkattacher_msgs/share/linkattacher_msgs/cmake/export_linkattacher_msgs__rosidl_generator_cExport.cmake
-- Installing: /home/swaraj/agribot_ur5/sim_ur5/install/linkattacher_msgs/share/linkattacher_msgs/cmake/export_linkattacher_msgs__rosidl_generator_cExport-noconfig.cmake
-- Installing: /home/swaraj/agribot_ur5/sim_ur5/install/linkattacher_msgs/share/linkattacher_msgs/cmake/export_linkattacher_msgs__rosidl_typesupport_fastrtps_cExport.cmake
-- Installing: /home/swaraj/agribot_ur5/sim_ur5/install/linkattacher_msgs/share/linkattacher_msgs/cmake/export_linkattacher_msgs__rosidl_typesupport_fastrtps_cExport-noconfig.cmake
-- Installing: /home/swaraj/agribot_ur5/sim_ur5/install/linkattacher_msgs/share/linkattacher_msgs/cmake/linkattacher_msgs__rosidl_typesupport_introspection_cExport.cmake
-- Installing: /home/swaraj/agribot_ur5/sim_ur5/install/linkattacher_msgs/share/linkattacher_msgs/cmake/linkattacher_msgs__rosidl_typesupport_introspection_cExport-noconfig.cmake
-- Installing: /home/swaraj/agribot_ur5/sim_ur5/install/linkattacher_msgs/share/linkattacher_msgs/cmake/linkattacher_msgs__rosidl_typesupport_cExport.cmake
-- Installing: /home/swaraj/agribot_ur5/sim_ur5/install/linkattacher_msgs/share/linkattacher_msgs/cmake/linkattacher_msgs__rosidl_typesupport_cExport-noconfig.cmake
-- Installing: /home/swaraj/agribot_ur5/sim_ur5/install/linkattacher_msgs/share/linkattacher_msgs/cmake/export_linkattacher_msgs__rosidl_generator_cppExport.cmake
-- Installing: /home/swaraj/agribot_ur5/sim_ur5/install/linkattacher_msgs/share/linkattacher_msgs/cmake/export_linkattacher_msgs__rosidl_typesupport_fastrtps_cppExport.cmake
-- Installing: /home/swaraj/agribot_ur5/sim_ur5/install/linkattacher_msgs/share/linkattacher_msgs/cmake/export_linkattacher_msgs__rosidl_typesupport_fastrtps_cppExport-noconfig.cmake
-- Installing: /home/swaraj/agribot_ur5/sim_ur5/install/linkattacher_msgs/share/linkattacher_msgs/cmake/linkattacher_msgs__rosidl_typesupport_introspection_cppExport.cmake
-- Installing: /home/swaraj/agribot_ur5/sim_ur5/install/linkattacher_msgs/share/linkattacher_msgs/cmake/linkattacher_msgs__rosidl_typesupport_introspection_cppExport-noconfig.cmake
-- Installing: /home/swaraj/agribot_ur5/sim_ur5/install/linkattacher_msgs/share/linkattacher_msgs/cmake/linkattacher_msgs__rosidl_typesupport_cppExport.cmake
-- Installing: /home/swaraj/agribot_ur5/sim_ur5/install/linkattacher_msgs/share/linkattacher_msgs/cmake/linkattacher_msgs__rosidl_typesupport_cppExport-noconfig.cmake
-- Installing: /home/swaraj/agribot_ur5/sim_ur5/install/linkattacher_msgs/share/linkattacher_msgs/cmake/export_linkattacher_msgs__rosidl_generator_pyExport.cmake
-- Installing: /home/swaraj/agribot_ur5/sim_ur5/install/linkattacher_msgs/share/linkattacher_msgs/cmake/export_linkattacher_msgs__rosidl_generator_pyExport-noconfig.cmake
