[0.167s] Invoking command in '/home/swaraj/agribot_ur5/sim_ur5/build/linkattacher_msgs': CMAKE_PREFIX_PATH=${CMAKE_PREFIX_PATH}:/opt/ros/humble /usr/bin/cmake /home/swaraj/agribot_ur5/sim_ur5/src/linkattacher_msgs -DAMENT_CMAKE_SYMLINK_INSTALL=1 -DCMAKE_INSTALL_PREFIX=/home/swaraj/agribot_ur5/sim_ur5/install/linkattacher_msgs
[0.235s] -- The C compiler identification is GNU 11.4.0
[0.297s] -- The CXX compiler identification is GNU 11.4.0
[0.304s] -- Detecting C compiler ABI info
[0.385s] -- Detecting C compiler ABI info - done
[0.393s] -- Check for working C compiler: /usr/bin/cc - skipped
[0.393s] -- Detecting C compile features
[0.393s] -- Detecting C compile features - done
[0.396s] -- Detecting CXX compiler ABI info
[0.481s] -- Detecting CXX compiler ABI info - done
[0.489s] -- Check for working CXX compiler: /usr/bin/c++ - skipped
[0.490s] -- Detecting CXX compile features
[0.490s] -- Detecting CXX compile features - done
[0.494s] -- Found ament_cmake: 1.3.5 (/opt/ros/humble/share/ament_cmake/cmake)
[0.687s] -- Found Python3: /usr/bin/python3.10 (found version "3.10.12") found components: Interpreter 
[0.752s] -- Override CMake install command with custom implementation using symlinks instead of copying resources
[0.806s] -- Found ament_lint_auto: 0.12.8 (/opt/ros/humble/share/ament_lint_auto/cmake)
[0.891s] -- Found rosidl_default_generators: 1.2.0 (/opt/ros/humble/share/rosidl_default_generators/cmake)
[0.897s] -- Using all available rosidl_typesupport_c: rosidl_typesupport_fastrtps_c;rosidl_typesupport_introspection_c
[0.905s] -- Found rosidl_adapter: 3.1.5 (/opt/ros/humble/share/rosidl_adapter/cmake)
[0.952s] -- Using all available rosidl_typesupport_cpp: rosidl_typesupport_fastrtps_cpp;rosidl_typesupport_introspection_cpp
[1.189s] -- Found ament_cmake_ros: 0.10.0 (/opt/ros/humble/share/ament_cmake_ros/cmake)
[1.396s] -- Using all available rosidl_typesupport_c: rosidl_typesupport_fastrtps_c;rosidl_typesupport_introspection_c
[1.654s] -- Using all available rosidl_typesupport_cpp: rosidl_typesupport_fastrtps_cpp;rosidl_typesupport_introspection_cpp
[1.683s] -- Found PythonInterp: /usr/bin/python3 (found suitable version "3.10.12", minimum required is "3.6") 
[1.686s] -- Found python_cmake_module: 0.10.0 (/opt/ros/humble/share/python_cmake_module/cmake)
[1.722s] -- Found PythonLibs: /usr/lib/x86_64-linux-gnu/libpython3.10.so (found suitable version "3.10.12", minimum required is "3.5") 
[1.722s] -- Using PYTHON_EXECUTABLE: /usr/bin/python3
[1.722s] -- Using PYTHON_INCLUDE_DIRS: /usr/include/python3.10
[1.722s] -- Using PYTHON_LIBRARIES: /usr/lib/x86_64-linux-gnu/libpython3.10.so
[1.753s] -- Found PythonExtra: .so  
[1.811s] -- Added test 'copyright' to check source files copyright and LICENSE
[1.813s] -- Added test 'lint_cmake' to check CMake code style
[1.815s] -- Added test 'xmllint' to check XML markup files
[1.825s] -- Configuring done
[1.870s] -- Generating done
[1.874s] -- Build files have been written to: /home/swaraj/agribot_ur5/sim_ur5/build/linkattacher_msgs
[1.884s] Invoked command in '/home/swaraj/agribot_ur5/sim_ur5/build/linkattacher_msgs' returned '0': CMAKE_PREFIX_PATH=${CMAKE_PREFIX_PATH}:/opt/ros/humble /usr/bin/cmake /home/swaraj/agribot_ur5/sim_ur5/src/linkattacher_msgs -DAMENT_CMAKE_SYMLINK_INSTALL=1 -DCMAKE_INSTALL_PREFIX=/home/swaraj/agribot_ur5/sim_ur5/install/linkattacher_msgs
[1.886s] Invoking command in '/home/swaraj/agribot_ur5/sim_ur5/build/linkattacher_msgs': CMAKE_PREFIX_PATH=${CMAKE_PREFIX_PATH}:/opt/ros/humble /usr/bin/cmake --build /home/swaraj/agribot_ur5/sim_ur5/build/linkattacher_msgs -- -j8 -l8
[1.934s] [  2%] [34m[1mGenerating C code for ROS interfaces[0m
[1.949s] [  5%] [34m[1mGenerating C++ code for ROS interfaces[0m
[1.960s] [  5%] Built target ament_cmake_python_symlink_linkattacher_msgs
[2.327s] running egg_info
[2.329s] creating linkattacher_msgs.egg-info
[2.329s] writing linkattacher_msgs.egg-info/PKG-INFO
[2.330s] writing dependency_links to linkattacher_msgs.egg-info/dependency_links.txt
[2.330s] writing top-level names to linkattacher_msgs.egg-info/top_level.txt
[2.330s] writing manifest file 'linkattacher_msgs.egg-info/SOURCES.txt'
[2.335s] reading manifest file 'linkattacher_msgs.egg-info/SOURCES.txt'
[2.335s] writing manifest file 'linkattacher_msgs.egg-info/SOURCES.txt'
[2.374s] [  5%] Built target ament_cmake_python_build_linkattacher_msgs_egg
[2.556s] [  7%] [32mBuilding C object CMakeFiles/linkattacher_msgs__rosidl_generator_c.dir/rosidl_generator_c/linkattacher_msgs/srv/detail/detach_link__functions.c.o[0m
[2.556s] [ 10%] [32mBuilding C object CMakeFiles/linkattacher_msgs__rosidl_generator_c.dir/rosidl_generator_c/linkattacher_msgs/srv/detail/attach_link__functions.c.o[0m
[2.663s] [ 12%] [32m[1mLinking C shared library liblinkattacher_msgs__rosidl_generator_c.so[0m
[2.677s] [ 12%] Built target linkattacher_msgs__cpp
[2.691s] [ 15%] [34m[1mGenerating C++ introspection for ROS interfaces[0m
[2.692s] [ 17%] [34m[1mGenerating C++ type support for eProsima Fast-RTPS[0m
[2.694s] [ 20%] [34m[1mGenerating C++ type support dispatch for ROS interfaces[0m
[2.716s] [ 20%] Built target linkattacher_msgs__rosidl_generator_c
[2.731s] [ 23%] [34m[1mGenerating C type support for eProsima Fast-RTPS[0m
[2.731s] [ 25%] [34m[1mGenerating C type support dispatch for ROS interfaces[0m
[2.731s] [ 28%] [34m[1mGenerating C introspection for ROS interfaces[0m
[3.437s] [ 30%] [32mBuilding CXX object CMakeFiles/linkattacher_msgs__rosidl_typesupport_cpp.dir/rosidl_typesupport_cpp/linkattacher_msgs/srv/detach_link__type_support.cpp.o[0m
[3.455s] [ 33%] [32mBuilding CXX object CMakeFiles/linkattacher_msgs__rosidl_typesupport_cpp.dir/rosidl_typesupport_cpp/linkattacher_msgs/srv/attach_link__type_support.cpp.o[0m
[3.467s] [ 35%] [32mBuilding CXX object CMakeFiles/linkattacher_msgs__rosidl_typesupport_c.dir/rosidl_typesupport_c/linkattacher_msgs/srv/attach_link__type_support.cpp.o[0m
[3.469s] [ 38%] [32mBuilding CXX object CMakeFiles/linkattacher_msgs__rosidl_typesupport_c.dir/rosidl_typesupport_c/linkattacher_msgs/srv/detach_link__type_support.cpp.o[0m
[3.552s] [ 41%] [32mBuilding CXX object CMakeFiles/linkattacher_msgs__rosidl_typesupport_fastrtps_c.dir/rosidl_typesupport_fastrtps_c/linkattacher_msgs/srv/detail/attach_link__type_support_c.cpp.o[0m
[3.567s] [ 43%] [32mBuilding CXX object CMakeFiles/linkattacher_msgs__rosidl_typesupport_fastrtps_c.dir/rosidl_typesupport_fastrtps_c/linkattacher_msgs/srv/detail/detach_link__type_support_c.cpp.o[0m
[3.570s] [ 46%] [32m[1mLinking CXX shared library liblinkattacher_msgs__rosidl_typesupport_c.so[0m
[3.576s] [ 48%] [32mBuilding CXX object CMakeFiles/linkattacher_msgs__rosidl_typesupport_fastrtps_cpp.dir/rosidl_typesupport_fastrtps_cpp/linkattacher_msgs/srv/detail/dds_fastrtps/attach_link__type_support.cpp.o[0m
[3.577s] [ 51%] [32mBuilding CXX object CMakeFiles/linkattacher_msgs__rosidl_typesupport_introspection_cpp.dir/rosidl_typesupport_introspection_cpp/linkattacher_msgs/srv/detail/attach_link__type_support.cpp.o[0m
[3.592s] [ 53%] [32mBuilding C object CMakeFiles/linkattacher_msgs__rosidl_typesupport_introspection_c.dir/rosidl_typesupport_introspection_c/linkattacher_msgs/srv/detail/attach_link__type_support.c.o[0m
[3.641s] [ 53%] Built target linkattacher_msgs__rosidl_typesupport_c
[3.655s] [ 56%] [32mBuilding C object CMakeFiles/linkattacher_msgs__rosidl_typesupport_introspection_c.dir/rosidl_typesupport_introspection_c/linkattacher_msgs/srv/detail/detach_link__type_support.c.o[0m
[3.669s] [ 58%] [32mBuilding CXX object CMakeFiles/linkattacher_msgs__rosidl_typesupport_fastrtps_cpp.dir/rosidl_typesupport_fastrtps_cpp/linkattacher_msgs/srv/detail/dds_fastrtps/detach_link__type_support.cpp.o[0m
[3.709s] [ 61%] [32m[1mLinking C shared library liblinkattacher_msgs__rosidl_typesupport_introspection_c.so[0m
[3.810s] [ 61%] Built target linkattacher_msgs__rosidl_typesupport_introspection_c
[3.838s] [ 64%] [32mBuilding CXX object CMakeFiles/linkattacher_msgs__rosidl_typesupport_introspection_cpp.dir/rosidl_typesupport_introspection_cpp/linkattacher_msgs/srv/detail/detach_link__type_support.cpp.o[0m
[4.127s] [ 66%] [32m[1mLinking CXX shared library liblinkattacher_msgs__rosidl_typesupport_cpp.so[0m
[4.237s] [ 66%] Built target linkattacher_msgs__rosidl_typesupport_cpp
[4.401s] [ 69%] [32m[1mLinking CXX shared library liblinkattacher_msgs__rosidl_typesupport_fastrtps_c.so[0m
[4.428s] [ 71%] [32m[1mLinking CXX shared library liblinkattacher_msgs__rosidl_typesupport_fastrtps_cpp.so[0m
[4.465s] [ 74%] [32m[1mLinking CXX shared library liblinkattacher_msgs__rosidl_typesupport_introspection_cpp.so[0m
[4.542s] [ 74%] Built target linkattacher_msgs__rosidl_typesupport_fastrtps_c
[4.554s] [ 74%] Built target linkattacher_msgs__rosidl_typesupport_fastrtps_cpp
[4.575s] [ 74%] Built target linkattacher_msgs__rosidl_typesupport_introspection_cpp
[4.598s] [ 74%] Built target linkattacher_msgs
[4.620s] [ 76%] [34m[1mGenerating Python code for ROS interfaces[0m
[5.485s] [ 76%] Built target linkattacher_msgs__py
[5.511s] [ 79%] [32mBuilding C object CMakeFiles/linkattacher_msgs__rosidl_generator_py.dir/rosidl_generator_py/linkattacher_msgs/srv/_attach_link_s.c.o[0m
[5.512s] [ 82%] [32mBuilding C object CMakeFiles/linkattacher_msgs__rosidl_generator_py.dir/rosidl_generator_py/linkattacher_msgs/srv/_detach_link_s.c.o[0m
[5.694s] [ 84%] [32m[1mLinking C shared library rosidl_generator_py/linkattacher_msgs/liblinkattacher_msgs__rosidl_generator_py.so[0m
[5.742s] [ 84%] Built target linkattacher_msgs__rosidl_generator_py
[5.769s] [ 87%] [32mBuilding C object CMakeFiles/linkattacher_msgs__rosidl_typesupport_c__pyext.dir/rosidl_generator_py/linkattacher_msgs/_linkattacher_msgs_s.ep.rosidl_typesupport_c.c.o[0m
[5.771s] [ 89%] [32mBuilding C object CMakeFiles/linkattacher_msgs__rosidl_typesupport_fastrtps_c__pyext.dir/rosidl_generator_py/linkattacher_msgs/_linkattacher_msgs_s.ep.rosidl_typesupport_fastrtps_c.c.o[0m
[5.772s] [ 92%] [32mBuilding C object CMakeFiles/linkattacher_msgs__rosidl_typesupport_introspection_c__pyext.dir/rosidl_generator_py/linkattacher_msgs/_linkattacher_msgs_s.ep.rosidl_typesupport_introspection_c.c.o[0m
[5.935s] [ 94%] [32m[1mLinking C shared library rosidl_generator_py/linkattacher_msgs/linkattacher_msgs_s__rosidl_typesupport_fastrtps_c.cpython-310-x86_64-linux-gnu.so[0m
[5.938s] [ 97%] [32m[1mLinking C shared library rosidl_generator_py/linkattacher_msgs/linkattacher_msgs_s__rosidl_typesupport_introspection_c.cpython-310-x86_64-linux-gnu.so[0m
[5.947s] [100%] [32m[1mLinking C shared library rosidl_generator_py/linkattacher_msgs/linkattacher_msgs_s__rosidl_typesupport_c.cpython-310-x86_64-linux-gnu.so[0m
[5.994s] [100%] Built target linkattacher_msgs__rosidl_typesupport_introspection_c__pyext
[5.997s] [100%] Built target linkattacher_msgs__rosidl_typesupport_fastrtps_c__pyext
[6.001s] [100%] Built target linkattacher_msgs__rosidl_typesupport_c__pyext
[6.019s] Invoked command in '/home/swaraj/agribot_ur5/sim_ur5/build/linkattacher_msgs' returned '0': CMAKE_PREFIX_PATH=${CMAKE_PREFIX_PATH}:/opt/ros/humble /usr/bin/cmake --build /home/swaraj/agribot_ur5/sim_ur5/build/linkattacher_msgs -- -j8 -l8
[6.135s] Invoking command in '/home/swaraj/agribot_ur5/sim_ur5/build/linkattacher_msgs': CMAKE_PREFIX_PATH=${CMAKE_PREFIX_PATH}:/opt/ros/humble /usr/bin/cmake --install /home/swaraj/agribot_ur5/sim_ur5/build/linkattacher_msgs
[6.144s] -- Install configuration: ""
[6.144s] -- Execute custom install script
[6.144s] -- Symlinking: /home/swaraj/agribot_ur5/sim_ur5/install/linkattacher_msgs/share/linkattacher_msgs/srv/AttachLink.srv
[6.155s] -- Symlinking: /home/swaraj/agribot_ur5/sim_ur5/install/linkattacher_msgs/share/linkattacher_msgs/srv/DetachLink.srv
[6.169s] -- Symlinking: /home/swaraj/agribot_ur5/sim_ur5/install/linkattacher_msgs/share/ament_index/resource_index/rosidl_interfaces/linkattacher_msgs
[6.181s] -- Symlinking: /home/swaraj/agribot_ur5/sim_ur5/install/linkattacher_msgs/include/linkattacher_msgs/linkattacher_msgs/msg/rosidl_generator_c__visibility_control.h
[6.191s] -- Symlinking: /home/swaraj/agribot_ur5/sim_ur5/install/linkattacher_msgs/include/linkattacher_msgs/linkattacher_msgs/srv/attach_link.h
[6.201s] -- Symlinking: /home/swaraj/agribot_ur5/sim_ur5/install/linkattacher_msgs/include/linkattacher_msgs/linkattacher_msgs/srv/detach_link.h
[6.211s] -- Symlinking: /home/swaraj/agribot_ur5/sim_ur5/install/linkattacher_msgs/include/linkattacher_msgs/linkattacher_msgs/srv/detail/attach_link__functions.h
[6.223s] -- Symlinking: /home/swaraj/agribot_ur5/sim_ur5/install/linkattacher_msgs/include/linkattacher_msgs/linkattacher_msgs/srv/detail/attach_link__struct.h
[6.232s] -- Symlinking: /home/swaraj/agribot_ur5/sim_ur5/install/linkattacher_msgs/include/linkattacher_msgs/linkattacher_msgs/srv/detail/attach_link__type_support.h
[6.243s] -- Symlinking: /home/swaraj/agribot_ur5/sim_ur5/install/linkattacher_msgs/include/linkattacher_msgs/linkattacher_msgs/srv/detail/detach_link__functions.h
[6.253s] -- Symlinking: /home/swaraj/agribot_ur5/sim_ur5/install/linkattacher_msgs/include/linkattacher_msgs/linkattacher_msgs/srv/detail/detach_link__struct.h
[6.264s] -- Symlinking: /home/swaraj/agribot_ur5/sim_ur5/install/linkattacher_msgs/include/linkattacher_msgs/linkattacher_msgs/srv/detail/detach_link__type_support.h
[6.275s] -- Symlinking: /home/swaraj/agribot_ur5/sim_ur5/install/linkattacher_msgs/share/linkattacher_msgs/environment/library_path.sh
[6.286s] -- Symlinking: /home/swaraj/agribot_ur5/sim_ur5/install/linkattacher_msgs/share/linkattacher_msgs/environment/library_path.dsv
[6.297s] -- Symlinking: /home/swaraj/agribot_ur5/sim_ur5/install/linkattacher_msgs/include/linkattacher_msgs/linkattacher_msgs/msg/rosidl_typesupport_fastrtps_c__visibility_control.h
[6.307s] -- Symlinking: /home/swaraj/agribot_ur5/sim_ur5/install/linkattacher_msgs/include/linkattacher_msgs/linkattacher_msgs/srv/detail/attach_link__rosidl_typesupport_fastrtps_c.h
[6.317s] -- Symlinking: /home/swaraj/agribot_ur5/sim_ur5/install/linkattacher_msgs/include/linkattacher_msgs/linkattacher_msgs/srv/detail/detach_link__rosidl_typesupport_fastrtps_c.h
[6.327s] -- Symlinking: /home/swaraj/agribot_ur5/sim_ur5/install/linkattacher_msgs/include/linkattacher_msgs/linkattacher_msgs/msg/rosidl_typesupport_introspection_c__visibility_control.h
[6.336s] -- Symlinking: /home/swaraj/agribot_ur5/sim_ur5/install/linkattacher_msgs/include/linkattacher_msgs/linkattacher_msgs/srv/detail/attach_link__rosidl_typesupport_introspection_c.h
[6.346s] -- Symlinking: /home/swaraj/agribot_ur5/sim_ur5/install/linkattacher_msgs/include/linkattacher_msgs/linkattacher_msgs/srv/detail/detach_link__rosidl_typesupport_introspection_c.h
[6.357s] -- Symlinking: /home/swaraj/agribot_ur5/sim_ur5/install/linkattacher_msgs/include/linkattacher_msgs/linkattacher_msgs/srv/attach_link.hpp
[6.366s] -- Symlinking: /home/swaraj/agribot_ur5/sim_ur5/install/linkattacher_msgs/include/linkattacher_msgs/linkattacher_msgs/srv/detach_link.hpp
[6.377s] -- Symlinking: /home/swaraj/agribot_ur5/sim_ur5/install/linkattacher_msgs/include/linkattacher_msgs/linkattacher_msgs/srv/detail/attach_link__builder.hpp
[6.388s] -- Symlinking: /home/swaraj/agribot_ur5/sim_ur5/install/linkattacher_msgs/include/linkattacher_msgs/linkattacher_msgs/srv/detail/attach_link__struct.hpp
[6.399s] -- Symlinking: /home/swaraj/agribot_ur5/sim_ur5/install/linkattacher_msgs/include/linkattacher_msgs/linkattacher_msgs/srv/detail/attach_link__traits.hpp
[6.409s] -- Symlinking: /home/swaraj/agribot_ur5/sim_ur5/install/linkattacher_msgs/include/linkattacher_msgs/linkattacher_msgs/srv/detail/detach_link__builder.hpp
[6.420s] -- Symlinking: /home/swaraj/agribot_ur5/sim_ur5/install/linkattacher_msgs/include/linkattacher_msgs/linkattacher_msgs/srv/detail/detach_link__struct.hpp
[6.430s] -- Symlinking: /home/swaraj/agribot_ur5/sim_ur5/install/linkattacher_msgs/include/linkattacher_msgs/linkattacher_msgs/srv/detail/detach_link__traits.hpp
[6.441s] -- Symlinking: /home/swaraj/agribot_ur5/sim_ur5/install/linkattacher_msgs/include/linkattacher_msgs/linkattacher_msgs/msg/rosidl_typesupport_fastrtps_cpp__visibility_control.h
[6.452s] -- Symlinking: /home/swaraj/agribot_ur5/sim_ur5/install/linkattacher_msgs/include/linkattacher_msgs/linkattacher_msgs/srv/detail/attach_link__rosidl_typesupport_fastrtps_cpp.hpp
[6.463s] -- Symlinking: /home/swaraj/agribot_ur5/sim_ur5/install/linkattacher_msgs/include/linkattacher_msgs/linkattacher_msgs/srv/detail/detach_link__rosidl_typesupport_fastrtps_cpp.hpp
[6.473s] -- Symlinking: /home/swaraj/agribot_ur5/sim_ur5/install/linkattacher_msgs/include/linkattacher_msgs/linkattacher_msgs/srv/detail/attach_link__rosidl_typesupport_introspection_cpp.hpp
[6.485s] -- Symlinking: /home/swaraj/agribot_ur5/sim_ur5/install/linkattacher_msgs/include/linkattacher_msgs/linkattacher_msgs/srv/detail/detach_link__rosidl_typesupport_introspection_cpp.hpp
[6.495s] -- Symlinking: /home/swaraj/agribot_ur5/sim_ur5/install/linkattacher_msgs/share/linkattacher_msgs/environment/pythonpath.sh
[6.506s] -- Symlinking: /home/swaraj/agribot_ur5/sim_ur5/install/linkattacher_msgs/share/linkattacher_msgs/environment/pythonpath.dsv
[6.517s] -- Symlinking: /home/swaraj/agribot_ur5/sim_ur5/install/linkattacher_msgs/local/lib/python3.10/dist-packages/linkattacher_msgs-0.0.0-py3.10.egg-info/PKG-INFO
[6.527s] -- Symlinking: /home/swaraj/agribot_ur5/sim_ur5/install/linkattacher_msgs/local/lib/python3.10/dist-packages/linkattacher_msgs-0.0.0-py3.10.egg-info/SOURCES.txt
[6.537s] -- Symlinking: /home/swaraj/agribot_ur5/sim_ur5/install/linkattacher_msgs/local/lib/python3.10/dist-packages/linkattacher_msgs-0.0.0-py3.10.egg-info/dependency_links.txt
[6.547s] -- Symlinking: /home/swaraj/agribot_ur5/sim_ur5/install/linkattacher_msgs/local/lib/python3.10/dist-packages/linkattacher_msgs-0.0.0-py3.10.egg-info/top_level.txt
[6.558s] -- Symlinking: /home/swaraj/agribot_ur5/sim_ur5/install/linkattacher_msgs/local/lib/python3.10/dist-packages/linkattacher_msgs/__init__.py
[6.577s] -- Symlinking: /home/swaraj/agribot_ur5/sim_ur5/install/linkattacher_msgs/local/lib/python3.10/dist-packages/linkattacher_msgs/_linkattacher_msgs_s.ep.rosidl_typesupport_c.c
[6.589s] -- Symlinking: /home/swaraj/agribot_ur5/sim_ur5/install/linkattacher_msgs/local/lib/python3.10/dist-packages/linkattacher_msgs/_linkattacher_msgs_s.ep.rosidl_typesupport_fastrtps_c.c
[6.601s] -- Symlinking: /home/swaraj/agribot_ur5/sim_ur5/install/linkattacher_msgs/local/lib/python3.10/dist-packages/linkattacher_msgs/_linkattacher_msgs_s.ep.rosidl_typesupport_introspection_c.c
[6.612s] -- Symlinking: /home/swaraj/agribot_ur5/sim_ur5/install/linkattacher_msgs/local/lib/python3.10/dist-packages/linkattacher_msgs/liblinkattacher_msgs__rosidl_generator_py.so
[6.624s] -- Symlinking: /home/swaraj/agribot_ur5/sim_ur5/install/linkattacher_msgs/local/lib/python3.10/dist-packages/linkattacher_msgs/linkattacher_msgs_s__rosidl_typesupport_c.cpython-310-x86_64-linux-gnu.so
[6.635s] -- Symlinking: /home/swaraj/agribot_ur5/sim_ur5/install/linkattacher_msgs/local/lib/python3.10/dist-packages/linkattacher_msgs/linkattacher_msgs_s__rosidl_typesupport_fastrtps_c.cpython-310-x86_64-linux-gnu.so
[6.645s] -- Symlinking: /home/swaraj/agribot_ur5/sim_ur5/install/linkattacher_msgs/local/lib/python3.10/dist-packages/linkattacher_msgs/linkattacher_msgs_s__rosidl_typesupport_introspection_c.cpython-310-x86_64-linux-gnu.so
[6.656s] -- Symlinking: /home/swaraj/agribot_ur5/sim_ur5/install/linkattacher_msgs/local/lib/python3.10/dist-packages/linkattacher_msgs/srv/__init__.py
[6.666s] -- Symlinking: /home/swaraj/agribot_ur5/sim_ur5/install/linkattacher_msgs/local/lib/python3.10/dist-packages/linkattacher_msgs/srv/_attach_link.py
[6.677s] -- Symlinking: /home/swaraj/agribot_ur5/sim_ur5/install/linkattacher_msgs/local/lib/python3.10/dist-packages/linkattacher_msgs/srv/_attach_link_s.c
[6.688s] -- Symlinking: /home/swaraj/agribot_ur5/sim_ur5/install/linkattacher_msgs/local/lib/python3.10/dist-packages/linkattacher_msgs/srv/_detach_link.py
[6.698s] -- Symlinking: /home/swaraj/agribot_ur5/sim_ur5/install/linkattacher_msgs/local/lib/python3.10/dist-packages/linkattacher_msgs/srv/_detach_link_s.c
[6.709s] -- Up-to-date symlink: /home/swaraj/agribot_ur5/sim_ur5/install/linkattacher_msgs/local/lib/python3.10/dist-packages/linkattacher_msgs/linkattacher_msgs_s__rosidl_typesupport_fastrtps_c.cpython-310-x86_64-linux-gnu.so
[6.709s] -- Up-to-date symlink: /home/swaraj/agribot_ur5/sim_ur5/install/linkattacher_msgs/local/lib/python3.10/dist-packages/linkattacher_msgs/linkattacher_msgs_s__rosidl_typesupport_introspection_c.cpython-310-x86_64-linux-gnu.so
[6.709s] -- Up-to-date symlink: /home/swaraj/agribot_ur5/sim_ur5/install/linkattacher_msgs/local/lib/python3.10/dist-packages/linkattacher_msgs/linkattacher_msgs_s__rosidl_typesupport_c.cpython-310-x86_64-linux-gnu.so
[6.709s] -- Symlinking: /home/swaraj/agribot_ur5/sim_ur5/install/linkattacher_msgs/share/linkattacher_msgs/srv/AttachLink.idl
[6.720s] -- Symlinking: /home/swaraj/agribot_ur5/sim_ur5/install/linkattacher_msgs/share/linkattacher_msgs/srv/DetachLink.idl
[6.730s] -- Up-to-date symlink: /home/swaraj/agribot_ur5/sim_ur5/install/linkattacher_msgs/share/linkattacher_msgs/srv/AttachLink.srv
[6.731s] -- Symlinking: /home/swaraj/agribot_ur5/sim_ur5/install/linkattacher_msgs/share/linkattacher_msgs/srv/AttachLink_Request.msg
[6.741s] -- Symlinking: /home/swaraj/agribot_ur5/sim_ur5/install/linkattacher_msgs/share/linkattacher_msgs/srv/AttachLink_Response.msg
[6.753s] -- Up-to-date symlink: /home/swaraj/agribot_ur5/sim_ur5/install/linkattacher_msgs/share/linkattacher_msgs/srv/DetachLink.srv
[6.753s] -- Symlinking: /home/swaraj/agribot_ur5/sim_ur5/install/linkattacher_msgs/share/linkattacher_msgs/srv/DetachLink_Request.msg
[6.764s] -- Symlinking: /home/swaraj/agribot_ur5/sim_ur5/install/linkattacher_msgs/share/linkattacher_msgs/srv/DetachLink_Response.msg
[6.775s] -- Symlinking: /home/swaraj/agribot_ur5/sim_ur5/install/linkattacher_msgs/share/ament_index/resource_index/package_run_dependencies/linkattacher_msgs
[6.787s] -- Symlinking: /home/swaraj/agribot_ur5/sim_ur5/install/linkattacher_msgs/share/ament_index/resource_index/parent_prefix_path/linkattacher_msgs
[6.801s] -- Symlinking: /home/swaraj/agribot_ur5/sim_ur5/install/linkattacher_msgs/share/linkattacher_msgs/environment/ament_prefix_path.sh
[6.813s] -- Symlinking: /home/swaraj/agribot_ur5/sim_ur5/install/linkattacher_msgs/share/linkattacher_msgs/environment/ament_prefix_path.dsv
[6.824s] -- Symlinking: /home/swaraj/agribot_ur5/sim_ur5/install/linkattacher_msgs/share/linkattacher_msgs/environment/path.sh
[6.838s] -- Symlinking: /home/swaraj/agribot_ur5/sim_ur5/install/linkattacher_msgs/share/linkattacher_msgs/environment/path.dsv
[6.851s] -- Symlinking: /home/swaraj/agribot_ur5/sim_ur5/install/linkattacher_msgs/share/linkattacher_msgs/local_setup.bash
[6.861s] -- Symlinking: /home/swaraj/agribot_ur5/sim_ur5/install/linkattacher_msgs/share/linkattacher_msgs/local_setup.sh
[6.872s] -- Symlinking: /home/swaraj/agribot_ur5/sim_ur5/install/linkattacher_msgs/share/linkattacher_msgs/local_setup.zsh
[6.883s] -- Symlinking: /home/swaraj/agribot_ur5/sim_ur5/install/linkattacher_msgs/share/linkattacher_msgs/local_setup.dsv
[6.894s] -- Symlinking: /home/swaraj/agribot_ur5/sim_ur5/install/linkattacher_msgs/share/linkattacher_msgs/package.dsv
[6.905s] -- Symlinking: /home/swaraj/agribot_ur5/sim_ur5/install/linkattacher_msgs/share/ament_index/resource_index/packages/linkattacher_msgs
[6.916s] -- Symlinking: /home/swaraj/agribot_ur5/sim_ur5/install/linkattacher_msgs/share/linkattacher_msgs/cmake/rosidl_cmake-extras.cmake
[6.926s] -- Symlinking: /home/swaraj/agribot_ur5/sim_ur5/install/linkattacher_msgs/share/linkattacher_msgs/cmake/ament_cmake_export_include_directories-extras.cmake
[6.936s] -- Symlinking: /home/swaraj/agribot_ur5/sim_ur5/install/linkattacher_msgs/share/linkattacher_msgs/cmake/ament_cmake_export_libraries-extras.cmake
[6.946s] -- Symlinking: /home/swaraj/agribot_ur5/sim_ur5/install/linkattacher_msgs/share/linkattacher_msgs/cmake/ament_cmake_export_targets-extras.cmake
[6.958s] -- Symlinking: /home/swaraj/agribot_ur5/sim_ur5/install/linkattacher_msgs/share/linkattacher_msgs/cmake/rosidl_cmake_export_typesupport_targets-extras.cmake
[6.969s] -- Symlinking: /home/swaraj/agribot_ur5/sim_ur5/install/linkattacher_msgs/share/linkattacher_msgs/cmake/ament_cmake_export_dependencies-extras.cmake
[6.981s] -- Symlinking: /home/swaraj/agribot_ur5/sim_ur5/install/linkattacher_msgs/share/linkattacher_msgs/cmake/rosidl_cmake_export_typesupport_libraries-extras.cmake
[6.993s] -- Symlinking: /home/swaraj/agribot_ur5/sim_ur5/install/linkattacher_msgs/share/linkattacher_msgs/cmake/linkattacher_msgsConfig.cmake
[7.008s] -- Symlinking: /home/swaraj/agribot_ur5/sim_ur5/install/linkattacher_msgs/share/linkattacher_msgs/cmake/linkattacher_msgsConfig-version.cmake
[7.020s] -- Symlinking: /home/swaraj/agribot_ur5/sim_ur5/install/linkattacher_msgs/share/linkattacher_msgs/package.xml
[7.031s] -- Installing: /home/swaraj/agribot_ur5/sim_ur5/install/linkattacher_msgs/lib/liblinkattacher_msgs__rosidl_generator_c.so
[7.031s] -- Set runtime path of "/home/swaraj/agribot_ur5/sim_ur5/install/linkattacher_msgs/lib/liblinkattacher_msgs__rosidl_generator_c.so" to ""
[7.031s] -- Installing: /home/swaraj/agribot_ur5/sim_ur5/install/linkattacher_msgs/lib/liblinkattacher_msgs__rosidl_typesupport_fastrtps_c.so
[7.032s] -- Set runtime path of "/home/swaraj/agribot_ur5/sim_ur5/install/linkattacher_msgs/lib/liblinkattacher_msgs__rosidl_typesupport_fastrtps_c.so" to ""
[7.032s] -- Installing: /home/swaraj/agribot_ur5/sim_ur5/install/linkattacher_msgs/lib/liblinkattacher_msgs__rosidl_typesupport_introspection_c.so
[7.032s] -- Set runtime path of "/home/swaraj/agribot_ur5/sim_ur5/install/linkattacher_msgs/lib/liblinkattacher_msgs__rosidl_typesupport_introspection_c.so" to ""
[7.032s] -- Installing: /home/swaraj/agribot_ur5/sim_ur5/install/linkattacher_msgs/lib/liblinkattacher_msgs__rosidl_typesupport_c.so
[7.033s] -- Set runtime path of "/home/swaraj/agribot_ur5/sim_ur5/install/linkattacher_msgs/lib/liblinkattacher_msgs__rosidl_typesupport_c.so" to ""
[7.033s] -- Installing: /home/swaraj/agribot_ur5/sim_ur5/install/linkattacher_msgs/lib/liblinkattacher_msgs__rosidl_typesupport_fastrtps_cpp.so
[7.033s] -- Set runtime path of "/home/swaraj/agribot_ur5/sim_ur5/install/linkattacher_msgs/lib/liblinkattacher_msgs__rosidl_typesupport_fastrtps_cpp.so" to ""
[7.033s] -- Installing: /home/swaraj/agribot_ur5/sim_ur5/install/linkattacher_msgs/lib/liblinkattacher_msgs__rosidl_typesupport_introspection_cpp.so
[7.034s] -- Set runtime path of "/home/swaraj/agribot_ur5/sim_ur5/install/linkattacher_msgs/lib/liblinkattacher_msgs__rosidl_typesupport_introspection_cpp.so" to ""
[7.034s] -- Installing: /home/swaraj/agribot_ur5/sim_ur5/install/linkattacher_msgs/lib/liblinkattacher_msgs__rosidl_typesupport_cpp.so
[7.035s] -- Set runtime path of "/home/swaraj/agribot_ur5/sim_ur5/install/linkattacher_msgs/lib/liblinkattacher_msgs__rosidl_typesupport_cpp.so" to ""
[7.072s] Listing '/home/swaraj/agribot_ur5/sim_ur5/install/linkattacher_msgs/local/lib/python3.10/dist-packages/linkattacher_msgs'...
[7.072s] Compiling '/home/swaraj/agribot_ur5/sim_ur5/install/linkattacher_msgs/local/lib/python3.10/dist-packages/linkattacher_msgs/__init__.py'...
[7.072s] Listing '/home/swaraj/agribot_ur5/sim_ur5/install/linkattacher_msgs/local/lib/python3.10/dist-packages/linkattacher_msgs/srv'...
[7.072s] Compiling '/home/swaraj/agribot_ur5/sim_ur5/install/linkattacher_msgs/local/lib/python3.10/dist-packages/linkattacher_msgs/srv/__init__.py'...
[7.072s] Compiling '/home/swaraj/agribot_ur5/sim_ur5/install/linkattacher_msgs/local/lib/python3.10/dist-packages/linkattacher_msgs/srv/_attach_link.py'...
[7.072s] Compiling '/home/swaraj/agribot_ur5/sim_ur5/install/linkattacher_msgs/local/lib/python3.10/dist-packages/linkattacher_msgs/srv/_detach_link.py'...
[7.078s] -- Installing: /home/swaraj/agribot_ur5/sim_ur5/install/linkattacher_msgs/lib/liblinkattacher_msgs__rosidl_generator_py.so
[7.079s] -- Set runtime path of "/home/swaraj/agribot_ur5/sim_ur5/install/linkattacher_msgs/lib/liblinkattacher_msgs__rosidl_generator_py.so" to ""
[7.079s] -- Installing: /home/swaraj/agribot_ur5/sim_ur5/install/linkattacher_msgs/share/linkattacher_msgs/cmake/export_linkattacher_msgs__rosidl_generator_cExport.cmake
[7.079s] -- Installing: /home/swaraj/agribot_ur5/sim_ur5/install/linkattacher_msgs/share/linkattacher_msgs/cmake/export_linkattacher_msgs__rosidl_generator_cExport-noconfig.cmake
[7.079s] -- Installing: /home/swaraj/agribot_ur5/sim_ur5/install/linkattacher_msgs/share/linkattacher_msgs/cmake/export_linkattacher_msgs__rosidl_typesupport_fastrtps_cExport.cmake
[7.079s] -- Installing: /home/swaraj/agribot_ur5/sim_ur5/install/linkattacher_msgs/share/linkattacher_msgs/cmake/export_linkattacher_msgs__rosidl_typesupport_fastrtps_cExport-noconfig.cmake
[7.080s] -- Installing: /home/swaraj/agribot_ur5/sim_ur5/install/linkattacher_msgs/share/linkattacher_msgs/cmake/linkattacher_msgs__rosidl_typesupport_introspection_cExport.cmake
[7.080s] -- Installing: /home/swaraj/agribot_ur5/sim_ur5/install/linkattacher_msgs/share/linkattacher_msgs/cmake/linkattacher_msgs__rosidl_typesupport_introspection_cExport-noconfig.cmake
[7.080s] -- Installing: /home/swaraj/agribot_ur5/sim_ur5/install/linkattacher_msgs/share/linkattacher_msgs/cmake/linkattacher_msgs__rosidl_typesupport_cExport.cmake
[7.080s] -- Installing: /home/swaraj/agribot_ur5/sim_ur5/install/linkattacher_msgs/share/linkattacher_msgs/cmake/linkattacher_msgs__rosidl_typesupport_cExport-noconfig.cmake
[7.080s] -- Installing: /home/swaraj/agribot_ur5/sim_ur5/install/linkattacher_msgs/share/linkattacher_msgs/cmake/export_linkattacher_msgs__rosidl_generator_cppExport.cmake
[7.080s] -- Installing: /home/swaraj/agribot_ur5/sim_ur5/install/linkattacher_msgs/share/linkattacher_msgs/cmake/export_linkattacher_msgs__rosidl_typesupport_fastrtps_cppExport.cmake
[7.081s] -- Installing: /home/swaraj/agribot_ur5/sim_ur5/install/linkattacher_msgs/share/linkattacher_msgs/cmake/export_linkattacher_msgs__rosidl_typesupport_fastrtps_cppExport-noconfig.cmake
[7.081s] -- Installing: /home/swaraj/agribot_ur5/sim_ur5/install/linkattacher_msgs/share/linkattacher_msgs/cmake/linkattacher_msgs__rosidl_typesupport_introspection_cppExport.cmake
[7.081s] -- Installing: /home/swaraj/agribot_ur5/sim_ur5/install/linkattacher_msgs/share/linkattacher_msgs/cmake/linkattacher_msgs__rosidl_typesupport_introspection_cppExport-noconfig.cmake
[7.081s] -- Installing: /home/swaraj/agribot_ur5/sim_ur5/install/linkattacher_msgs/share/linkattacher_msgs/cmake/linkattacher_msgs__rosidl_typesupport_cppExport.cmake
[7.082s] -- Installing: /home/swaraj/agribot_ur5/sim_ur5/install/linkattacher_msgs/share/linkattacher_msgs/cmake/linkattacher_msgs__rosidl_typesupport_cppExport-noconfig.cmake
[7.082s] -- Installing: /home/swaraj/agribot_ur5/sim_ur5/install/linkattacher_msgs/share/linkattacher_msgs/cmake/export_linkattacher_msgs__rosidl_generator_pyExport.cmake
[7.082s] -- Installing: /home/swaraj/agribot_ur5/sim_ur5/install/linkattacher_msgs/share/linkattacher_msgs/cmake/export_linkattacher_msgs__rosidl_generator_pyExport-noconfig.cmake
[7.085s] Invoked command in '/home/swaraj/agribot_ur5/sim_ur5/build/linkattacher_msgs' returned '0': CMAKE_PREFIX_PATH=${CMAKE_PREFIX_PATH}:/opt/ros/humble /usr/bin/cmake --install /home/swaraj/agribot_ur5/sim_ur5/build/linkattacher_msgs
