[35m[1mConsolidate compiler generated dependencies of target linkattacher_msgs__rosidl_generator_c[0m
[  2%] Built target linkattacher_msgs__cpp
[ 12%] Built target linkattacher_msgs__rosidl_generator_c
[ 12%] Built target ament_cmake_python_symlink_linkattacher_msgs
[35m[1mConsolidate compiler generated dependencies of target linkattacher_msgs__rosidl_typesupport_cpp[0m
[35m[1mConsolidate compiler generated dependencies of target linkattacher_msgs__rosidl_typesupport_introspection_cpp[0m
[35m[1mConsolidate compiler generated dependencies of target linkattacher_msgs__rosidl_typesupport_introspection_c[0m
[35m[1mConsolidate compiler generated dependencies of target linkattacher_msgs__rosidl_typesupport_fastrtps_c[0m
[35m[1mConsolidate compiler generated dependencies of target linkattacher_msgs__rosidl_typesupport_c[0m
[35m[1mConsolidate compiler generated dependencies of target linkattacher_msgs__rosidl_typesupport_fastrtps_cpp[0m
[ 23%] Built target linkattacher_msgs__rosidl_typesupport_cpp
[ 33%] Built target linkattacher_msgs__rosidl_typesupport_introspection_c
[ 43%] Built target linkattacher_msgs__rosidl_typesupport_introspection_cpp
[ 53%] Built target linkattacher_msgs__rosidl_typesupport_fastrtps_c
[ 64%] Built target linkattacher_msgs__rosidl_typesupport_c
[ 74%] Built target linkattacher_msgs__rosidl_typesupport_fastrtps_cpp
[ 74%] Built target linkattacher_msgs
[ 76%] Built target linkattacher_msgs__py
[35m[1mConsolidate compiler generated dependencies of target linkattacher_msgs__rosidl_generator_py[0m
[ 84%] Built target linkattacher_msgs__rosidl_generator_py
[35m[1mConsolidate compiler generated dependencies of target linkattacher_msgs__rosidl_typesupport_introspection_c__pyext[0m
[35m[1mConsolidate compiler generated dependencies of target linkattacher_msgs__rosidl_typesupport_c__pyext[0m
[35m[1mConsolidate compiler generated dependencies of target linkattacher_msgs__rosidl_typesupport_fastrtps_c__pyext[0m
[ 89%] Built target linkattacher_msgs__rosidl_typesupport_introspection_c__pyext
[ 94%] Built target linkattacher_msgs__rosidl_typesupport_c__pyext
[100%] Built target linkattacher_msgs__rosidl_typesupport_fastrtps_c__pyext
running egg_info
writing linkattacher_msgs.egg-info/PKG-INFO
writing dependency_links to linkattacher_msgs.egg-info/dependency_links.txt
writing top-level names to linkattacher_msgs.egg-info/top_level.txt
reading manifest file 'linkattacher_msgs.egg-info/SOURCES.txt'
writing manifest file 'linkattacher_msgs.egg-info/SOURCES.txt'
[100%] Built target ament_cmake_python_build_linkattacher_msgs_egg
-- Install configuration: ""
-- Execute custom install script
-- Up-to-date symlink: /home/swaraj/agribot_ur5/sim_ur5/install/linkattacher_msgs/share/linkattacher_msgs/srv/AttachLink.srv
-- Up-to-date symlink: /home/swaraj/agribot_ur5/sim_ur5/install/linkattacher_msgs/share/linkattacher_msgs/srv/DetachLink.srv
-- Up-to-date symlink: /home/swaraj/agribot_ur5/sim_ur5/install/linkattacher_msgs/share/ament_index/resource_index/rosidl_interfaces/linkattacher_msgs
-- Up-to-date symlink: /home/swaraj/agribot_ur5/sim_ur5/install/linkattacher_msgs/include/linkattacher_msgs/linkattacher_msgs/msg/rosidl_generator_c__visibility_control.h
-- Up-to-date symlink: /home/swaraj/agribot_ur5/sim_ur5/install/linkattacher_msgs/include/linkattacher_msgs/linkattacher_msgs/srv/attach_link.h
-- Up-to-date symlink: /home/swaraj/agribot_ur5/sim_ur5/install/linkattacher_msgs/include/linkattacher_msgs/linkattacher_msgs/srv/detach_link.h
-- Up-to-date symlink: /home/swaraj/agribot_ur5/sim_ur5/install/linkattacher_msgs/include/linkattacher_msgs/linkattacher_msgs/srv/detail/attach_link__functions.h
-- Up-to-date symlink: /home/swaraj/agribot_ur5/sim_ur5/install/linkattacher_msgs/include/linkattacher_msgs/linkattacher_msgs/srv/detail/attach_link__struct.h
-- Up-to-date symlink: /home/swaraj/agribot_ur5/sim_ur5/install/linkattacher_msgs/include/linkattacher_msgs/linkattacher_msgs/srv/detail/attach_link__type_support.h
-- Up-to-date symlink: /home/swaraj/agribot_ur5/sim_ur5/install/linkattacher_msgs/include/linkattacher_msgs/linkattacher_msgs/srv/detail/detach_link__functions.h
-- Up-to-date symlink: /home/swaraj/agribot_ur5/sim_ur5/install/linkattacher_msgs/include/linkattacher_msgs/linkattacher_msgs/srv/detail/detach_link__struct.h
-- Up-to-date symlink: /home/swaraj/agribot_ur5/sim_ur5/install/linkattacher_msgs/include/linkattacher_msgs/linkattacher_msgs/srv/detail/detach_link__type_support.h
-- Up-to-date symlink: /home/swaraj/agribot_ur5/sim_ur5/install/linkattacher_msgs/share/linkattacher_msgs/environment/library_path.sh
-- Up-to-date symlink: /home/swaraj/agribot_ur5/sim_ur5/install/linkattacher_msgs/share/linkattacher_msgs/environment/library_path.dsv
-- Up-to-date symlink: /home/swaraj/agribot_ur5/sim_ur5/install/linkattacher_msgs/include/linkattacher_msgs/linkattacher_msgs/msg/rosidl_typesupport_fastrtps_c__visibility_control.h
-- Up-to-date symlink: /home/swaraj/agribot_ur5/sim_ur5/install/linkattacher_msgs/include/linkattacher_msgs/linkattacher_msgs/srv/detail/attach_link__rosidl_typesupport_fastrtps_c.h
-- Up-to-date symlink: /home/swaraj/agribot_ur5/sim_ur5/install/linkattacher_msgs/include/linkattacher_msgs/linkattacher_msgs/srv/detail/detach_link__rosidl_typesupport_fastrtps_c.h
-- Up-to-date symlink: /home/swaraj/agribot_ur5/sim_ur5/install/linkattacher_msgs/include/linkattacher_msgs/linkattacher_msgs/msg/rosidl_typesupport_introspection_c__visibility_control.h
-- Up-to-date symlink: /home/swaraj/agribot_ur5/sim_ur5/install/linkattacher_msgs/include/linkattacher_msgs/linkattacher_msgs/srv/detail/attach_link__rosidl_typesupport_introspection_c.h
-- Up-to-date symlink: /home/swaraj/agribot_ur5/sim_ur5/install/linkattacher_msgs/include/linkattacher_msgs/linkattacher_msgs/srv/detail/detach_link__rosidl_typesupport_introspection_c.h
-- Up-to-date symlink: /home/swaraj/agribot_ur5/sim_ur5/install/linkattacher_msgs/include/linkattacher_msgs/linkattacher_msgs/srv/attach_link.hpp
-- Up-to-date symlink: /home/swaraj/agribot_ur5/sim_ur5/install/linkattacher_msgs/include/linkattacher_msgs/linkattacher_msgs/srv/detach_link.hpp
-- Up-to-date symlink: /home/swaraj/agribot_ur5/sim_ur5/install/linkattacher_msgs/include/linkattacher_msgs/linkattacher_msgs/srv/detail/attach_link__builder.hpp
-- Up-to-date symlink: /home/swaraj/agribot_ur5/sim_ur5/install/linkattacher_msgs/include/linkattacher_msgs/linkattacher_msgs/srv/detail/attach_link__struct.hpp
-- Up-to-date symlink: /home/swaraj/agribot_ur5/sim_ur5/install/linkattacher_msgs/include/linkattacher_msgs/linkattacher_msgs/srv/detail/attach_link__traits.hpp
-- Up-to-date symlink: /home/swaraj/agribot_ur5/sim_ur5/install/linkattacher_msgs/include/linkattacher_msgs/linkattacher_msgs/srv/detail/detach_link__builder.hpp
-- Up-to-date symlink: /home/swaraj/agribot_ur5/sim_ur5/install/linkattacher_msgs/include/linkattacher_msgs/linkattacher_msgs/srv/detail/detach_link__struct.hpp
-- Up-to-date symlink: /home/swaraj/agribot_ur5/sim_ur5/install/linkattacher_msgs/include/linkattacher_msgs/linkattacher_msgs/srv/detail/detach_link__traits.hpp
-- Up-to-date symlink: /home/swaraj/agribot_ur5/sim_ur5/install/linkattacher_msgs/include/linkattacher_msgs/linkattacher_msgs/msg/rosidl_typesupport_fastrtps_cpp__visibility_control.h
-- Up-to-date symlink: /home/swaraj/agribot_ur5/sim_ur5/install/linkattacher_msgs/include/linkattacher_msgs/linkattacher_msgs/srv/detail/attach_link__rosidl_typesupport_fastrtps_cpp.hpp
-- Up-to-date symlink: /home/swaraj/agribot_ur5/sim_ur5/install/linkattacher_msgs/include/linkattacher_msgs/linkattacher_msgs/srv/detail/detach_link__rosidl_typesupport_fastrtps_cpp.hpp
-- Up-to-date symlink: /home/swaraj/agribot_ur5/sim_ur5/install/linkattacher_msgs/include/linkattacher_msgs/linkattacher_msgs/srv/detail/attach_link__rosidl_typesupport_introspection_cpp.hpp
-- Up-to-date symlink: /home/swaraj/agribot_ur5/sim_ur5/install/linkattacher_msgs/include/linkattacher_msgs/linkattacher_msgs/srv/detail/detach_link__rosidl_typesupport_introspection_cpp.hpp
-- Up-to-date symlink: /home/swaraj/agribot_ur5/sim_ur5/install/linkattacher_msgs/share/linkattacher_msgs/environment/pythonpath.sh
-- Up-to-date symlink: /home/swaraj/agribot_ur5/sim_ur5/install/linkattacher_msgs/share/linkattacher_msgs/environment/pythonpath.dsv
-- Up-to-date symlink: /home/swaraj/agribot_ur5/sim_ur5/install/linkattacher_msgs/local/lib/python3.10/dist-packages/linkattacher_msgs-0.0.0-py3.10.egg-info/PKG-INFO
-- Up-to-date symlink: /home/swaraj/agribot_ur5/sim_ur5/install/linkattacher_msgs/local/lib/python3.10/dist-packages/linkattacher_msgs-0.0.0-py3.10.egg-info/SOURCES.txt
-- Up-to-date symlink: /home/swaraj/agribot_ur5/sim_ur5/install/linkattacher_msgs/local/lib/python3.10/dist-packages/linkattacher_msgs-0.0.0-py3.10.egg-info/dependency_links.txt
-- Up-to-date symlink: /home/swaraj/agribot_ur5/sim_ur5/install/linkattacher_msgs/local/lib/python3.10/dist-packages/linkattacher_msgs-0.0.0-py3.10.egg-info/top_level.txt
-- Up-to-date symlink: /home/swaraj/agribot_ur5/sim_ur5/install/linkattacher_msgs/local/lib/python3.10/dist-packages/linkattacher_msgs/__init__.py
-- Up-to-date symlink: /home/swaraj/agribot_ur5/sim_ur5/install/linkattacher_msgs/local/lib/python3.10/dist-packages/linkattacher_msgs/_linkattacher_msgs_s.ep.rosidl_typesupport_c.c
-- Up-to-date symlink: /home/swaraj/agribot_ur5/sim_ur5/install/linkattacher_msgs/local/lib/python3.10/dist-packages/linkattacher_msgs/_linkattacher_msgs_s.ep.rosidl_typesupport_fastrtps_c.c
-- Up-to-date symlink: /home/swaraj/agribot_ur5/sim_ur5/install/linkattacher_msgs/local/lib/python3.10/dist-packages/linkattacher_msgs/_linkattacher_msgs_s.ep.rosidl_typesupport_introspection_c.c
-- Up-to-date symlink: /home/swaraj/agribot_ur5/sim_ur5/install/linkattacher_msgs/local/lib/python3.10/dist-packages/linkattacher_msgs/liblinkattacher_msgs__rosidl_generator_py.so
-- Up-to-date symlink: /home/swaraj/agribot_ur5/sim_ur5/install/linkattacher_msgs/local/lib/python3.10/dist-packages/linkattacher_msgs/linkattacher_msgs_s__rosidl_typesupport_c.cpython-310-x86_64-linux-gnu.so
-- Up-to-date symlink: /home/swaraj/agribot_ur5/sim_ur5/install/linkattacher_msgs/local/lib/python3.10/dist-packages/linkattacher_msgs/linkattacher_msgs_s__rosidl_typesupport_fastrtps_c.cpython-310-x86_64-linux-gnu.so
-- Up-to-date symlink: /home/swaraj/agribot_ur5/sim_ur5/install/linkattacher_msgs/local/lib/python3.10/dist-packages/linkattacher_msgs/linkattacher_msgs_s__rosidl_typesupport_introspection_c.cpython-310-x86_64-linux-gnu.so
-- Up-to-date symlink: /home/swaraj/agribot_ur5/sim_ur5/install/linkattacher_msgs/local/lib/python3.10/dist-packages/linkattacher_msgs/srv/__init__.py
-- Up-to-date symlink: /home/swaraj/agribot_ur5/sim_ur5/install/linkattacher_msgs/local/lib/python3.10/dist-packages/linkattacher_msgs/srv/_attach_link.py
-- Up-to-date symlink: /home/swaraj/agribot_ur5/sim_ur5/install/linkattacher_msgs/local/lib/python3.10/dist-packages/linkattacher_msgs/srv/_attach_link_s.c
-- Up-to-date symlink: /home/swaraj/agribot_ur5/sim_ur5/install/linkattacher_msgs/local/lib/python3.10/dist-packages/linkattacher_msgs/srv/_detach_link.py
-- Up-to-date symlink: /home/swaraj/agribot_ur5/sim_ur5/install/linkattacher_msgs/local/lib/python3.10/dist-packages/linkattacher_msgs/srv/_detach_link_s.c
-- Up-to-date symlink: /home/swaraj/agribot_ur5/sim_ur5/install/linkattacher_msgs/local/lib/python3.10/dist-packages/linkattacher_msgs/linkattacher_msgs_s__rosidl_typesupport_fastrtps_c.cpython-310-x86_64-linux-gnu.so
-- Up-to-date symlink: /home/swaraj/agribot_ur5/sim_ur5/install/linkattacher_msgs/local/lib/python3.10/dist-packages/linkattacher_msgs/linkattacher_msgs_s__rosidl_typesupport_introspection_c.cpython-310-x86_64-linux-gnu.so
-- Up-to-date symlink: /home/swaraj/agribot_ur5/sim_ur5/install/linkattacher_msgs/local/lib/python3.10/dist-packages/linkattacher_msgs/linkattacher_msgs_s__rosidl_typesupport_c.cpython-310-x86_64-linux-gnu.so
-- Up-to-date symlink: /home/swaraj/agribot_ur5/sim_ur5/install/linkattacher_msgs/share/linkattacher_msgs/srv/AttachLink.idl
-- Up-to-date symlink: /home/swaraj/agribot_ur5/sim_ur5/install/linkattacher_msgs/share/linkattacher_msgs/srv/DetachLink.idl
-- Up-to-date symlink: /home/swaraj/agribot_ur5/sim_ur5/install/linkattacher_msgs/share/linkattacher_msgs/srv/AttachLink.srv
-- Up-to-date symlink: /home/swaraj/agribot_ur5/sim_ur5/install/linkattacher_msgs/share/linkattacher_msgs/srv/AttachLink_Request.msg
-- Up-to-date symlink: /home/swaraj/agribot_ur5/sim_ur5/install/linkattacher_msgs/share/linkattacher_msgs/srv/AttachLink_Response.msg
-- Up-to-date symlink: /home/swaraj/agribot_ur5/sim_ur5/install/linkattacher_msgs/share/linkattacher_msgs/srv/DetachLink.srv
-- Up-to-date symlink: /home/swaraj/agribot_ur5/sim_ur5/install/linkattacher_msgs/share/linkattacher_msgs/srv/DetachLink_Request.msg
-- Up-to-date symlink: /home/swaraj/agribot_ur5/sim_ur5/install/linkattacher_msgs/share/linkattacher_msgs/srv/DetachLink_Response.msg
-- Up-to-date symlink: /home/swaraj/agribot_ur5/sim_ur5/install/linkattacher_msgs/share/ament_index/resource_index/package_run_dependencies/linkattacher_msgs
-- Up-to-date symlink: /home/swaraj/agribot_ur5/sim_ur5/install/linkattacher_msgs/share/ament_index/resource_index/parent_prefix_path/linkattacher_msgs
-- Up-to-date symlink: /home/swaraj/agribot_ur5/sim_ur5/install/linkattacher_msgs/share/linkattacher_msgs/environment/ament_prefix_path.sh
-- Up-to-date symlink: /home/swaraj/agribot_ur5/sim_ur5/install/linkattacher_msgs/share/linkattacher_msgs/environment/ament_prefix_path.dsv
-- Up-to-date symlink: /home/swaraj/agribot_ur5/sim_ur5/install/linkattacher_msgs/share/linkattacher_msgs/environment/path.sh
-- Up-to-date symlink: /home/swaraj/agribot_ur5/sim_ur5/install/linkattacher_msgs/share/linkattacher_msgs/environment/path.dsv
-- Up-to-date symlink: /home/swaraj/agribot_ur5/sim_ur5/install/linkattacher_msgs/share/linkattacher_msgs/local_setup.bash
-- Up-to-date symlink: /home/swaraj/agribot_ur5/sim_ur5/install/linkattacher_msgs/share/linkattacher_msgs/local_setup.sh
-- Up-to-date symlink: /home/swaraj/agribot_ur5/sim_ur5/install/linkattacher_msgs/share/linkattacher_msgs/local_setup.zsh
-- Up-to-date symlink: /home/swaraj/agribot_ur5/sim_ur5/install/linkattacher_msgs/share/linkattacher_msgs/local_setup.dsv
-- Symlinking: /home/swaraj/agribot_ur5/sim_ur5/install/linkattacher_msgs/share/linkattacher_msgs/package.dsv
-- Up-to-date symlink: /home/swaraj/agribot_ur5/sim_ur5/install/linkattacher_msgs/share/ament_index/resource_index/packages/linkattacher_msgs
-- Up-to-date symlink: /home/swaraj/agribot_ur5/sim_ur5/install/linkattacher_msgs/share/linkattacher_msgs/cmake/rosidl_cmake-extras.cmake
-- Up-to-date symlink: /home/swaraj/agribot_ur5/sim_ur5/install/linkattacher_msgs/share/linkattacher_msgs/cmake/ament_cmake_export_include_directories-extras.cmake
-- Up-to-date symlink: /home/swaraj/agribot_ur5/sim_ur5/install/linkattacher_msgs/share/linkattacher_msgs/cmake/ament_cmake_export_libraries-extras.cmake
-- Up-to-date symlink: /home/swaraj/agribot_ur5/sim_ur5/install/linkattacher_msgs/share/linkattacher_msgs/cmake/ament_cmake_export_targets-extras.cmake
-- Up-to-date symlink: /home/swaraj/agribot_ur5/sim_ur5/install/linkattacher_msgs/share/linkattacher_msgs/cmake/rosidl_cmake_export_typesupport_targets-extras.cmake
-- Up-to-date symlink: /home/swaraj/agribot_ur5/sim_ur5/install/linkattacher_msgs/share/linkattacher_msgs/cmake/ament_cmake_export_dependencies-extras.cmake
-- Up-to-date symlink: /home/swaraj/agribot_ur5/sim_ur5/install/linkattacher_msgs/share/linkattacher_msgs/cmake/rosidl_cmake_export_typesupport_libraries-extras.cmake
-- Up-to-date symlink: /home/swaraj/agribot_ur5/sim_ur5/install/linkattacher_msgs/share/linkattacher_msgs/cmake/linkattacher_msgsConfig.cmake
-- Up-to-date symlink: /home/swaraj/agribot_ur5/sim_ur5/install/linkattacher_msgs/share/linkattacher_msgs/cmake/linkattacher_msgsConfig-version.cmake
-- Up-to-date symlink: /home/swaraj/agribot_ur5/sim_ur5/install/linkattacher_msgs/share/linkattacher_msgs/package.xml
-- Up-to-date: /home/swaraj/agribot_ur5/sim_ur5/install/linkattacher_msgs/lib/liblinkattacher_msgs__rosidl_generator_c.so
-- Up-to-date: /home/swaraj/agribot_ur5/sim_ur5/install/linkattacher_msgs/lib/liblinkattacher_msgs__rosidl_typesupport_fastrtps_c.so
-- Up-to-date: /home/swaraj/agribot_ur5/sim_ur5/install/linkattacher_msgs/lib/liblinkattacher_msgs__rosidl_typesupport_introspection_c.so
-- Up-to-date: /home/swaraj/agribot_ur5/sim_ur5/install/linkattacher_msgs/lib/liblinkattacher_msgs__rosidl_typesupport_c.so
-- Up-to-date: /home/swaraj/agribot_ur5/sim_ur5/install/linkattacher_msgs/lib/liblinkattacher_msgs__rosidl_typesupport_fastrtps_cpp.so
-- Up-to-date: /home/swaraj/agribot_ur5/sim_ur5/install/linkattacher_msgs/lib/liblinkattacher_msgs__rosidl_typesupport_introspection_cpp.so
-- Up-to-date: /home/swaraj/agribot_ur5/sim_ur5/install/linkattacher_msgs/lib/liblinkattacher_msgs__rosidl_typesupport_cpp.so
Listing '/home/swaraj/agribot_ur5/sim_ur5/install/linkattacher_msgs/local/lib/python3.10/dist-packages/linkattacher_msgs'...
Listing '/home/swaraj/agribot_ur5/sim_ur5/install/linkattacher_msgs/local/lib/python3.10/dist-packages/linkattacher_msgs/srv'...
-- Up-to-date: /home/swaraj/agribot_ur5/sim_ur5/install/linkattacher_msgs/lib/liblinkattacher_msgs__rosidl_generator_py.so
-- Up-to-date: /home/swaraj/agribot_ur5/sim_ur5/install/linkattacher_msgs/share/linkattacher_msgs/cmake/export_linkattacher_msgs__rosidl_generator_cExport.cmake
-- Up-to-date: /home/swaraj/agribot_ur5/sim_ur5/install/linkattacher_msgs/share/linkattacher_msgs/cmake/export_linkattacher_msgs__rosidl_generator_cExport-noconfig.cmake
-- Up-to-date: /home/swaraj/agribot_ur5/sim_ur5/install/linkattacher_msgs/share/linkattacher_msgs/cmake/export_linkattacher_msgs__rosidl_typesupport_fastrtps_cExport.cmake
-- Up-to-date: /home/swaraj/agribot_ur5/sim_ur5/install/linkattacher_msgs/share/linkattacher_msgs/cmake/export_linkattacher_msgs__rosidl_typesupport_fastrtps_cExport-noconfig.cmake
-- Up-to-date: /home/swaraj/agribot_ur5/sim_ur5/install/linkattacher_msgs/share/linkattacher_msgs/cmake/linkattacher_msgs__rosidl_typesupport_introspection_cExport.cmake
-- Up-to-date: /home/swaraj/agribot_ur5/sim_ur5/install/linkattacher_msgs/share/linkattacher_msgs/cmake/linkattacher_msgs__rosidl_typesupport_introspection_cExport-noconfig.cmake
-- Up-to-date: /home/swaraj/agribot_ur5/sim_ur5/install/linkattacher_msgs/share/linkattacher_msgs/cmake/linkattacher_msgs__rosidl_typesupport_cExport.cmake
-- Up-to-date: /home/swaraj/agribot_ur5/sim_ur5/install/linkattacher_msgs/share/linkattacher_msgs/cmake/linkattacher_msgs__rosidl_typesupport_cExport-noconfig.cmake
-- Up-to-date: /home/swaraj/agribot_ur5/sim_ur5/install/linkattacher_msgs/share/linkattacher_msgs/cmake/export_linkattacher_msgs__rosidl_generator_cppExport.cmake
-- Up-to-date: /home/swaraj/agribot_ur5/sim_ur5/install/linkattacher_msgs/share/linkattacher_msgs/cmake/export_linkattacher_msgs__rosidl_typesupport_fastrtps_cppExport.cmake
-- Up-to-date: /home/swaraj/agribot_ur5/sim_ur5/install/linkattacher_msgs/share/linkattacher_msgs/cmake/export_linkattacher_msgs__rosidl_typesupport_fastrtps_cppExport-noconfig.cmake
-- Up-to-date: /home/swaraj/agribot_ur5/sim_ur5/install/linkattacher_msgs/share/linkattacher_msgs/cmake/linkattacher_msgs__rosidl_typesupport_introspection_cppExport.cmake
-- Up-to-date: /home/swaraj/agribot_ur5/sim_ur5/install/linkattacher_msgs/share/linkattacher_msgs/cmake/linkattacher_msgs__rosidl_typesupport_introspection_cppExport-noconfig.cmake
-- Up-to-date: /home/swaraj/agribot_ur5/sim_ur5/install/linkattacher_msgs/share/linkattacher_msgs/cmake/linkattacher_msgs__rosidl_typesupport_cppExport.cmake
-- Up-to-date: /home/swaraj/agribot_ur5/sim_ur5/install/linkattacher_msgs/share/linkattacher_msgs/cmake/linkattacher_msgs__rosidl_typesupport_cppExport-noconfig.cmake
-- Up-to-date: /home/swaraj/agribot_ur5/sim_ur5/install/linkattacher_msgs/share/linkattacher_msgs/cmake/export_linkattacher_msgs__rosidl_generator_pyExport.cmake
-- Up-to-date: /home/swaraj/agribot_ur5/sim_ur5/install/linkattacher_msgs/share/linkattacher_msgs/cmake/export_linkattacher_msgs__rosidl_generator_pyExport-noconfig.cmake
