[0.169s] Invoking command in '/home/swaraj/agribot_ur5/sim_ur5/build/linkattacher_msgs': CMAKE_PREFIX_PATH=${CMAKE_PREFIX_PATH}:/opt/ros/humble /usr/bin/cmake --build /home/swaraj/agribot_ur5/sim_ur5/build/linkattacher_msgs -- -j8 -l8
[0.232s] [35m[1mConsolidate compiler generated dependencies of target linkattacher_msgs__rosidl_generator_c[0m
[0.243s] [  2%] Built target linkattacher_msgs__cpp
[0.253s] [ 12%] Built target linkattacher_msgs__rosidl_generator_c
[0.255s] [ 12%] Built target ament_cmake_python_symlink_linkattacher_msgs
[0.266s] [35m[1mConsolidate compiler generated dependencies of target linkattacher_msgs__rosidl_typesupport_cpp[0m
[0.271s] [35m[1mConsolidate compiler generated dependencies of target linkattacher_msgs__rosidl_typesupport_introspection_cpp[0m
[0.275s] [35m[1mConsolidate compiler generated dependencies of target linkattacher_msgs__rosidl_typesupport_introspection_c[0m
[0.280s] [35m[1mConsolidate compiler generated dependencies of target linkattacher_msgs__rosidl_typesupport_fastrtps_c[0m
[0.284s] [35m[1mConsolidate compiler generated dependencies of target linkattacher_msgs__rosidl_typesupport_c[0m
[0.287s] [35m[1mConsolidate compiler generated dependencies of target linkattacher_msgs__rosidl_typesupport_fastrtps_cpp[0m
[0.301s] [ 23%] Built target linkattacher_msgs__rosidl_typesupport_cpp
[0.307s] [ 33%] Built target linkattacher_msgs__rosidl_typesupport_introspection_c
[0.308s] [ 43%] Built target linkattacher_msgs__rosidl_typesupport_introspection_cpp
[0.317s] [ 53%] Built target linkattacher_msgs__rosidl_typesupport_fastrtps_c
[0.319s] [ 64%] Built target linkattacher_msgs__rosidl_typesupport_c
[0.321s] [ 74%] Built target linkattacher_msgs__rosidl_typesupport_fastrtps_cpp
[0.350s] [ 74%] Built target linkattacher_msgs
[0.375s] [ 76%] Built target linkattacher_msgs__py
[0.388s] [35m[1mConsolidate compiler generated dependencies of target linkattacher_msgs__rosidl_generator_py[0m
[0.404s] [ 84%] Built target linkattacher_msgs__rosidl_generator_py
[0.417s] [35m[1mConsolidate compiler generated dependencies of target linkattacher_msgs__rosidl_typesupport_introspection_c__pyext[0m
[0.417s] [35m[1mConsolidate compiler generated dependencies of target linkattacher_msgs__rosidl_typesupport_c__pyext[0m
[0.420s] [35m[1mConsolidate compiler generated dependencies of target linkattacher_msgs__rosidl_typesupport_fastrtps_c__pyext[0m
[0.434s] [ 89%] Built target linkattacher_msgs__rosidl_typesupport_introspection_c__pyext
[0.435s] [ 94%] Built target linkattacher_msgs__rosidl_typesupport_c__pyext
[0.439s] [100%] Built target linkattacher_msgs__rosidl_typesupport_fastrtps_c__pyext
[0.593s] running egg_info
[0.593s] writing linkattacher_msgs.egg-info/PKG-INFO
[0.593s] writing dependency_links to linkattacher_msgs.egg-info/dependency_links.txt
[0.594s] writing top-level names to linkattacher_msgs.egg-info/top_level.txt
[0.596s] reading manifest file 'linkattacher_msgs.egg-info/SOURCES.txt'
[0.597s] writing manifest file 'linkattacher_msgs.egg-info/SOURCES.txt'
[0.623s] [100%] Built target ament_cmake_python_build_linkattacher_msgs_egg
[0.687s] Invoked command in '/home/swaraj/agribot_ur5/sim_ur5/build/linkattacher_msgs' returned '0': CMAKE_PREFIX_PATH=${CMAKE_PREFIX_PATH}:/opt/ros/humble /usr/bin/cmake --build /home/swaraj/agribot_ur5/sim_ur5/build/linkattacher_msgs -- -j8 -l8
[0.850s] Invoking command in '/home/swaraj/agribot_ur5/sim_ur5/build/linkattacher_msgs': CMAKE_PREFIX_PATH=${CMAKE_PREFIX_PATH}:/opt/ros/humble /usr/bin/cmake --install /home/swaraj/agribot_ur5/sim_ur5/build/linkattacher_msgs
[0.934s] -- Install configuration: ""
[0.935s] -- Execute custom install script
[0.935s] -- Up-to-date symlink: /home/swaraj/agribot_ur5/sim_ur5/install/linkattacher_msgs/share/linkattacher_msgs/srv/AttachLink.srv
[0.935s] -- Up-to-date symlink: /home/swaraj/agribot_ur5/sim_ur5/install/linkattacher_msgs/share/linkattacher_msgs/srv/DetachLink.srv
[0.935s] -- Up-to-date symlink: /home/swaraj/agribot_ur5/sim_ur5/install/linkattacher_msgs/share/ament_index/resource_index/rosidl_interfaces/linkattacher_msgs
[0.935s] -- Up-to-date symlink: /home/swaraj/agribot_ur5/sim_ur5/install/linkattacher_msgs/include/linkattacher_msgs/linkattacher_msgs/msg/rosidl_generator_c__visibility_control.h
[0.935s] -- Up-to-date symlink: /home/swaraj/agribot_ur5/sim_ur5/install/linkattacher_msgs/include/linkattacher_msgs/linkattacher_msgs/srv/attach_link.h
[0.935s] -- Up-to-date symlink: /home/swaraj/agribot_ur5/sim_ur5/install/linkattacher_msgs/include/linkattacher_msgs/linkattacher_msgs/srv/detach_link.h
[0.936s] -- Up-to-date symlink: /home/swaraj/agribot_ur5/sim_ur5/install/linkattacher_msgs/include/linkattacher_msgs/linkattacher_msgs/srv/detail/attach_link__functions.h
[0.936s] -- Up-to-date symlink: /home/swaraj/agribot_ur5/sim_ur5/install/linkattacher_msgs/include/linkattacher_msgs/linkattacher_msgs/srv/detail/attach_link__struct.h
[0.936s] -- Up-to-date symlink: /home/swaraj/agribot_ur5/sim_ur5/install/linkattacher_msgs/include/linkattacher_msgs/linkattacher_msgs/srv/detail/attach_link__type_support.h
[0.936s] -- Up-to-date symlink: /home/swaraj/agribot_ur5/sim_ur5/install/linkattacher_msgs/include/linkattacher_msgs/linkattacher_msgs/srv/detail/detach_link__functions.h
[0.936s] -- Up-to-date symlink: /home/swaraj/agribot_ur5/sim_ur5/install/linkattacher_msgs/include/linkattacher_msgs/linkattacher_msgs/srv/detail/detach_link__struct.h
[0.936s] -- Up-to-date symlink: /home/swaraj/agribot_ur5/sim_ur5/install/linkattacher_msgs/include/linkattacher_msgs/linkattacher_msgs/srv/detail/detach_link__type_support.h
[0.936s] -- Up-to-date symlink: /home/swaraj/agribot_ur5/sim_ur5/install/linkattacher_msgs/share/linkattacher_msgs/environment/library_path.sh
[0.936s] -- Up-to-date symlink: /home/swaraj/agribot_ur5/sim_ur5/install/linkattacher_msgs/share/linkattacher_msgs/environment/library_path.dsv
[0.936s] -- Up-to-date symlink: /home/swaraj/agribot_ur5/sim_ur5/install/linkattacher_msgs/include/linkattacher_msgs/linkattacher_msgs/msg/rosidl_typesupport_fastrtps_c__visibility_control.h
[0.936s] -- Up-to-date symlink: /home/swaraj/agribot_ur5/sim_ur5/install/linkattacher_msgs/include/linkattacher_msgs/linkattacher_msgs/srv/detail/attach_link__rosidl_typesupport_fastrtps_c.h
[0.937s] -- Up-to-date symlink: /home/swaraj/agribot_ur5/sim_ur5/install/linkattacher_msgs/include/linkattacher_msgs/linkattacher_msgs/srv/detail/detach_link__rosidl_typesupport_fastrtps_c.h
[0.937s] -- Up-to-date symlink: /home/swaraj/agribot_ur5/sim_ur5/install/linkattacher_msgs/include/linkattacher_msgs/linkattacher_msgs/msg/rosidl_typesupport_introspection_c__visibility_control.h
[0.937s] -- Up-to-date symlink: /home/swaraj/agribot_ur5/sim_ur5/install/linkattacher_msgs/include/linkattacher_msgs/linkattacher_msgs/srv/detail/attach_link__rosidl_typesupport_introspection_c.h
[0.937s] -- Up-to-date symlink: /home/swaraj/agribot_ur5/sim_ur5/install/linkattacher_msgs/include/linkattacher_msgs/linkattacher_msgs/srv/detail/detach_link__rosidl_typesupport_introspection_c.h
[0.937s] -- Up-to-date symlink: /home/swaraj/agribot_ur5/sim_ur5/install/linkattacher_msgs/include/linkattacher_msgs/linkattacher_msgs/srv/attach_link.hpp
[0.937s] -- Up-to-date symlink: /home/swaraj/agribot_ur5/sim_ur5/install/linkattacher_msgs/include/linkattacher_msgs/linkattacher_msgs/srv/detach_link.hpp
[0.937s] -- Up-to-date symlink: /home/swaraj/agribot_ur5/sim_ur5/install/linkattacher_msgs/include/linkattacher_msgs/linkattacher_msgs/srv/detail/attach_link__builder.hpp
[0.937s] -- Up-to-date symlink: /home/swaraj/agribot_ur5/sim_ur5/install/linkattacher_msgs/include/linkattacher_msgs/linkattacher_msgs/srv/detail/attach_link__struct.hpp
[0.937s] -- Up-to-date symlink: /home/swaraj/agribot_ur5/sim_ur5/install/linkattacher_msgs/include/linkattacher_msgs/linkattacher_msgs/srv/detail/attach_link__traits.hpp
[0.938s] -- Up-to-date symlink: /home/swaraj/agribot_ur5/sim_ur5/install/linkattacher_msgs/include/linkattacher_msgs/linkattacher_msgs/srv/detail/detach_link__builder.hpp
[0.938s] -- Up-to-date symlink: /home/swaraj/agribot_ur5/sim_ur5/install/linkattacher_msgs/include/linkattacher_msgs/linkattacher_msgs/srv/detail/detach_link__struct.hpp
[0.938s] -- Up-to-date symlink: /home/swaraj/agribot_ur5/sim_ur5/install/linkattacher_msgs/include/linkattacher_msgs/linkattacher_msgs/srv/detail/detach_link__traits.hpp
[0.938s] -- Up-to-date symlink: /home/swaraj/agribot_ur5/sim_ur5/install/linkattacher_msgs/include/linkattacher_msgs/linkattacher_msgs/msg/rosidl_typesupport_fastrtps_cpp__visibility_control.h
[0.938s] -- Up-to-date symlink: /home/swaraj/agribot_ur5/sim_ur5/install/linkattacher_msgs/include/linkattacher_msgs/linkattacher_msgs/srv/detail/attach_link__rosidl_typesupport_fastrtps_cpp.hpp
[0.938s] -- Up-to-date symlink: /home/swaraj/agribot_ur5/sim_ur5/install/linkattacher_msgs/include/linkattacher_msgs/linkattacher_msgs/srv/detail/detach_link__rosidl_typesupport_fastrtps_cpp.hpp
[0.938s] -- Up-to-date symlink: /home/swaraj/agribot_ur5/sim_ur5/install/linkattacher_msgs/include/linkattacher_msgs/linkattacher_msgs/srv/detail/attach_link__rosidl_typesupport_introspection_cpp.hpp
[0.938s] -- Up-to-date symlink: /home/swaraj/agribot_ur5/sim_ur5/install/linkattacher_msgs/include/linkattacher_msgs/linkattacher_msgs/srv/detail/detach_link__rosidl_typesupport_introspection_cpp.hpp
[0.938s] -- Up-to-date symlink: /home/swaraj/agribot_ur5/sim_ur5/install/linkattacher_msgs/share/linkattacher_msgs/environment/pythonpath.sh
[0.939s] -- Up-to-date symlink: /home/swaraj/agribot_ur5/sim_ur5/install/linkattacher_msgs/share/linkattacher_msgs/environment/pythonpath.dsv
[0.939s] -- Up-to-date symlink: /home/swaraj/agribot_ur5/sim_ur5/install/linkattacher_msgs/local/lib/python3.10/dist-packages/linkattacher_msgs-0.0.0-py3.10.egg-info/PKG-INFO
[0.939s] -- Up-to-date symlink: /home/swaraj/agribot_ur5/sim_ur5/install/linkattacher_msgs/local/lib/python3.10/dist-packages/linkattacher_msgs-0.0.0-py3.10.egg-info/SOURCES.txt
[0.939s] -- Up-to-date symlink: /home/swaraj/agribot_ur5/sim_ur5/install/linkattacher_msgs/local/lib/python3.10/dist-packages/linkattacher_msgs-0.0.0-py3.10.egg-info/dependency_links.txt
[0.939s] -- Up-to-date symlink: /home/swaraj/agribot_ur5/sim_ur5/install/linkattacher_msgs/local/lib/python3.10/dist-packages/linkattacher_msgs-0.0.0-py3.10.egg-info/top_level.txt
[0.939s] -- Up-to-date symlink: /home/swaraj/agribot_ur5/sim_ur5/install/linkattacher_msgs/local/lib/python3.10/dist-packages/linkattacher_msgs/__init__.py
[0.939s] -- Up-to-date symlink: /home/swaraj/agribot_ur5/sim_ur5/install/linkattacher_msgs/local/lib/python3.10/dist-packages/linkattacher_msgs/_linkattacher_msgs_s.ep.rosidl_typesupport_c.c
[0.939s] -- Up-to-date symlink: /home/swaraj/agribot_ur5/sim_ur5/install/linkattacher_msgs/local/lib/python3.10/dist-packages/linkattacher_msgs/_linkattacher_msgs_s.ep.rosidl_typesupport_fastrtps_c.c
[0.939s] -- Up-to-date symlink: /home/swaraj/agribot_ur5/sim_ur5/install/linkattacher_msgs/local/lib/python3.10/dist-packages/linkattacher_msgs/_linkattacher_msgs_s.ep.rosidl_typesupport_introspection_c.c
[0.939s] -- Up-to-date symlink: /home/swaraj/agribot_ur5/sim_ur5/install/linkattacher_msgs/local/lib/python3.10/dist-packages/linkattacher_msgs/liblinkattacher_msgs__rosidl_generator_py.so
[0.939s] -- Up-to-date symlink: /home/swaraj/agribot_ur5/sim_ur5/install/linkattacher_msgs/local/lib/python3.10/dist-packages/linkattacher_msgs/linkattacher_msgs_s__rosidl_typesupport_c.cpython-310-x86_64-linux-gnu.so
[0.939s] -- Up-to-date symlink: /home/swaraj/agribot_ur5/sim_ur5/install/linkattacher_msgs/local/lib/python3.10/dist-packages/linkattacher_msgs/linkattacher_msgs_s__rosidl_typesupport_fastrtps_c.cpython-310-x86_64-linux-gnu.so
[0.939s] -- Up-to-date symlink: /home/swaraj/agribot_ur5/sim_ur5/install/linkattacher_msgs/local/lib/python3.10/dist-packages/linkattacher_msgs/linkattacher_msgs_s__rosidl_typesupport_introspection_c.cpython-310-x86_64-linux-gnu.so
[0.939s] -- Up-to-date symlink: /home/swaraj/agribot_ur5/sim_ur5/install/linkattacher_msgs/local/lib/python3.10/dist-packages/linkattacher_msgs/srv/__init__.py
[0.939s] -- Up-to-date symlink: /home/swaraj/agribot_ur5/sim_ur5/install/linkattacher_msgs/local/lib/python3.10/dist-packages/linkattacher_msgs/srv/_attach_link.py
[0.939s] -- Up-to-date symlink: /home/swaraj/agribot_ur5/sim_ur5/install/linkattacher_msgs/local/lib/python3.10/dist-packages/linkattacher_msgs/srv/_attach_link_s.c
[0.939s] -- Up-to-date symlink: /home/swaraj/agribot_ur5/sim_ur5/install/linkattacher_msgs/local/lib/python3.10/dist-packages/linkattacher_msgs/srv/_detach_link.py
[0.939s] -- Up-to-date symlink: /home/swaraj/agribot_ur5/sim_ur5/install/linkattacher_msgs/local/lib/python3.10/dist-packages/linkattacher_msgs/srv/_detach_link_s.c
[0.939s] -- Up-to-date symlink: /home/swaraj/agribot_ur5/sim_ur5/install/linkattacher_msgs/local/lib/python3.10/dist-packages/linkattacher_msgs/linkattacher_msgs_s__rosidl_typesupport_fastrtps_c.cpython-310-x86_64-linux-gnu.so
[0.939s] -- Up-to-date symlink: /home/swaraj/agribot_ur5/sim_ur5/install/linkattacher_msgs/local/lib/python3.10/dist-packages/linkattacher_msgs/linkattacher_msgs_s__rosidl_typesupport_introspection_c.cpython-310-x86_64-linux-gnu.so
[0.940s] -- Up-to-date symlink: /home/swaraj/agribot_ur5/sim_ur5/install/linkattacher_msgs/local/lib/python3.10/dist-packages/linkattacher_msgs/linkattacher_msgs_s__rosidl_typesupport_c.cpython-310-x86_64-linux-gnu.so
[0.940s] -- Up-to-date symlink: /home/swaraj/agribot_ur5/sim_ur5/install/linkattacher_msgs/share/linkattacher_msgs/srv/AttachLink.idl
[0.940s] -- Up-to-date symlink: /home/swaraj/agribot_ur5/sim_ur5/install/linkattacher_msgs/share/linkattacher_msgs/srv/DetachLink.idl
[0.940s] -- Up-to-date symlink: /home/swaraj/agribot_ur5/sim_ur5/install/linkattacher_msgs/share/linkattacher_msgs/srv/AttachLink.srv
[0.940s] -- Up-to-date symlink: /home/swaraj/agribot_ur5/sim_ur5/install/linkattacher_msgs/share/linkattacher_msgs/srv/AttachLink_Request.msg
[0.940s] -- Up-to-date symlink: /home/swaraj/agribot_ur5/sim_ur5/install/linkattacher_msgs/share/linkattacher_msgs/srv/AttachLink_Response.msg
[0.940s] -- Up-to-date symlink: /home/swaraj/agribot_ur5/sim_ur5/install/linkattacher_msgs/share/linkattacher_msgs/srv/DetachLink.srv
[0.940s] -- Up-to-date symlink: /home/swaraj/agribot_ur5/sim_ur5/install/linkattacher_msgs/share/linkattacher_msgs/srv/DetachLink_Request.msg
[0.940s] -- Up-to-date symlink: /home/swaraj/agribot_ur5/sim_ur5/install/linkattacher_msgs/share/linkattacher_msgs/srv/DetachLink_Response.msg
[0.940s] -- Up-to-date symlink: /home/swaraj/agribot_ur5/sim_ur5/install/linkattacher_msgs/share/ament_index/resource_index/package_run_dependencies/linkattacher_msgs
[0.940s] -- Up-to-date symlink: /home/swaraj/agribot_ur5/sim_ur5/install/linkattacher_msgs/share/ament_index/resource_index/parent_prefix_path/linkattacher_msgs
[0.940s] -- Up-to-date symlink: /home/swaraj/agribot_ur5/sim_ur5/install/linkattacher_msgs/share/linkattacher_msgs/environment/ament_prefix_path.sh
[0.940s] -- Up-to-date symlink: /home/swaraj/agribot_ur5/sim_ur5/install/linkattacher_msgs/share/linkattacher_msgs/environment/ament_prefix_path.dsv
[0.941s] -- Up-to-date symlink: /home/swaraj/agribot_ur5/sim_ur5/install/linkattacher_msgs/share/linkattacher_msgs/environment/path.sh
[0.941s] -- Up-to-date symlink: /home/swaraj/agribot_ur5/sim_ur5/install/linkattacher_msgs/share/linkattacher_msgs/environment/path.dsv
[0.941s] -- Up-to-date symlink: /home/swaraj/agribot_ur5/sim_ur5/install/linkattacher_msgs/share/linkattacher_msgs/local_setup.bash
[0.941s] -- Up-to-date symlink: /home/swaraj/agribot_ur5/sim_ur5/install/linkattacher_msgs/share/linkattacher_msgs/local_setup.sh
[0.942s] -- Up-to-date symlink: /home/swaraj/agribot_ur5/sim_ur5/install/linkattacher_msgs/share/linkattacher_msgs/local_setup.zsh
[0.942s] -- Up-to-date symlink: /home/swaraj/agribot_ur5/sim_ur5/install/linkattacher_msgs/share/linkattacher_msgs/local_setup.dsv
[0.942s] -- Symlinking: /home/swaraj/agribot_ur5/sim_ur5/install/linkattacher_msgs/share/linkattacher_msgs/package.dsv
[0.942s] -- Up-to-date symlink: /home/swaraj/agribot_ur5/sim_ur5/install/linkattacher_msgs/share/ament_index/resource_index/packages/linkattacher_msgs
[0.942s] -- Up-to-date symlink: /home/swaraj/agribot_ur5/sim_ur5/install/linkattacher_msgs/share/linkattacher_msgs/cmake/rosidl_cmake-extras.cmake
[0.942s] -- Up-to-date symlink: /home/swaraj/agribot_ur5/sim_ur5/install/linkattacher_msgs/share/linkattacher_msgs/cmake/ament_cmake_export_include_directories-extras.cmake
[0.942s] -- Up-to-date symlink: /home/swaraj/agribot_ur5/sim_ur5/install/linkattacher_msgs/share/linkattacher_msgs/cmake/ament_cmake_export_libraries-extras.cmake
[0.943s] -- Up-to-date symlink: /home/swaraj/agribot_ur5/sim_ur5/install/linkattacher_msgs/share/linkattacher_msgs/cmake/ament_cmake_export_targets-extras.cmake
[0.943s] -- Up-to-date symlink: /home/swaraj/agribot_ur5/sim_ur5/install/linkattacher_msgs/share/linkattacher_msgs/cmake/rosidl_cmake_export_typesupport_targets-extras.cmake
[0.943s] -- Up-to-date symlink: /home/swaraj/agribot_ur5/sim_ur5/install/linkattacher_msgs/share/linkattacher_msgs/cmake/ament_cmake_export_dependencies-extras.cmake
[0.943s] -- Up-to-date symlink: /home/swaraj/agribot_ur5/sim_ur5/install/linkattacher_msgs/share/linkattacher_msgs/cmake/rosidl_cmake_export_typesupport_libraries-extras.cmake
[0.943s] -- Up-to-date symlink: /home/swaraj/agribot_ur5/sim_ur5/install/linkattacher_msgs/share/linkattacher_msgs/cmake/linkattacher_msgsConfig.cmake
[0.944s] -- Up-to-date symlink: /home/swaraj/agribot_ur5/sim_ur5/install/linkattacher_msgs/share/linkattacher_msgs/cmake/linkattacher_msgsConfig-version.cmake
[0.944s] -- Up-to-date symlink: /home/swaraj/agribot_ur5/sim_ur5/install/linkattacher_msgs/share/linkattacher_msgs/package.xml
[0.944s] -- Up-to-date: /home/swaraj/agribot_ur5/sim_ur5/install/linkattacher_msgs/lib/liblinkattacher_msgs__rosidl_generator_c.so
[0.944s] -- Up-to-date: /home/swaraj/agribot_ur5/sim_ur5/install/linkattacher_msgs/lib/liblinkattacher_msgs__rosidl_typesupport_fastrtps_c.so
[0.944s] -- Up-to-date: /home/swaraj/agribot_ur5/sim_ur5/install/linkattacher_msgs/lib/liblinkattacher_msgs__rosidl_typesupport_introspection_c.so
[0.945s] -- Up-to-date: /home/swaraj/agribot_ur5/sim_ur5/install/linkattacher_msgs/lib/liblinkattacher_msgs__rosidl_typesupport_c.so
[0.945s] -- Up-to-date: /home/swaraj/agribot_ur5/sim_ur5/install/linkattacher_msgs/lib/liblinkattacher_msgs__rosidl_typesupport_fastrtps_cpp.so
[0.945s] -- Up-to-date: /home/swaraj/agribot_ur5/sim_ur5/install/linkattacher_msgs/lib/liblinkattacher_msgs__rosidl_typesupport_introspection_cpp.so
[0.945s] -- Up-to-date: /home/swaraj/agribot_ur5/sim_ur5/install/linkattacher_msgs/lib/liblinkattacher_msgs__rosidl_typesupport_cpp.so
[0.945s] Listing '/home/swaraj/agribot_ur5/sim_ur5/install/linkattacher_msgs/local/lib/python3.10/dist-packages/linkattacher_msgs'...
[0.945s] Listing '/home/swaraj/agribot_ur5/sim_ur5/install/linkattacher_msgs/local/lib/python3.10/dist-packages/linkattacher_msgs/srv'...
[0.946s] -- Up-to-date: /home/swaraj/agribot_ur5/sim_ur5/install/linkattacher_msgs/lib/liblinkattacher_msgs__rosidl_generator_py.so
[0.946s] -- Up-to-date: /home/swaraj/agribot_ur5/sim_ur5/install/linkattacher_msgs/share/linkattacher_msgs/cmake/export_linkattacher_msgs__rosidl_generator_cExport.cmake
[0.947s] -- Up-to-date: /home/swaraj/agribot_ur5/sim_ur5/install/linkattacher_msgs/share/linkattacher_msgs/cmake/export_linkattacher_msgs__rosidl_generator_cExport-noconfig.cmake
[0.947s] -- Up-to-date: /home/swaraj/agribot_ur5/sim_ur5/install/linkattacher_msgs/share/linkattacher_msgs/cmake/export_linkattacher_msgs__rosidl_typesupport_fastrtps_cExport.cmake
[0.947s] -- Up-to-date: /home/swaraj/agribot_ur5/sim_ur5/install/linkattacher_msgs/share/linkattacher_msgs/cmake/export_linkattacher_msgs__rosidl_typesupport_fastrtps_cExport-noconfig.cmake
[0.947s] -- Up-to-date: /home/swaraj/agribot_ur5/sim_ur5/install/linkattacher_msgs/share/linkattacher_msgs/cmake/linkattacher_msgs__rosidl_typesupport_introspection_cExport.cmake
[0.947s] -- Up-to-date: /home/swaraj/agribot_ur5/sim_ur5/install/linkattacher_msgs/share/linkattacher_msgs/cmake/linkattacher_msgs__rosidl_typesupport_introspection_cExport-noconfig.cmake
[0.947s] -- Up-to-date: /home/swaraj/agribot_ur5/sim_ur5/install/linkattacher_msgs/share/linkattacher_msgs/cmake/linkattacher_msgs__rosidl_typesupport_cExport.cmake
[0.948s] -- Up-to-date: /home/swaraj/agribot_ur5/sim_ur5/install/linkattacher_msgs/share/linkattacher_msgs/cmake/linkattacher_msgs__rosidl_typesupport_cExport-noconfig.cmake
[0.948s] -- Up-to-date: /home/swaraj/agribot_ur5/sim_ur5/install/linkattacher_msgs/share/linkattacher_msgs/cmake/export_linkattacher_msgs__rosidl_generator_cppExport.cmake
[0.948s] -- Up-to-date: /home/swaraj/agribot_ur5/sim_ur5/install/linkattacher_msgs/share/linkattacher_msgs/cmake/export_linkattacher_msgs__rosidl_typesupport_fastrtps_cppExport.cmake
[0.948s] -- Up-to-date: /home/swaraj/agribot_ur5/sim_ur5/install/linkattacher_msgs/share/linkattacher_msgs/cmake/export_linkattacher_msgs__rosidl_typesupport_fastrtps_cppExport-noconfig.cmake
[0.948s] -- Up-to-date: /home/swaraj/agribot_ur5/sim_ur5/install/linkattacher_msgs/share/linkattacher_msgs/cmake/linkattacher_msgs__rosidl_typesupport_introspection_cppExport.cmake
[0.948s] -- Up-to-date: /home/swaraj/agribot_ur5/sim_ur5/install/linkattacher_msgs/share/linkattacher_msgs/cmake/linkattacher_msgs__rosidl_typesupport_introspection_cppExport-noconfig.cmake
[0.948s] -- Up-to-date: /home/swaraj/agribot_ur5/sim_ur5/install/linkattacher_msgs/share/linkattacher_msgs/cmake/linkattacher_msgs__rosidl_typesupport_cppExport.cmake
[0.949s] -- Up-to-date: /home/swaraj/agribot_ur5/sim_ur5/install/linkattacher_msgs/share/linkattacher_msgs/cmake/linkattacher_msgs__rosidl_typesupport_cppExport-noconfig.cmake
[0.949s] -- Up-to-date: /home/swaraj/agribot_ur5/sim_ur5/install/linkattacher_msgs/share/linkattacher_msgs/cmake/export_linkattacher_msgs__rosidl_generator_pyExport.cmake
[0.949s] -- Up-to-date: /home/swaraj/agribot_ur5/sim_ur5/install/linkattacher_msgs/share/linkattacher_msgs/cmake/export_linkattacher_msgs__rosidl_generator_pyExport-noconfig.cmake
[0.949s] Invoked command in '/home/swaraj/agribot_ur5/sim_ur5/build/linkattacher_msgs' returned '0': CMAKE_PREFIX_PATH=${CMAKE_PREFIX_PATH}:/opt/ros/humble /usr/bin/cmake --install /home/swaraj/agribot_ur5/sim_ur5/build/linkattacher_msgs
