[0.099s] Invoking command in '/home/swaraj/agribot_ur5/sim_ur5/build/realsense_gazebo_plugin': CMAKE_PREFIX_PATH=${CMAKE_PREFIX_PATH}:/opt/ros/humble /usr/bin/cmake --build /home/swaraj/agribot_ur5/sim_ur5/build/realsense_gazebo_plugin -- -j8 -l8
[0.178s] [35m[1mConsolidate compiler generated dependencies of target realsense_gazebo_plugin[0m
[0.276s] [100%] Built target realsense_gazebo_plugin
[0.355s] Invoked command in '/home/swaraj/agribot_ur5/sim_ur5/build/realsense_gazebo_plugin' returned '0': CMAKE_PREFIX_PATH=${CMAKE_PREFIX_PATH}:/opt/ros/humble /usr/bin/cmake --build /home/swaraj/agribot_ur5/sim_ur5/build/realsense_gazebo_plugin -- -j8 -l8
[0.532s] Invoking command in '/home/swaraj/agribot_ur5/sim_ur5/build/realsense_gazebo_plugin': CMAKE_PREFIX_PATH=${CMAKE_PREFIX_PATH}:/opt/ros/humble /usr/bin/cmake --install /home/swaraj/agribot_ur5/sim_ur5/build/realsense_gazebo_plugin
[0.541s] -- Install configuration: ""
[0.541s] -- Execute custom install script
[0.541s] -- Up-to-date symlink: /home/swaraj/agribot_ur5/sim_ur5/install/realsense_gazebo_plugin/lib/librealsense_gazebo_plugin.so
[0.542s] -- Up-to-date symlink: /home/swaraj/agribot_ur5/sim_ur5/install/realsense_gazebo_plugin/include//realsense_gazebo_plugin/RealSensePlugin.h
[0.542s] -- Up-to-date symlink: /home/swaraj/agribot_ur5/sim_ur5/install/realsense_gazebo_plugin/include//realsense_gazebo_plugin/gazebo_ros_realsense.h
[0.542s] -- Up-to-date symlink: /home/swaraj/agribot_ur5/sim_ur5/install/realsense_gazebo_plugin/share/realsense_gazebo_plugin/environment/library_path.sh
[0.543s] -- Up-to-date symlink: /home/swaraj/agribot_ur5/sim_ur5/install/realsense_gazebo_plugin/share/realsense_gazebo_plugin/environment/library_path.dsv
[0.543s] -- Up-to-date symlink: /home/swaraj/agribot_ur5/sim_ur5/install/realsense_gazebo_plugin/share/ament_index/resource_index/package_run_dependencies/realsense_gazebo_plugin
[0.543s] -- Up-to-date symlink: /home/swaraj/agribot_ur5/sim_ur5/install/realsense_gazebo_plugin/share/ament_index/resource_index/parent_prefix_path/realsense_gazebo_plugin
[0.544s] -- Up-to-date symlink: /home/swaraj/agribot_ur5/sim_ur5/install/realsense_gazebo_plugin/share/realsense_gazebo_plugin/environment/ament_prefix_path.sh
[0.544s] -- Up-to-date symlink: /home/swaraj/agribot_ur5/sim_ur5/install/realsense_gazebo_plugin/share/realsense_gazebo_plugin/environment/ament_prefix_path.dsv
[0.545s] -- Up-to-date symlink: /home/swaraj/agribot_ur5/sim_ur5/install/realsense_gazebo_plugin/share/realsense_gazebo_plugin/environment/path.sh
[0.545s] -- Up-to-date symlink: /home/swaraj/agribot_ur5/sim_ur5/install/realsense_gazebo_plugin/share/realsense_gazebo_plugin/environment/path.dsv
[0.545s] -- Up-to-date symlink: /home/swaraj/agribot_ur5/sim_ur5/install/realsense_gazebo_plugin/share/realsense_gazebo_plugin/local_setup.bash
[0.546s] -- Up-to-date symlink: /home/swaraj/agribot_ur5/sim_ur5/install/realsense_gazebo_plugin/share/realsense_gazebo_plugin/local_setup.sh
[0.546s] -- Up-to-date symlink: /home/swaraj/agribot_ur5/sim_ur5/install/realsense_gazebo_plugin/share/realsense_gazebo_plugin/local_setup.zsh
[0.546s] -- Up-to-date symlink: /home/swaraj/agribot_ur5/sim_ur5/install/realsense_gazebo_plugin/share/realsense_gazebo_plugin/local_setup.dsv
[0.546s] -- Symlinking: /home/swaraj/agribot_ur5/sim_ur5/install/realsense_gazebo_plugin/share/realsense_gazebo_plugin/package.dsv
[0.555s] -- Up-to-date symlink: /home/swaraj/agribot_ur5/sim_ur5/install/realsense_gazebo_plugin/share/ament_index/resource_index/packages/realsense_gazebo_plugin
[0.555s] -- Up-to-date symlink: /home/swaraj/agribot_ur5/sim_ur5/install/realsense_gazebo_plugin/share/realsense_gazebo_plugin/cmake/ament_cmake_export_include_directories-extras.cmake
[0.555s] -- Up-to-date symlink: /home/swaraj/agribot_ur5/sim_ur5/install/realsense_gazebo_plugin/share/realsense_gazebo_plugin/cmake/ament_cmake_export_libraries-extras.cmake
[0.556s] -- Up-to-date symlink: /home/swaraj/agribot_ur5/sim_ur5/install/realsense_gazebo_plugin/share/realsense_gazebo_plugin/cmake/realsense_gazebo_pluginConfig.cmake
[0.556s] -- Up-to-date symlink: /home/swaraj/agribot_ur5/sim_ur5/install/realsense_gazebo_plugin/share/realsense_gazebo_plugin/cmake/realsense_gazebo_pluginConfig-version.cmake
[0.556s] -- Up-to-date symlink: /home/swaraj/agribot_ur5/sim_ur5/install/realsense_gazebo_plugin/share/realsense_gazebo_plugin/package.xml
[0.611s] Invoked command in '/home/swaraj/agribot_ur5/sim_ur5/build/realsense_gazebo_plugin' returned '0': CMAKE_PREFIX_PATH=${CMAKE_PREFIX_PATH}:/opt/ros/humble /usr/bin/cmake --install /home/swaraj/agribot_ur5/sim_ur5/build/realsense_gazebo_plugin
