[0.055s] Invoking command in '/home/swaraj/agribot_ur5/real_ur5/build/ur_controllers': AMENT_PREFIX_PATH=/home/swaraj/agribot_ur5/real_ur5/install/ur_dashboard_msgs:${AMENT_PREFIX_PATH} CMAKE_PREFIX_PATH=/home/swaraj/agribot_ur5/real_ur5/install/ur_dashboard_msgs:/opt/ros/humble LD_LIBRARY_PATH=/home/swaraj/agribot_ur5/real_ur5/install/ur_dashboard_msgs/lib:${LD_LIBRARY_PATH} PYTHONPATH=/home/swaraj/agribot_ur5/real_ur5/install/ur_dashboard_msgs/local/lib/python3.10/dist-packages:${PYTHONPATH} /usr/bin/cmake --build /home/swaraj/agribot_ur5/real_ur5/build/ur_controllers -- -j8 -l8
[0.101s] [ 42%] Built target gpio_controller_parameters
[0.101s] [ 42%] Built target scaled_joint_trajectory_controller_parameters
[0.101s] [ 42%] Built target speed_scaling_state_broadcaster_parameters
[0.113s] [35m[1mConsolidate compiler generated dependencies of target ur_controllers[0m
[0.138s] [100%] Built target ur_controllers
[0.149s] Invoked command in '/home/swaraj/agribot_ur5/real_ur5/build/ur_controllers' returned '0': AMENT_PREFIX_PATH=/home/swaraj/agribot_ur5/real_ur5/install/ur_dashboard_msgs:${AMENT_PREFIX_PATH} CMAKE_PREFIX_PATH=/home/swaraj/agribot_ur5/real_ur5/install/ur_dashboard_msgs:/opt/ros/humble LD_LIBRARY_PATH=/home/swaraj/agribot_ur5/real_ur5/install/ur_dashboard_msgs/lib:${LD_LIBRARY_PATH} PYTHONPATH=/home/swaraj/agribot_ur5/real_ur5/install/ur_dashboard_msgs/local/lib/python3.10/dist-packages:${PYTHONPATH} /usr/bin/cmake --build /home/swaraj/agribot_ur5/real_ur5/build/ur_controllers -- -j8 -l8
[0.178s] Invoking command in '/home/swaraj/agribot_ur5/real_ur5/build/ur_controllers': AMENT_PREFIX_PATH=/home/swaraj/agribot_ur5/real_ur5/install/ur_dashboard_msgs:${AMENT_PREFIX_PATH} CMAKE_PREFIX_PATH=/home/swaraj/agribot_ur5/real_ur5/install/ur_dashboard_msgs:/opt/ros/humble LD_LIBRARY_PATH=/home/swaraj/agribot_ur5/real_ur5/install/ur_dashboard_msgs/lib:${LD_LIBRARY_PATH} PYTHONPATH=/home/swaraj/agribot_ur5/real_ur5/install/ur_dashboard_msgs/local/lib/python3.10/dist-packages:${PYTHONPATH} /usr/bin/cmake --install /home/swaraj/agribot_ur5/real_ur5/build/ur_controllers
[0.185s] -- Install configuration: "Release"
[0.185s] -- Up-to-date: /home/swaraj/agribot_ur5/real_ur5/install/ur_controllers/include/gpio_controller_parameters
[0.185s] -- Up-to-date: /home/swaraj/agribot_ur5/real_ur5/install/ur_controllers/include/gpio_controller_parameters/gpio_controller_parameters.hpp
[0.185s] -- Up-to-date: /home/swaraj/agribot_ur5/real_ur5/install/ur_controllers/include/speed_scaling_state_broadcaster_parameters
[0.185s] -- Up-to-date: /home/swaraj/agribot_ur5/real_ur5/install/ur_controllers/include/speed_scaling_state_broadcaster_parameters/speed_scaling_state_broadcaster_parameters.hpp
[0.185s] -- Up-to-date: /home/swaraj/agribot_ur5/real_ur5/install/ur_controllers/include/scaled_joint_trajectory_controller_parameters
[0.186s] -- Up-to-date: /home/swaraj/agribot_ur5/real_ur5/install/ur_controllers/include/scaled_joint_trajectory_controller_parameters/scaled_joint_trajectory_controller_parameters.hpp
[0.186s] -- Up-to-date: /home/swaraj/agribot_ur5/real_ur5/install/ur_controllers/share/ur_controllers/controller_plugins.xml
[0.186s] -- Up-to-date: /home/swaraj/agribot_ur5/real_ur5/install/ur_controllers/lib/libur_controllers.so
[0.186s] -- Up-to-date: /home/swaraj/agribot_ur5/real_ur5/install/ur_controllers/include
[0.186s] -- Up-to-date: /home/swaraj/agribot_ur5/real_ur5/install/ur_controllers/include/ur_controllers
[0.186s] -- Up-to-date: /home/swaraj/agribot_ur5/real_ur5/install/ur_controllers/include/ur_controllers/scaled_joint_trajectory_controller.hpp
[0.186s] -- Up-to-date: /home/swaraj/agribot_ur5/real_ur5/install/ur_controllers/include/ur_controllers/gpio_controller.hpp
[0.186s] -- Up-to-date: /home/swaraj/agribot_ur5/real_ur5/install/ur_controllers/include/ur_controllers/speed_scaling_state_broadcaster.hpp
[0.187s] -- Up-to-date: /home/swaraj/agribot_ur5/real_ur5/install/ur_controllers/share/ur_controllers/controller_plugins.xml
[0.187s] -- Up-to-date: /home/swaraj/agribot_ur5/real_ur5/install/ur_controllers/share/ur_controllers/environment/library_path.sh
[0.187s] -- Up-to-date: /home/swaraj/agribot_ur5/real_ur5/install/ur_controllers/share/ur_controllers/environment/library_path.dsv
[0.187s] -- Up-to-date: /home/swaraj/agribot_ur5/real_ur5/install/ur_controllers/share/ament_index/resource_index/package_run_dependencies/ur_controllers
[0.187s] -- Up-to-date: /home/swaraj/agribot_ur5/real_ur5/install/ur_controllers/share/ament_index/resource_index/parent_prefix_path/ur_controllers
[0.187s] -- Up-to-date: /home/swaraj/agribot_ur5/real_ur5/install/ur_controllers/share/ur_controllers/environment/ament_prefix_path.sh
[0.187s] -- Up-to-date: /home/swaraj/agribot_ur5/real_ur5/install/ur_controllers/share/ur_controllers/environment/ament_prefix_path.dsv
[0.187s] -- Up-to-date: /home/swaraj/agribot_ur5/real_ur5/install/ur_controllers/share/ur_controllers/environment/path.sh
[0.187s] -- Up-to-date: /home/swaraj/agribot_ur5/real_ur5/install/ur_controllers/share/ur_controllers/environment/path.dsv
[0.187s] -- Up-to-date: /home/swaraj/agribot_ur5/real_ur5/install/ur_controllers/share/ur_controllers/local_setup.bash
[0.188s] -- Up-to-date: /home/swaraj/agribot_ur5/real_ur5/install/ur_controllers/share/ur_controllers/local_setup.sh
[0.188s] -- Up-to-date: /home/swaraj/agribot_ur5/real_ur5/install/ur_controllers/share/ur_controllers/local_setup.zsh
[0.188s] -- Up-to-date: /home/swaraj/agribot_ur5/real_ur5/install/ur_controllers/share/ur_controllers/local_setup.dsv
[0.188s] -- Installing: /home/swaraj/agribot_ur5/real_ur5/install/ur_controllers/share/ur_controllers/package.dsv
[0.188s] -- Up-to-date: /home/swaraj/agribot_ur5/real_ur5/install/ur_controllers/share/ament_index/resource_index/packages/ur_controllers
[0.189s] -- Up-to-date: /home/swaraj/agribot_ur5/real_ur5/install/ur_controllers/share/ament_index/resource_index/controller_interface__pluginlib__plugin/ur_controllers
[0.189s] -- Up-to-date: /home/swaraj/agribot_ur5/real_ur5/install/ur_controllers/share/ur_controllers/cmake/ament_cmake_export_dependencies-extras.cmake
[0.189s] -- Up-to-date: /home/swaraj/agribot_ur5/real_ur5/install/ur_controllers/share/ur_controllers/cmake/ament_cmake_export_include_directories-extras.cmake
[0.189s] -- Up-to-date: /home/swaraj/agribot_ur5/real_ur5/install/ur_controllers/share/ur_controllers/cmake/ament_cmake_export_libraries-extras.cmake
[0.189s] -- Up-to-date: /home/swaraj/agribot_ur5/real_ur5/install/ur_controllers/share/ur_controllers/cmake/ur_controllersConfig.cmake
[0.189s] -- Up-to-date: /home/swaraj/agribot_ur5/real_ur5/install/ur_controllers/share/ur_controllers/cmake/ur_controllersConfig-version.cmake
[0.190s] -- Up-to-date: /home/swaraj/agribot_ur5/real_ur5/install/ur_controllers/share/ur_controllers/package.xml
[0.190s] Invoked command in '/home/swaraj/agribot_ur5/real_ur5/build/ur_controllers' returned '0': AMENT_PREFIX_PATH=/home/swaraj/agribot_ur5/real_ur5/install/ur_dashboard_msgs:${AMENT_PREFIX_PATH} CMAKE_PREFIX_PATH=/home/swaraj/agribot_ur5/real_ur5/install/ur_dashboard_msgs:/opt/ros/humble LD_LIBRARY_PATH=/home/swaraj/agribot_ur5/real_ur5/install/ur_dashboard_msgs/lib:${LD_LIBRARY_PATH} PYTHONPATH=/home/swaraj/agribot_ur5/real_ur5/install/ur_dashboard_msgs/local/lib/python3.10/dist-packages:${PYTHONPATH} /usr/bin/cmake --install /home/swaraj/agribot_ur5/real_ur5/build/ur_controllers
