-- Install configuration: ""
-- Execute custom install script
-- Up-to-date symlink: /home/swaraj/agribot_ur5/sim_ur5/install/ur5_moveit/share/ament_index/resource_index/package_run_dependencies/ur5_moveit
-- Up-to-date symlink: /home/swaraj/agribot_ur5/sim_ur5/install/ur5_moveit/share/ament_index/resource_index/parent_prefix_path/ur5_moveit
-- Up-to-date symlink: /home/swaraj/agribot_ur5/sim_ur5/install/ur5_moveit/share/ur5_moveit/environment/ament_prefix_path.sh
-- Up-to-date symlink: /home/swaraj/agribot_ur5/sim_ur5/install/ur5_moveit/share/ur5_moveit/environment/ament_prefix_path.dsv
-- Up-to-date symlink: /home/swaraj/agribot_ur5/sim_ur5/install/ur5_moveit/share/ur5_moveit/environment/path.sh
-- Up-to-date symlink: /home/swaraj/agribot_ur5/sim_ur5/install/ur5_moveit/share/ur5_moveit/environment/path.dsv
-- Up-to-date symlink: /home/swaraj/agribot_ur5/sim_ur5/install/ur5_moveit/share/ur5_moveit/local_setup.bash
-- Up-to-date symlink: /home/swaraj/agribot_ur5/sim_ur5/install/ur5_moveit/share/ur5_moveit/local_setup.sh
-- Up-to-date symlink: /home/swaraj/agribot_ur5/sim_ur5/install/ur5_moveit/share/ur5_moveit/local_setup.zsh
-- Up-to-date symlink: /home/swaraj/agribot_ur5/sim_ur5/install/ur5_moveit/share/ur5_moveit/local_setup.dsv
-- Symlinking: /home/swaraj/agribot_ur5/sim_ur5/install/ur5_moveit/share/ur5_moveit/package.dsv
-- Up-to-date symlink: /home/swaraj/agribot_ur5/sim_ur5/install/ur5_moveit/share/ament_index/resource_index/packages/ur5_moveit
-- Up-to-date symlink: /home/swaraj/agribot_ur5/sim_ur5/install/ur5_moveit/share/ur5_moveit/cmake/ur5_moveitConfig.cmake
-- Up-to-date symlink: /home/swaraj/agribot_ur5/sim_ur5/install/ur5_moveit/share/ur5_moveit/cmake/ur5_moveitConfig-version.cmake
-- Up-to-date symlink: /home/swaraj/agribot_ur5/sim_ur5/install/ur5_moveit/share/ur5_moveit/package.xml
-- Up-to-date symlink: /home/swaraj/agribot_ur5/sim_ur5/install/ur5_moveit/share/ur5_moveit/launch/demo.launch.py
-- Up-to-date symlink: /home/swaraj/agribot_ur5/sim_ur5/install/ur5_moveit/share/ur5_moveit/launch/move_group.launch.py
-- Up-to-date symlink: /home/swaraj/agribot_ur5/sim_ur5/install/ur5_moveit/share/ur5_moveit/launch/moveit_rviz.launch.py
-- Up-to-date symlink: /home/swaraj/agribot_ur5/sim_ur5/install/ur5_moveit/share/ur5_moveit/launch/rsp.launch.py
-- Up-to-date symlink: /home/swaraj/agribot_ur5/sim_ur5/install/ur5_moveit/share/ur5_moveit/launch/setup_assistant.launch.py
-- Up-to-date symlink: /home/swaraj/agribot_ur5/sim_ur5/install/ur5_moveit/share/ur5_moveit/launch/spawn_controllers.launch.py
-- Up-to-date symlink: /home/swaraj/agribot_ur5/sim_ur5/install/ur5_moveit/share/ur5_moveit/launch/spawn_ur5_launch_moveit.launch.py
-- Up-to-date symlink: /home/swaraj/agribot_ur5/sim_ur5/install/ur5_moveit/share/ur5_moveit/launch/static_virtual_joint_tfs.launch.py
-- Symlinking: /home/swaraj/agribot_ur5/sim_ur5/install/ur5_moveit/share/ur5_moveit/launch/ur5_rviz_gazebo.launch.py
-- Up-to-date symlink: /home/swaraj/agribot_ur5/sim_ur5/install/ur5_moveit/share/ur5_moveit/config/initial_positions.yaml
-- Up-to-date symlink: /home/swaraj/agribot_ur5/sim_ur5/install/ur5_moveit/share/ur5_moveit/config/joint_limits.yaml
-- Up-to-date symlink: /home/swaraj/agribot_ur5/sim_ur5/install/ur5_moveit/share/ur5_moveit/config/kinematics.yaml
-- Up-to-date symlink: /home/swaraj/agribot_ur5/sim_ur5/install/ur5_moveit/share/ur5_moveit/config/moveit.rviz
-- Up-to-date symlink: /home/swaraj/agribot_ur5/sim_ur5/install/ur5_moveit/share/ur5_moveit/config/moveit_controllers.yaml
-- Up-to-date symlink: /home/swaraj/agribot_ur5/sim_ur5/install/ur5_moveit/share/ur5_moveit/config/ompl_planning.yaml
-- Up-to-date symlink: /home/swaraj/agribot_ur5/sim_ur5/install/ur5_moveit/share/ur5_moveit/config/pilz_cartesian_limits.yaml
-- Up-to-date symlink: /home/swaraj/agribot_ur5/sim_ur5/install/ur5_moveit/share/ur5_moveit/config/ros_controllers.yaml
-- Up-to-date symlink: /home/swaraj/agribot_ur5/sim_ur5/install/ur5_moveit/share/ur5_moveit/config/ur5.ros2_control.xacro
-- Up-to-date symlink: /home/swaraj/agribot_ur5/sim_ur5/install/ur5_moveit/share/ur5_moveit/config/ur5.srdf
-- Up-to-date symlink: /home/swaraj/agribot_ur5/sim_ur5/install/ur5_moveit/share/ur5_moveit/config/ur5.urdf.xacro
-- Up-to-date symlink: /home/swaraj/agribot_ur5/sim_ur5/install/ur5_moveit/share/ur5_moveit/config/ur_servo.yaml
-- Up-to-date symlink: /home/swaraj/agribot_ur5/sim_ur5/install/ur5_moveit/share/ur5_moveit/.setup_assistant
