[0.162s] Invoking command in '/home/swaraj/agribot_ur5/sim_ur5/build/ur5_moveit': CMAKE_PREFIX_PATH=/home/swaraj/agribot_ur5/sim_ur5/install/ur_description:/home/swaraj/agribot_ur5/sim_ur5/install/ur5_moveit:/home/swaraj/agribot_ur5/sim_ur5/install/realsense_gazebo_plugin:/home/swaraj/agribot_ur5/sim_ur5/install/linkattacher_msgs:/home/swaraj/agribot_ur5/sim_ur5/install/gazebo_ros2_control:/home/swaraj/agribot_ur5/sim_ur5/install/eyantra_warehouse:/home/swaraj/agribot_ur5/real_ur5/install/ur:/home/swaraj/agribot_ur5/real_ur5/install/ur_calibration:/home/swaraj/agribot_ur5/real_ur5/install/ur_robot_driver:/home/swaraj/agribot_ur5/real_ur5/install/ur_moveit_config:/home/swaraj/agribot_ur5/real_ur5/install/ur_bringup:/home/swaraj/agribot_ur5/real_ur5/install/ur_description:/home/swaraj/agribot_ur5/real_ur5/install/ur_controllers:/home/swaraj/agribot_ur5/real_ur5/install/ur_dashboard_msgs:/opt/ros/humble /usr/bin/cmake --build /home/swaraj/agribot_ur5/sim_ur5/build/ur5_moveit -- -j8 -l8
[0.325s] Invoked command in '/home/swaraj/agribot_ur5/sim_ur5/build/ur5_moveit' returned '0': CMAKE_PREFIX_PATH=/home/swaraj/agribot_ur5/sim_ur5/install/ur_description:/home/swaraj/agribot_ur5/sim_ur5/install/ur5_moveit:/home/swaraj/agribot_ur5/sim_ur5/install/realsense_gazebo_plugin:/home/swaraj/agribot_ur5/sim_ur5/install/linkattacher_msgs:/home/swaraj/agribot_ur5/sim_ur5/install/gazebo_ros2_control:/home/swaraj/agribot_ur5/sim_ur5/install/eyantra_warehouse:/home/swaraj/agribot_ur5/real_ur5/install/ur:/home/swaraj/agribot_ur5/real_ur5/install/ur_calibration:/home/swaraj/agribot_ur5/real_ur5/install/ur_robot_driver:/home/swaraj/agribot_ur5/real_ur5/install/ur_moveit_config:/home/swaraj/agribot_ur5/real_ur5/install/ur_bringup:/home/swaraj/agribot_ur5/real_ur5/install/ur_description:/home/swaraj/agribot_ur5/real_ur5/install/ur_controllers:/home/swaraj/agribot_ur5/real_ur5/install/ur_dashboard_msgs:/opt/ros/humble /usr/bin/cmake --build /home/swaraj/agribot_ur5/sim_ur5/build/ur5_moveit -- -j8 -l8
[0.422s] Invoking command in '/home/swaraj/agribot_ur5/sim_ur5/build/ur5_moveit': CMAKE_PREFIX_PATH=/home/swaraj/agribot_ur5/sim_ur5/install/ur_description:/home/swaraj/agribot_ur5/sim_ur5/install/ur5_moveit:/home/swaraj/agribot_ur5/sim_ur5/install/realsense_gazebo_plugin:/home/swaraj/agribot_ur5/sim_ur5/install/linkattacher_msgs:/home/swaraj/agribot_ur5/sim_ur5/install/gazebo_ros2_control:/home/swaraj/agribot_ur5/sim_ur5/install/eyantra_warehouse:/home/swaraj/agribot_ur5/real_ur5/install/ur:/home/swaraj/agribot_ur5/real_ur5/install/ur_calibration:/home/swaraj/agribot_ur5/real_ur5/install/ur_robot_driver:/home/swaraj/agribot_ur5/real_ur5/install/ur_moveit_config:/home/swaraj/agribot_ur5/real_ur5/install/ur_bringup:/home/swaraj/agribot_ur5/real_ur5/install/ur_description:/home/swaraj/agribot_ur5/real_ur5/install/ur_controllers:/home/swaraj/agribot_ur5/real_ur5/install/ur_dashboard_msgs:/opt/ros/humble /usr/bin/cmake --install /home/swaraj/agribot_ur5/sim_ur5/build/ur5_moveit
[0.426s] -- Install configuration: ""
[0.426s] -- Execute custom install script
[0.426s] -- Up-to-date symlink: /home/swaraj/agribot_ur5/sim_ur5/install/ur5_moveit/share/ament_index/resource_index/package_run_dependencies/ur5_moveit
[0.426s] -- Up-to-date symlink: /home/swaraj/agribot_ur5/sim_ur5/install/ur5_moveit/share/ament_index/resource_index/parent_prefix_path/ur5_moveit
[0.427s] -- Up-to-date symlink: /home/swaraj/agribot_ur5/sim_ur5/install/ur5_moveit/share/ur5_moveit/environment/ament_prefix_path.sh
[0.427s] -- Up-to-date symlink: /home/swaraj/agribot_ur5/sim_ur5/install/ur5_moveit/share/ur5_moveit/environment/ament_prefix_path.dsv
[0.427s] -- Up-to-date symlink: /home/swaraj/agribot_ur5/sim_ur5/install/ur5_moveit/share/ur5_moveit/environment/path.sh
[0.427s] -- Up-to-date symlink: /home/swaraj/agribot_ur5/sim_ur5/install/ur5_moveit/share/ur5_moveit/environment/path.dsv
[0.427s] -- Up-to-date symlink: /home/swaraj/agribot_ur5/sim_ur5/install/ur5_moveit/share/ur5_moveit/local_setup.bash
[0.427s] -- Up-to-date symlink: /home/swaraj/agribot_ur5/sim_ur5/install/ur5_moveit/share/ur5_moveit/local_setup.sh
[0.428s] -- Up-to-date symlink: /home/swaraj/agribot_ur5/sim_ur5/install/ur5_moveit/share/ur5_moveit/local_setup.zsh
[0.428s] -- Up-to-date symlink: /home/swaraj/agribot_ur5/sim_ur5/install/ur5_moveit/share/ur5_moveit/local_setup.dsv
[0.428s] -- Symlinking: /home/swaraj/agribot_ur5/sim_ur5/install/ur5_moveit/share/ur5_moveit/package.dsv
[0.433s] -- Up-to-date symlink: /home/swaraj/agribot_ur5/sim_ur5/install/ur5_moveit/share/ament_index/resource_index/packages/ur5_moveit
[0.433s] -- Up-to-date symlink: /home/swaraj/agribot_ur5/sim_ur5/install/ur5_moveit/share/ur5_moveit/cmake/ur5_moveitConfig.cmake
[0.433s] -- Up-to-date symlink: /home/swaraj/agribot_ur5/sim_ur5/install/ur5_moveit/share/ur5_moveit/cmake/ur5_moveitConfig-version.cmake
[0.433s] -- Up-to-date symlink: /home/swaraj/agribot_ur5/sim_ur5/install/ur5_moveit/share/ur5_moveit/package.xml
[0.434s] -- Up-to-date symlink: /home/swaraj/agribot_ur5/sim_ur5/install/ur5_moveit/share/ur5_moveit/launch/demo.launch.py
[0.434s] -- Up-to-date symlink: /home/swaraj/agribot_ur5/sim_ur5/install/ur5_moveit/share/ur5_moveit/launch/move_group.launch.py
[0.435s] -- Up-to-date symlink: /home/swaraj/agribot_ur5/sim_ur5/install/ur5_moveit/share/ur5_moveit/launch/moveit_rviz.launch.py
[0.435s] -- Up-to-date symlink: /home/swaraj/agribot_ur5/sim_ur5/install/ur5_moveit/share/ur5_moveit/launch/rsp.launch.py
[0.435s] -- Up-to-date symlink: /home/swaraj/agribot_ur5/sim_ur5/install/ur5_moveit/share/ur5_moveit/launch/setup_assistant.launch.py
[0.435s] -- Up-to-date symlink: /home/swaraj/agribot_ur5/sim_ur5/install/ur5_moveit/share/ur5_moveit/launch/spawn_controllers.launch.py
[0.436s] -- Up-to-date symlink: /home/swaraj/agribot_ur5/sim_ur5/install/ur5_moveit/share/ur5_moveit/launch/spawn_ur5_launch_moveit.launch.py
[0.436s] -- Up-to-date symlink: /home/swaraj/agribot_ur5/sim_ur5/install/ur5_moveit/share/ur5_moveit/launch/static_virtual_joint_tfs.launch.py
[0.436s] -- Symlinking: /home/swaraj/agribot_ur5/sim_ur5/install/ur5_moveit/share/ur5_moveit/launch/ur5_rviz_gazebo.launch.py
[0.445s] -- Up-to-date symlink: /home/swaraj/agribot_ur5/sim_ur5/install/ur5_moveit/share/ur5_moveit/config/initial_positions.yaml
[0.445s] -- Up-to-date symlink: /home/swaraj/agribot_ur5/sim_ur5/install/ur5_moveit/share/ur5_moveit/config/joint_limits.yaml
[0.445s] -- Up-to-date symlink: /home/swaraj/agribot_ur5/sim_ur5/install/ur5_moveit/share/ur5_moveit/config/kinematics.yaml
[0.446s] -- Up-to-date symlink: /home/swaraj/agribot_ur5/sim_ur5/install/ur5_moveit/share/ur5_moveit/config/moveit.rviz
[0.446s] -- Up-to-date symlink: /home/swaraj/agribot_ur5/sim_ur5/install/ur5_moveit/share/ur5_moveit/config/moveit_controllers.yaml
[0.446s] -- Up-to-date symlink: /home/swaraj/agribot_ur5/sim_ur5/install/ur5_moveit/share/ur5_moveit/config/ompl_planning.yaml
[0.446s] -- Up-to-date symlink: /home/swaraj/agribot_ur5/sim_ur5/install/ur5_moveit/share/ur5_moveit/config/pilz_cartesian_limits.yaml
[0.446s] -- Up-to-date symlink: /home/swaraj/agribot_ur5/sim_ur5/install/ur5_moveit/share/ur5_moveit/config/ros_controllers.yaml
[0.446s] -- Up-to-date symlink: /home/swaraj/agribot_ur5/sim_ur5/install/ur5_moveit/share/ur5_moveit/config/ur5.ros2_control.xacro
[0.446s] -- Up-to-date symlink: /home/swaraj/agribot_ur5/sim_ur5/install/ur5_moveit/share/ur5_moveit/config/ur5.srdf
[0.447s] -- Up-to-date symlink: /home/swaraj/agribot_ur5/sim_ur5/install/ur5_moveit/share/ur5_moveit/config/ur5.urdf.xacro
[0.447s] -- Up-to-date symlink: /home/swaraj/agribot_ur5/sim_ur5/install/ur5_moveit/share/ur5_moveit/config/ur_servo.yaml
[0.447s] -- Up-to-date symlink: /home/swaraj/agribot_ur5/sim_ur5/install/ur5_moveit/share/ur5_moveit/.setup_assistant
[0.498s] Invoked command in '/home/swaraj/agribot_ur5/sim_ur5/build/ur5_moveit' returned '0': CMAKE_PREFIX_PATH=/home/swaraj/agribot_ur5/sim_ur5/install/ur_description:/home/swaraj/agribot_ur5/sim_ur5/install/ur5_moveit:/home/swaraj/agribot_ur5/sim_ur5/install/realsense_gazebo_plugin:/home/swaraj/agribot_ur5/sim_ur5/install/linkattacher_msgs:/home/swaraj/agribot_ur5/sim_ur5/install/gazebo_ros2_control:/home/swaraj/agribot_ur5/sim_ur5/install/eyantra_warehouse:/home/swaraj/agribot_ur5/real_ur5/install/ur:/home/swaraj/agribot_ur5/real_ur5/install/ur_calibration:/home/swaraj/agribot_ur5/real_ur5/install/ur_robot_driver:/home/swaraj/agribot_ur5/real_ur5/install/ur_moveit_config:/home/swaraj/agribot_ur5/real_ur5/install/ur_bringup:/home/swaraj/agribot_ur5/real_ur5/install/ur_description:/home/swaraj/agribot_ur5/real_ur5/install/ur_controllers:/home/swaraj/agribot_ur5/real_ur5/install/ur_dashboard_msgs:/opt/ros/humble /usr/bin/cmake --install /home/swaraj/agribot_ur5/sim_ur5/build/ur5_moveit
