[0.242s] Invoking command in '/home/swaraj/agribot_ur5/sim_ur5/build/gazebo_ros2_control': CMAKE_PREFIX_PATH=${CMAKE_PREFIX_PATH}:/opt/ros/humble /usr/bin/cmake --build /home/swaraj/agribot_ur5/sim_ur5/build/gazebo_ros2_control -- -j8 -l8
[0.321s] [35m[1mConsolidate compiler generated dependencies of target gazebo_hardware_plugins[0m
[0.321s] [35m[1mConsolidate compiler generated dependencies of target gazebo_ros2_control[0m
[0.395s] [ 50%] Built target gazebo_hardware_plugins
[0.401s] [100%] Built target gazebo_ros2_control
[0.417s] Invoked command in '/home/swaraj/agribot_ur5/sim_ur5/build/gazebo_ros2_control' returned '0': CMAKE_PREFIX_PATH=${CMAKE_PREFIX_PATH}:/opt/ros/humble /usr/bin/cmake --build /home/swaraj/agribot_ur5/sim_ur5/build/gazebo_ros2_control -- -j8 -l8
[0.507s] Invoking command in '/home/swaraj/agribot_ur5/sim_ur5/build/gazebo_ros2_control': CMAKE_PREFIX_PATH=${CMAKE_PREFIX_PATH}:/opt/ros/humble /usr/bin/cmake --install /home/swaraj/agribot_ur5/sim_ur5/build/gazebo_ros2_control
[0.517s] -- Install configuration: ""
[0.517s] -- Execute custom install script
[0.517s] -- Up-to-date symlink: /home/swaraj/agribot_ur5/sim_ur5/install/gazebo_ros2_control/lib/libgazebo_ros2_control.so
[0.518s] -- Up-to-date symlink: /home/swaraj/agribot_ur5/sim_ur5/install/gazebo_ros2_control/lib/libgazebo_hardware_plugins.so
[0.518s] -- Up-to-date symlink: /home/swaraj/agribot_ur5/sim_ur5/install/gazebo_ros2_control/share/gazebo_ros2_control/environment/library_path.sh
[0.518s] -- Up-to-date symlink: /home/swaraj/agribot_ur5/sim_ur5/install/gazebo_ros2_control/share/gazebo_ros2_control/environment/library_path.dsv
[0.518s] -- Up-to-date symlink: /home/swaraj/agribot_ur5/sim_ur5/install/gazebo_ros2_control/include/gazebo_ros2_control/gazebo_ros2_control_plugin.hpp
[0.519s] -- Up-to-date symlink: /home/swaraj/agribot_ur5/sim_ur5/install/gazebo_ros2_control/include/gazebo_ros2_control/gazebo_system.hpp
[0.519s] -- Up-to-date symlink: /home/swaraj/agribot_ur5/sim_ur5/install/gazebo_ros2_control/include/gazebo_ros2_control/gazebo_system_interface.hpp
[0.519s] -- Up-to-date symlink: /home/swaraj/agribot_ur5/sim_ur5/install/gazebo_ros2_control/share/gazebo_ros2_control//gazebo_hardware_plugins.xml
[0.519s] -- Up-to-date symlink: /home/swaraj/agribot_ur5/sim_ur5/install/gazebo_ros2_control/share/ament_index/resource_index/package_run_dependencies/gazebo_ros2_control
[0.520s] -- Up-to-date symlink: /home/swaraj/agribot_ur5/sim_ur5/install/gazebo_ros2_control/share/ament_index/resource_index/parent_prefix_path/gazebo_ros2_control
[0.520s] -- Up-to-date symlink: /home/swaraj/agribot_ur5/sim_ur5/install/gazebo_ros2_control/share/gazebo_ros2_control/environment/ament_prefix_path.sh
[0.520s] -- Up-to-date symlink: /home/swaraj/agribot_ur5/sim_ur5/install/gazebo_ros2_control/share/gazebo_ros2_control/environment/ament_prefix_path.dsv
[0.520s] -- Up-to-date symlink: /home/swaraj/agribot_ur5/sim_ur5/install/gazebo_ros2_control/share/gazebo_ros2_control/environment/path.sh
[0.520s] -- Up-to-date symlink: /home/swaraj/agribot_ur5/sim_ur5/install/gazebo_ros2_control/share/gazebo_ros2_control/environment/path.dsv
[0.521s] -- Up-to-date symlink: /home/swaraj/agribot_ur5/sim_ur5/install/gazebo_ros2_control/share/gazebo_ros2_control/local_setup.bash
[0.521s] -- Up-to-date symlink: /home/swaraj/agribot_ur5/sim_ur5/install/gazebo_ros2_control/share/gazebo_ros2_control/local_setup.sh
[0.521s] -- Up-to-date symlink: /home/swaraj/agribot_ur5/sim_ur5/install/gazebo_ros2_control/share/gazebo_ros2_control/local_setup.zsh
[0.521s] -- Up-to-date symlink: /home/swaraj/agribot_ur5/sim_ur5/install/gazebo_ros2_control/share/gazebo_ros2_control/local_setup.dsv
[0.522s] -- Symlinking: /home/swaraj/agribot_ur5/sim_ur5/install/gazebo_ros2_control/share/gazebo_ros2_control/package.dsv
[0.532s] -- Up-to-date symlink: /home/swaraj/agribot_ur5/sim_ur5/install/gazebo_ros2_control/share/ament_index/resource_index/packages/gazebo_ros2_control
[0.532s] -- Up-to-date symlink: /home/swaraj/agribot_ur5/sim_ur5/install/gazebo_ros2_control/share/ament_index/resource_index/gazebo_ros2_control__pluginlib__plugin/gazebo_ros2_control
[0.533s] -- Up-to-date symlink: /home/swaraj/agribot_ur5/sim_ur5/install/gazebo_ros2_control/share/gazebo_ros2_control/cmake/ament_cmake_export_include_directories-extras.cmake
[0.533s] -- Up-to-date symlink: /home/swaraj/agribot_ur5/sim_ur5/install/gazebo_ros2_control/share/gazebo_ros2_control/cmake/ament_cmake_export_dependencies-extras.cmake
[0.533s] -- Up-to-date symlink: /home/swaraj/agribot_ur5/sim_ur5/install/gazebo_ros2_control/share/gazebo_ros2_control/cmake/ament_cmake_export_libraries-extras.cmake
[0.533s] -- Up-to-date symlink: /home/swaraj/agribot_ur5/sim_ur5/install/gazebo_ros2_control/share/gazebo_ros2_control/cmake/gazebo_ros2_controlConfig.cmake
[0.534s] -- Up-to-date symlink: /home/swaraj/agribot_ur5/sim_ur5/install/gazebo_ros2_control/share/gazebo_ros2_control/cmake/gazebo_ros2_controlConfig-version.cmake
[0.534s] -- Up-to-date symlink: /home/swaraj/agribot_ur5/sim_ur5/install/gazebo_ros2_control/share/gazebo_ros2_control/package.xml
[0.687s] Invoked command in '/home/swaraj/agribot_ur5/sim_ur5/build/gazebo_ros2_control' returned '0': CMAKE_PREFIX_PATH=${CMAKE_PREFIX_PATH}:/opt/ros/humble /usr/bin/cmake --install /home/swaraj/agribot_ur5/sim_ur5/build/gazebo_ros2_control
