[0.056s] Invoking command in '/home/swaraj/agribot_ur5/real_ur5/build/ur_controllers': AMENT_PREFIX_PATH=/home/swaraj/agribot_ur5/real_ur5/install/ur_dashboard_msgs:${AMENT_PREFIX_PATH} CMAKE_PREFIX_PATH=/home/swaraj/agribot_ur5/real_ur5/install/ur_dashboard_msgs:/opt/ros/humble LD_LIBRARY_PATH=/home/swaraj/agribot_ur5/real_ur5/install/ur_dashboard_msgs/lib:/usr/lib/x86_64-linux-gnu/gazebo-11/plugins:/opt/ros/humble/opt/rviz_ogre_vendor/lib:/opt/ros/humble/lib/x86_64-linux-gnu:/opt/ros/humble/lib:/usr/share/gazebo-11/../../lib/x86_64-linux-gnu/gazebo-11/plugins PYTHONPATH=/home/swaraj/agribot_ur5/real_ur5/install/ur_dashboard_msgs/local/lib/python3.10/dist-packages:${PYTHONPATH} /usr/bin/cmake --build /home/swaraj/agribot_ur5/real_ur5/build/ur_controllers -- -j8 -l8
[0.116s] [ 42%] Built target speed_scaling_state_broadcaster_parameters
[0.116s] [ 42%] Built target gpio_controller_parameters
[0.117s] [ 42%] Built target scaled_joint_trajectory_controller_parameters
[0.165s] [100%] Built target ur_controllers
[0.176s] Invoked command in '/home/swaraj/agribot_ur5/real_ur5/build/ur_controllers' returned '0': AMENT_PREFIX_PATH=/home/swaraj/agribot_ur5/real_ur5/install/ur_dashboard_msgs:${AMENT_PREFIX_PATH} CMAKE_PREFIX_PATH=/home/swaraj/agribot_ur5/real_ur5/install/ur_dashboard_msgs:/opt/ros/humble LD_LIBRARY_PATH=/home/swaraj/agribot_ur5/real_ur5/install/ur_dashboard_msgs/lib:/usr/lib/x86_64-linux-gnu/gazebo-11/plugins:/opt/ros/humble/opt/rviz_ogre_vendor/lib:/opt/ros/humble/lib/x86_64-linux-gnu:/opt/ros/humble/lib:/usr/share/gazebo-11/../../lib/x86_64-linux-gnu/gazebo-11/plugins PYTHONPATH=/home/swaraj/agribot_ur5/real_ur5/install/ur_dashboard_msgs/local/lib/python3.10/dist-packages:${PYTHONPATH} /usr/bin/cmake --build /home/swaraj/agribot_ur5/real_ur5/build/ur_controllers -- -j8 -l8
[0.213s] Invoking command in '/home/swaraj/agribot_ur5/real_ur5/build/ur_controllers': AMENT_PREFIX_PATH=/home/swaraj/agribot_ur5/real_ur5/install/ur_dashboard_msgs:${AMENT_PREFIX_PATH} CMAKE_PREFIX_PATH=/home/swaraj/agribot_ur5/real_ur5/install/ur_dashboard_msgs:/opt/ros/humble LD_LIBRARY_PATH=/home/swaraj/agribot_ur5/real_ur5/install/ur_dashboard_msgs/lib:/usr/lib/x86_64-linux-gnu/gazebo-11/plugins:/opt/ros/humble/opt/rviz_ogre_vendor/lib:/opt/ros/humble/lib/x86_64-linux-gnu:/opt/ros/humble/lib:/usr/share/gazebo-11/../../lib/x86_64-linux-gnu/gazebo-11/plugins PYTHONPATH=/home/swaraj/agribot_ur5/real_ur5/install/ur_dashboard_msgs/local/lib/python3.10/dist-packages:${PYTHONPATH} /usr/bin/cmake --install /home/swaraj/agribot_ur5/real_ur5/build/ur_controllers
[0.221s] -- Install configuration: "Release"
[0.221s] -- Up-to-date: /home/swaraj/agribot_ur5/real_ur5/install/ur_controllers/include/gpio_controller_parameters
[0.221s] -- Up-to-date: /home/swaraj/agribot_ur5/real_ur5/install/ur_controllers/include/gpio_controller_parameters/gpio_controller_parameters.hpp
[0.222s] -- Up-to-date: /home/swaraj/agribot_ur5/real_ur5/install/ur_controllers/include/speed_scaling_state_broadcaster_parameters
[0.222s] -- Up-to-date: /home/swaraj/agribot_ur5/real_ur5/install/ur_controllers/include/speed_scaling_state_broadcaster_parameters/speed_scaling_state_broadcaster_parameters.hpp
[0.222s] -- Up-to-date: /home/swaraj/agribot_ur5/real_ur5/install/ur_controllers/include/scaled_joint_trajectory_controller_parameters
[0.222s] -- Up-to-date: /home/swaraj/agribot_ur5/real_ur5/install/ur_controllers/include/scaled_joint_trajectory_controller_parameters/scaled_joint_trajectory_controller_parameters.hpp
[0.222s] -- Up-to-date: /home/swaraj/agribot_ur5/real_ur5/install/ur_controllers/share/ur_controllers/controller_plugins.xml
[0.222s] -- Up-to-date: /home/swaraj/agribot_ur5/real_ur5/install/ur_controllers/lib/libur_controllers.so
[0.222s] -- Up-to-date: /home/swaraj/agribot_ur5/real_ur5/install/ur_controllers/include
[0.223s] -- Up-to-date: /home/swaraj/agribot_ur5/real_ur5/install/ur_controllers/include/ur_controllers
[0.223s] -- Up-to-date: /home/swaraj/agribot_ur5/real_ur5/install/ur_controllers/include/ur_controllers/scaled_joint_trajectory_controller.hpp
[0.223s] -- Up-to-date: /home/swaraj/agribot_ur5/real_ur5/install/ur_controllers/include/ur_controllers/gpio_controller.hpp
[0.223s] -- Up-to-date: /home/swaraj/agribot_ur5/real_ur5/install/ur_controllers/include/ur_controllers/speed_scaling_state_broadcaster.hpp
[0.223s] -- Up-to-date: /home/swaraj/agribot_ur5/real_ur5/install/ur_controllers/share/ur_controllers/controller_plugins.xml
[0.223s] -- Up-to-date: /home/swaraj/agribot_ur5/real_ur5/install/ur_controllers/share/ur_controllers/environment/library_path.sh
[0.223s] -- Up-to-date: /home/swaraj/agribot_ur5/real_ur5/install/ur_controllers/share/ur_controllers/environment/library_path.dsv
[0.224s] -- Up-to-date: /home/swaraj/agribot_ur5/real_ur5/install/ur_controllers/share/ament_index/resource_index/package_run_dependencies/ur_controllers
[0.224s] -- Up-to-date: /home/swaraj/agribot_ur5/real_ur5/install/ur_controllers/share/ament_index/resource_index/parent_prefix_path/ur_controllers
[0.224s] -- Up-to-date: /home/swaraj/agribot_ur5/real_ur5/install/ur_controllers/share/ur_controllers/environment/ament_prefix_path.sh
[0.224s] -- Up-to-date: /home/swaraj/agribot_ur5/real_ur5/install/ur_controllers/share/ur_controllers/environment/ament_prefix_path.dsv
[0.224s] -- Up-to-date: /home/swaraj/agribot_ur5/real_ur5/install/ur_controllers/share/ur_controllers/environment/path.sh
[0.224s] -- Up-to-date: /home/swaraj/agribot_ur5/real_ur5/install/ur_controllers/share/ur_controllers/environment/path.dsv
[0.224s] -- Up-to-date: /home/swaraj/agribot_ur5/real_ur5/install/ur_controllers/share/ur_controllers/local_setup.bash
[0.224s] -- Up-to-date: /home/swaraj/agribot_ur5/real_ur5/install/ur_controllers/share/ur_controllers/local_setup.sh
[0.224s] -- Up-to-date: /home/swaraj/agribot_ur5/real_ur5/install/ur_controllers/share/ur_controllers/local_setup.zsh
[0.224s] -- Up-to-date: /home/swaraj/agribot_ur5/real_ur5/install/ur_controllers/share/ur_controllers/local_setup.dsv
[0.225s] -- Installing: /home/swaraj/agribot_ur5/real_ur5/install/ur_controllers/share/ur_controllers/package.dsv
[0.225s] -- Up-to-date: /home/swaraj/agribot_ur5/real_ur5/install/ur_controllers/share/ament_index/resource_index/packages/ur_controllers
[0.225s] -- Up-to-date: /home/swaraj/agribot_ur5/real_ur5/install/ur_controllers/share/ament_index/resource_index/controller_interface__pluginlib__plugin/ur_controllers
[0.226s] -- Up-to-date: /home/swaraj/agribot_ur5/real_ur5/install/ur_controllers/share/ur_controllers/cmake/ament_cmake_export_dependencies-extras.cmake
[0.226s] -- Up-to-date: /home/swaraj/agribot_ur5/real_ur5/install/ur_controllers/share/ur_controllers/cmake/ament_cmake_export_include_directories-extras.cmake
[0.227s] -- Up-to-date: /home/swaraj/agribot_ur5/real_ur5/install/ur_controllers/share/ur_controllers/cmake/ament_cmake_export_libraries-extras.cmake
[0.227s] -- Up-to-date: /home/swaraj/agribot_ur5/real_ur5/install/ur_controllers/share/ur_controllers/cmake/ur_controllersConfig.cmake
[0.227s] -- Up-to-date: /home/swaraj/agribot_ur5/real_ur5/install/ur_controllers/share/ur_controllers/cmake/ur_controllersConfig-version.cmake
[0.227s] -- Up-to-date: /home/swaraj/agribot_ur5/real_ur5/install/ur_controllers/share/ur_controllers/package.xml
[0.228s] Invoked command in '/home/swaraj/agribot_ur5/real_ur5/build/ur_controllers' returned '0': AMENT_PREFIX_PATH=/home/swaraj/agribot_ur5/real_ur5/install/ur_dashboard_msgs:${AMENT_PREFIX_PATH} CMAKE_PREFIX_PATH=/home/swaraj/agribot_ur5/real_ur5/install/ur_dashboard_msgs:/opt/ros/humble LD_LIBRARY_PATH=/home/swaraj/agribot_ur5/real_ur5/install/ur_dashboard_msgs/lib:/usr/lib/x86_64-linux-gnu/gazebo-11/plugins:/opt/ros/humble/opt/rviz_ogre_vendor/lib:/opt/ros/humble/lib/x86_64-linux-gnu:/opt/ros/humble/lib:/usr/share/gazebo-11/../../lib/x86_64-linux-gnu/gazebo-11/plugins PYTHONPATH=/home/swaraj/agribot_ur5/real_ur5/install/ur_dashboard_msgs/local/lib/python3.10/dist-packages:${PYTHONPATH} /usr/bin/cmake --install /home/swaraj/agribot_ur5/real_ur5/build/ur_controllers
