[0.059s] Invoking command in '/home/swaraj/agribot_ur5/real_ur5/build/ur': AMENT_PREFIX_PATH=/home/swaraj/agribot_ur5/real_ur5/install/ur_calibration:/home/swaraj/agribot_ur5/real_ur5/install/ur_robot_driver:/home/swaraj/agribot_ur5/real_ur5/install/ur_moveit_config:/home/swaraj/agribot_ur5/real_ur5/install/ur_controllers:/home/swaraj/agribot_ur5/real_ur5/install/ur_description:/home/swaraj/agribot_ur5/real_ur5/install/ur_dashboard_msgs:${AMENT_PREFIX_PATH} CMAKE_PREFIX_PATH=/home/swaraj/agribot_ur5/real_ur5/install/ur_calibration:/home/swaraj/agribot_ur5/real_ur5/install/ur_robot_driver:/home/swaraj/agribot_ur5/real_ur5/install/ur_moveit_config:/home/swaraj/agribot_ur5/real_ur5/install/ur_controllers:/home/swaraj/agribot_ur5/real_ur5/install/ur_description:/home/swaraj/agribot_ur5/real_ur5/install/ur_dashboard_msgs:/opt/ros/humble LD_LIBRARY_PATH=/home/swaraj/agribot_ur5/real_ur5/install/ur_robot_driver/lib:/home/swaraj/agribot_ur5/real_ur5/install/ur_controllers/lib:/home/swaraj/agribot_ur5/real_ur5/install/ur_dashboard_msgs/lib:${LD_LIBRARY_PATH} PATH=/home/swaraj/agribot_ur5/real_ur5/install/ur_robot_driver/bin:${PATH} PYTHONPATH=/home/swaraj/agribot_ur5/real_ur5/install/ur_robot_driver/local/lib/python3.10/dist-packages:/home/swaraj/agribot_ur5/real_ur5/install/ur_moveit_config/local/lib/python3.10/dist-packages:/home/swaraj/agribot_ur5/real_ur5/install/ur_dashboard_msgs/local/lib/python3.10/dist-packages:${PYTHONPATH} /usr/bin/cmake /home/swaraj/agribot_ur5/real_ur5/src/Universal_Robots_ROS2_Driver/ur -DCMAKE_BUILD_TYPE=Release -DCMAKE_INSTALL_PREFIX=/home/swaraj/agribot_ur5/real_ur5/install/ur
[0.109s] -- The C compiler identification is GNU 11.4.0
[0.158s] -- The CXX compiler identification is GNU 11.4.0
[0.164s] -- Detecting C compiler ABI info
[0.226s] -- Detecting C compiler ABI info - done
[0.232s] -- Check for working C compiler: /usr/bin/cc - skipped
[0.232s] -- Detecting C compile features
[0.233s] -- Detecting C compile features - done
[0.235s] -- Detecting CXX compiler ABI info
[0.308s] -- Detecting CXX compiler ABI info - done
[0.315s] -- Check for working CXX compiler: /usr/bin/c++ - skipped
[0.315s] -- Detecting CXX compile features
[0.316s] -- Detecting CXX compile features - done
[0.318s] -- Found ament_cmake: 1.3.5 (/opt/ros/humble/share/ament_cmake/cmake)
[0.475s] -- Found Python3: /usr/bin/python3.10 (found version "3.10.12") found components: Interpreter 
[0.561s] -- Found ament_lint_auto: 0.12.8 (/opt/ros/humble/share/ament_lint_auto/cmake)
[0.639s] -- Added test 'lint_cmake' to check CMake code style
[0.640s] -- Added test 'xmllint' to check XML markup files
[0.641s] -- Configuring done
[0.644s] -- Generating done
[0.644s] -- Build files have been written to: /home/swaraj/agribot_ur5/real_ur5/build/ur
[0.648s] Invoked command in '/home/swaraj/agribot_ur5/real_ur5/build/ur' returned '0': AMENT_PREFIX_PATH=/home/swaraj/agribot_ur5/real_ur5/install/ur_calibration:/home/swaraj/agribot_ur5/real_ur5/install/ur_robot_driver:/home/swaraj/agribot_ur5/real_ur5/install/ur_moveit_config:/home/swaraj/agribot_ur5/real_ur5/install/ur_controllers:/home/swaraj/agribot_ur5/real_ur5/install/ur_description:/home/swaraj/agribot_ur5/real_ur5/install/ur_dashboard_msgs:${AMENT_PREFIX_PATH} CMAKE_PREFIX_PATH=/home/swaraj/agribot_ur5/real_ur5/install/ur_calibration:/home/swaraj/agribot_ur5/real_ur5/install/ur_robot_driver:/home/swaraj/agribot_ur5/real_ur5/install/ur_moveit_config:/home/swaraj/agribot_ur5/real_ur5/install/ur_controllers:/home/swaraj/agribot_ur5/real_ur5/install/ur_description:/home/swaraj/agribot_ur5/real_ur5/install/ur_dashboard_msgs:/opt/ros/humble LD_LIBRARY_PATH=/home/swaraj/agribot_ur5/real_ur5/install/ur_robot_driver/lib:/home/swaraj/agribot_ur5/real_ur5/install/ur_controllers/lib:/home/swaraj/agribot_ur5/real_ur5/install/ur_dashboard_msgs/lib:${LD_LIBRARY_PATH} PATH=/home/swaraj/agribot_ur5/real_ur5/install/ur_robot_driver/bin:${PATH} PYTHONPATH=/home/swaraj/agribot_ur5/real_ur5/install/ur_robot_driver/local/lib/python3.10/dist-packages:/home/swaraj/agribot_ur5/real_ur5/install/ur_moveit_config/local/lib/python3.10/dist-packages:/home/swaraj/agribot_ur5/real_ur5/install/ur_dashboard_msgs/local/lib/python3.10/dist-packages:${PYTHONPATH} /usr/bin/cmake /home/swaraj/agribot_ur5/real_ur5/src/Universal_Robots_ROS2_Driver/ur -DCMAKE_BUILD_TYPE=Release -DCMAKE_INSTALL_PREFIX=/home/swaraj/agribot_ur5/real_ur5/install/ur
[0.650s] Invoking command in '/home/swaraj/agribot_ur5/real_ur5/build/ur': AMENT_PREFIX_PATH=/home/swaraj/agribot_ur5/real_ur5/install/ur_calibration:/home/swaraj/agribot_ur5/real_ur5/install/ur_robot_driver:/home/swaraj/agribot_ur5/real_ur5/install/ur_moveit_config:/home/swaraj/agribot_ur5/real_ur5/install/ur_controllers:/home/swaraj/agribot_ur5/real_ur5/install/ur_description:/home/swaraj/agribot_ur5/real_ur5/install/ur_dashboard_msgs:${AMENT_PREFIX_PATH} CMAKE_PREFIX_PATH=/home/swaraj/agribot_ur5/real_ur5/install/ur_calibration:/home/swaraj/agribot_ur5/real_ur5/install/ur_robot_driver:/home/swaraj/agribot_ur5/real_ur5/install/ur_moveit_config:/home/swaraj/agribot_ur5/real_ur5/install/ur_controllers:/home/swaraj/agribot_ur5/real_ur5/install/ur_description:/home/swaraj/agribot_ur5/real_ur5/install/ur_dashboard_msgs:/opt/ros/humble LD_LIBRARY_PATH=/home/swaraj/agribot_ur5/real_ur5/install/ur_robot_driver/lib:/home/swaraj/agribot_ur5/real_ur5/install/ur_controllers/lib:/home/swaraj/agribot_ur5/real_ur5/install/ur_dashboard_msgs/lib:${LD_LIBRARY_PATH} PATH=/home/swaraj/agribot_ur5/real_ur5/install/ur_robot_driver/bin:${PATH} PYTHONPATH=/home/swaraj/agribot_ur5/real_ur5/install/ur_robot_driver/local/lib/python3.10/dist-packages:/home/swaraj/agribot_ur5/real_ur5/install/ur_moveit_config/local/lib/python3.10/dist-packages:/home/swaraj/agribot_ur5/real_ur5/install/ur_dashboard_msgs/local/lib/python3.10/dist-packages:${PYTHONPATH} /usr/bin/cmake --build /home/swaraj/agribot_ur5/real_ur5/build/ur -- -j8 -l8
[0.685s] Invoked command in '/home/swaraj/agribot_ur5/real_ur5/build/ur' returned '0': AMENT_PREFIX_PATH=/home/swaraj/agribot_ur5/real_ur5/install/ur_calibration:/home/swaraj/agribot_ur5/real_ur5/install/ur_robot_driver:/home/swaraj/agribot_ur5/real_ur5/install/ur_moveit_config:/home/swaraj/agribot_ur5/real_ur5/install/ur_controllers:/home/swaraj/agribot_ur5/real_ur5/install/ur_description:/home/swaraj/agribot_ur5/real_ur5/install/ur_dashboard_msgs:${AMENT_PREFIX_PATH} CMAKE_PREFIX_PATH=/home/swaraj/agribot_ur5/real_ur5/install/ur_calibration:/home/swaraj/agribot_ur5/real_ur5/install/ur_robot_driver:/home/swaraj/agribot_ur5/real_ur5/install/ur_moveit_config:/home/swaraj/agribot_ur5/real_ur5/install/ur_controllers:/home/swaraj/agribot_ur5/real_ur5/install/ur_description:/home/swaraj/agribot_ur5/real_ur5/install/ur_dashboard_msgs:/opt/ros/humble LD_LIBRARY_PATH=/home/swaraj/agribot_ur5/real_ur5/install/ur_robot_driver/lib:/home/swaraj/agribot_ur5/real_ur5/install/ur_controllers/lib:/home/swaraj/agribot_ur5/real_ur5/install/ur_dashboard_msgs/lib:${LD_LIBRARY_PATH} PATH=/home/swaraj/agribot_ur5/real_ur5/install/ur_robot_driver/bin:${PATH} PYTHONPATH=/home/swaraj/agribot_ur5/real_ur5/install/ur_robot_driver/local/lib/python3.10/dist-packages:/home/swaraj/agribot_ur5/real_ur5/install/ur_moveit_config/local/lib/python3.10/dist-packages:/home/swaraj/agribot_ur5/real_ur5/install/ur_dashboard_msgs/local/lib/python3.10/dist-packages:${PYTHONPATH} /usr/bin/cmake --build /home/swaraj/agribot_ur5/real_ur5/build/ur -- -j8 -l8
[0.706s] Invoking command in '/home/swaraj/agribot_ur5/real_ur5/build/ur': AMENT_PREFIX_PATH=/home/swaraj/agribot_ur5/real_ur5/install/ur_calibration:/home/swaraj/agribot_ur5/real_ur5/install/ur_robot_driver:/home/swaraj/agribot_ur5/real_ur5/install/ur_moveit_config:/home/swaraj/agribot_ur5/real_ur5/install/ur_controllers:/home/swaraj/agribot_ur5/real_ur5/install/ur_description:/home/swaraj/agribot_ur5/real_ur5/install/ur_dashboard_msgs:${AMENT_PREFIX_PATH} CMAKE_PREFIX_PATH=/home/swaraj/agribot_ur5/real_ur5/install/ur_calibration:/home/swaraj/agribot_ur5/real_ur5/install/ur_robot_driver:/home/swaraj/agribot_ur5/real_ur5/install/ur_moveit_config:/home/swaraj/agribot_ur5/real_ur5/install/ur_controllers:/home/swaraj/agribot_ur5/real_ur5/install/ur_description:/home/swaraj/agribot_ur5/real_ur5/install/ur_dashboard_msgs:/opt/ros/humble LD_LIBRARY_PATH=/home/swaraj/agribot_ur5/real_ur5/install/ur_robot_driver/lib:/home/swaraj/agribot_ur5/real_ur5/install/ur_controllers/lib:/home/swaraj/agribot_ur5/real_ur5/install/ur_dashboard_msgs/lib:${LD_LIBRARY_PATH} PATH=/home/swaraj/agribot_ur5/real_ur5/install/ur_robot_driver/bin:${PATH} PYTHONPATH=/home/swaraj/agribot_ur5/real_ur5/install/ur_robot_driver/local/lib/python3.10/dist-packages:/home/swaraj/agribot_ur5/real_ur5/install/ur_moveit_config/local/lib/python3.10/dist-packages:/home/swaraj/agribot_ur5/real_ur5/install/ur_dashboard_msgs/local/lib/python3.10/dist-packages:${PYTHONPATH} /usr/bin/cmake --install /home/swaraj/agribot_ur5/real_ur5/build/ur
[0.713s] -- Install configuration: "Release"
[0.713s] -- Installing: /home/swaraj/agribot_ur5/real_ur5/install/ur/share/ament_index/resource_index/package_run_dependencies/ur
[0.713s] -- Installing: /home/swaraj/agribot_ur5/real_ur5/install/ur/share/ament_index/resource_index/parent_prefix_path/ur
[0.713s] -- Installing: /home/swaraj/agribot_ur5/real_ur5/install/ur/share/ur/environment/ament_prefix_path.sh
[0.714s] -- Installing: /home/swaraj/agribot_ur5/real_ur5/install/ur/share/ur/environment/ament_prefix_path.dsv
[0.714s] -- Installing: /home/swaraj/agribot_ur5/real_ur5/install/ur/share/ur/environment/path.sh
[0.714s] -- Installing: /home/swaraj/agribot_ur5/real_ur5/install/ur/share/ur/environment/path.dsv
[0.714s] -- Installing: /home/swaraj/agribot_ur5/real_ur5/install/ur/share/ur/local_setup.bash
[0.714s] -- Installing: /home/swaraj/agribot_ur5/real_ur5/install/ur/share/ur/local_setup.sh
[0.714s] -- Installing: /home/swaraj/agribot_ur5/real_ur5/install/ur/share/ur/local_setup.zsh
[0.714s] -- Installing: /home/swaraj/agribot_ur5/real_ur5/install/ur/share/ur/local_setup.dsv
[0.714s] -- Installing: /home/swaraj/agribot_ur5/real_ur5/install/ur/share/ur/package.dsv
[0.715s] -- Installing: /home/swaraj/agribot_ur5/real_ur5/install/ur/share/ament_index/resource_index/packages/ur
[0.715s] -- Installing: /home/swaraj/agribot_ur5/real_ur5/install/ur/share/ur/cmake/urConfig.cmake
[0.715s] -- Installing: /home/swaraj/agribot_ur5/real_ur5/install/ur/share/ur/cmake/urConfig-version.cmake
[0.715s] -- Installing: /home/swaraj/agribot_ur5/real_ur5/install/ur/share/ur/package.xml
[0.717s] Invoked command in '/home/swaraj/agribot_ur5/real_ur5/build/ur' returned '0': AMENT_PREFIX_PATH=/home/swaraj/agribot_ur5/real_ur5/install/ur_calibration:/home/swaraj/agribot_ur5/real_ur5/install/ur_robot_driver:/home/swaraj/agribot_ur5/real_ur5/install/ur_moveit_config:/home/swaraj/agribot_ur5/real_ur5/install/ur_controllers:/home/swaraj/agribot_ur5/real_ur5/install/ur_description:/home/swaraj/agribot_ur5/real_ur5/install/ur_dashboard_msgs:${AMENT_PREFIX_PATH} CMAKE_PREFIX_PATH=/home/swaraj/agribot_ur5/real_ur5/install/ur_calibration:/home/swaraj/agribot_ur5/real_ur5/install/ur_robot_driver:/home/swaraj/agribot_ur5/real_ur5/install/ur_moveit_config:/home/swaraj/agribot_ur5/real_ur5/install/ur_controllers:/home/swaraj/agribot_ur5/real_ur5/install/ur_description:/home/swaraj/agribot_ur5/real_ur5/install/ur_dashboard_msgs:/opt/ros/humble LD_LIBRARY_PATH=/home/swaraj/agribot_ur5/real_ur5/install/ur_robot_driver/lib:/home/swaraj/agribot_ur5/real_ur5/install/ur_controllers/lib:/home/swaraj/agribot_ur5/real_ur5/install/ur_dashboard_msgs/lib:${LD_LIBRARY_PATH} PATH=/home/swaraj/agribot_ur5/real_ur5/install/ur_robot_driver/bin:${PATH} PYTHONPATH=/home/swaraj/agribot_ur5/real_ur5/install/ur_robot_driver/local/lib/python3.10/dist-packages:/home/swaraj/agribot_ur5/real_ur5/install/ur_moveit_config/local/lib/python3.10/dist-packages:/home/swaraj/agribot_ur5/real_ur5/install/ur_dashboard_msgs/local/lib/python3.10/dist-packages:${PYTHONPATH} /usr/bin/cmake --install /home/swaraj/agribot_ur5/real_ur5/build/ur
