[0.056s] Invoking command in '/home/swaraj/agribot_ur5/real_ur5/build/ur_bringup': AMENT_PREFIX_PATH=/home/swaraj/agribot_ur5/real_ur5/install/ur_controllers:/home/swaraj/agribot_ur5/real_ur5/install/ur_description:/home/swaraj/agribot_ur5/real_ur5/install/ur_dashboard_msgs:${AMENT_PREFIX_PATH} CMAKE_PREFIX_PATH=/home/swaraj/agribot_ur5/real_ur5/install/ur_controllers:/home/swaraj/agribot_ur5/real_ur5/install/ur_description:/home/swaraj/agribot_ur5/real_ur5/install/ur_dashboard_msgs:/opt/ros/humble LD_LIBRARY_PATH=/home/swaraj/agribot_ur5/real_ur5/install/ur_controllers/lib:/home/swaraj/agribot_ur5/real_ur5/install/ur_dashboard_msgs/lib:${LD_LIBRARY_PATH} PYTHONPATH=/home/swaraj/agribot_ur5/real_ur5/install/ur_dashboard_msgs/local/lib/python3.10/dist-packages:${PYTHONPATH} /usr/bin/cmake --build /home/swaraj/agribot_ur5/real_ur5/build/ur_bringup -- -j8 -l8
[0.095s] Invoked command in '/home/swaraj/agribot_ur5/real_ur5/build/ur_bringup' returned '0': AMENT_PREFIX_PATH=/home/swaraj/agribot_ur5/real_ur5/install/ur_controllers:/home/swaraj/agribot_ur5/real_ur5/install/ur_description:/home/swaraj/agribot_ur5/real_ur5/install/ur_dashboard_msgs:${AMENT_PREFIX_PATH} CMAKE_PREFIX_PATH=/home/swaraj/agribot_ur5/real_ur5/install/ur_controllers:/home/swaraj/agribot_ur5/real_ur5/install/ur_description:/home/swaraj/agribot_ur5/real_ur5/install/ur_dashboard_msgs:/opt/ros/humble LD_LIBRARY_PATH=/home/swaraj/agribot_ur5/real_ur5/install/ur_controllers/lib:/home/swaraj/agribot_ur5/real_ur5/install/ur_dashboard_msgs/lib:${LD_LIBRARY_PATH} PYTHONPATH=/home/swaraj/agribot_ur5/real_ur5/install/ur_dashboard_msgs/local/lib/python3.10/dist-packages:${PYTHONPATH} /usr/bin/cmake --build /home/swaraj/agribot_ur5/real_ur5/build/ur_bringup -- -j8 -l8
[0.123s] Invoking command in '/home/swaraj/agribot_ur5/real_ur5/build/ur_bringup': AMENT_PREFIX_PATH=/home/swaraj/agribot_ur5/real_ur5/install/ur_controllers:/home/swaraj/agribot_ur5/real_ur5/install/ur_description:/home/swaraj/agribot_ur5/real_ur5/install/ur_dashboard_msgs:${AMENT_PREFIX_PATH} CMAKE_PREFIX_PATH=/home/swaraj/agribot_ur5/real_ur5/install/ur_controllers:/home/swaraj/agribot_ur5/real_ur5/install/ur_description:/home/swaraj/agribot_ur5/real_ur5/install/ur_dashboard_msgs:/opt/ros/humble LD_LIBRARY_PATH=/home/swaraj/agribot_ur5/real_ur5/install/ur_controllers/lib:/home/swaraj/agribot_ur5/real_ur5/install/ur_dashboard_msgs/lib:${LD_LIBRARY_PATH} PYTHONPATH=/home/swaraj/agribot_ur5/real_ur5/install/ur_dashboard_msgs/local/lib/python3.10/dist-packages:${PYTHONPATH} /usr/bin/cmake --install /home/swaraj/agribot_ur5/real_ur5/build/ur_bringup
[0.132s] -- Install configuration: "Release"
[0.132s] -- Up-to-date: /home/swaraj/agribot_ur5/real_ur5/install/ur_bringup/share/ur_bringup/config
[0.132s] -- Up-to-date: /home/swaraj/agribot_ur5/real_ur5/install/ur_bringup/share/ur_bringup/config/ur10e_update_rate.yaml
[0.132s] -- Up-to-date: /home/swaraj/agribot_ur5/real_ur5/install/ur_bringup/share/ur_bringup/config/ur5_update_rate.yaml
[0.133s] -- Up-to-date: /home/swaraj/agribot_ur5/real_ur5/install/ur_bringup/share/ur_bringup/config/ur3_update_rate.yaml
[0.133s] -- Up-to-date: /home/swaraj/agribot_ur5/real_ur5/install/ur_bringup/share/ur_bringup/config/ur3e_update_rate.yaml
[0.133s] -- Up-to-date: /home/swaraj/agribot_ur5/real_ur5/install/ur_bringup/share/ur_bringup/config/test_goal_publishers_config.yaml
[0.133s] -- Up-to-date: /home/swaraj/agribot_ur5/real_ur5/install/ur_bringup/share/ur_bringup/config/test_velocity_goal_publishers_config.yaml
[0.133s] -- Up-to-date: /home/swaraj/agribot_ur5/real_ur5/install/ur_bringup/share/ur_bringup/config/ur5e_update_rate.yaml
[0.133s] -- Up-to-date: /home/swaraj/agribot_ur5/real_ur5/install/ur_bringup/share/ur_bringup/config/ur16e_update_rate.yaml
[0.134s] -- Up-to-date: /home/swaraj/agribot_ur5/real_ur5/install/ur_bringup/share/ur_bringup/config/ur_controllers.yaml
[0.134s] -- Up-to-date: /home/swaraj/agribot_ur5/real_ur5/install/ur_bringup/share/ur_bringup/config/ur10_update_rate.yaml
[0.134s] -- Up-to-date: /home/swaraj/agribot_ur5/real_ur5/install/ur_bringup/share/ur_bringup/launch
[0.134s] -- Up-to-date: /home/swaraj/agribot_ur5/real_ur5/install/ur_bringup/share/ur_bringup/launch/ur10e.launch.py
[0.134s] -- Up-to-date: /home/swaraj/agribot_ur5/real_ur5/install/ur_bringup/share/ur_bringup/launch/test_scaled_joint_trajectory_controller.launch.py
[0.134s] -- Up-to-date: /home/swaraj/agribot_ur5/real_ur5/install/ur_bringup/share/ur_bringup/launch/ur5e.launch.py
[0.135s] -- Up-to-date: /home/swaraj/agribot_ur5/real_ur5/install/ur_bringup/share/ur_bringup/launch/ur16e.launch.py
[0.135s] -- Up-to-date: /home/swaraj/agribot_ur5/real_ur5/install/ur_bringup/share/ur_bringup/launch/ur5.launch.py
[0.135s] -- Up-to-date: /home/swaraj/agribot_ur5/real_ur5/install/ur_bringup/share/ur_bringup/launch/test_forward_velocity_controller.launch.py
[0.136s] -- Up-to-date: /home/swaraj/agribot_ur5/real_ur5/install/ur_bringup/share/ur_bringup/launch/ur3.launch.py
[0.136s] -- Up-to-date: /home/swaraj/agribot_ur5/real_ur5/install/ur_bringup/share/ur_bringup/launch/test_joint_trajectory_controller.launch.py
[0.136s] -- Up-to-date: /home/swaraj/agribot_ur5/real_ur5/install/ur_bringup/share/ur_bringup/launch/ur_control.launch.py
[0.137s] -- Up-to-date: /home/swaraj/agribot_ur5/real_ur5/install/ur_bringup/share/ur_bringup/launch/ur_dashboard_client.launch.py
[0.137s] -- Up-to-date: /home/swaraj/agribot_ur5/real_ur5/install/ur_bringup/share/ur_bringup/launch/ur10.launch.py
[0.137s] -- Up-to-date: /home/swaraj/agribot_ur5/real_ur5/install/ur_bringup/share/ur_bringup/launch/ur3e.launch.py
[0.137s] -- Up-to-date: /home/swaraj/agribot_ur5/real_ur5/install/ur_bringup/lib/ur_bringup/start_ursim.sh
[0.137s] -- Up-to-date: /home/swaraj/agribot_ur5/real_ur5/install/ur_bringup/share/ament_index/resource_index/package_run_dependencies/ur_bringup
[0.137s] -- Up-to-date: /home/swaraj/agribot_ur5/real_ur5/install/ur_bringup/share/ament_index/resource_index/parent_prefix_path/ur_bringup
[0.138s] -- Up-to-date: /home/swaraj/agribot_ur5/real_ur5/install/ur_bringup/share/ur_bringup/environment/ament_prefix_path.sh
[0.138s] -- Up-to-date: /home/swaraj/agribot_ur5/real_ur5/install/ur_bringup/share/ur_bringup/environment/ament_prefix_path.dsv
[0.138s] -- Up-to-date: /home/swaraj/agribot_ur5/real_ur5/install/ur_bringup/share/ur_bringup/environment/path.sh
[0.138s] -- Up-to-date: /home/swaraj/agribot_ur5/real_ur5/install/ur_bringup/share/ur_bringup/environment/path.dsv
[0.138s] -- Up-to-date: /home/swaraj/agribot_ur5/real_ur5/install/ur_bringup/share/ur_bringup/local_setup.bash
[0.139s] -- Up-to-date: /home/swaraj/agribot_ur5/real_ur5/install/ur_bringup/share/ur_bringup/local_setup.sh
[0.139s] -- Up-to-date: /home/swaraj/agribot_ur5/real_ur5/install/ur_bringup/share/ur_bringup/local_setup.zsh
[0.139s] -- Up-to-date: /home/swaraj/agribot_ur5/real_ur5/install/ur_bringup/share/ur_bringup/local_setup.dsv
[0.139s] -- Up-to-date: /home/swaraj/agribot_ur5/real_ur5/install/ur_bringup/share/ur_bringup/package.dsv
[0.139s] -- Up-to-date: /home/swaraj/agribot_ur5/real_ur5/install/ur_bringup/share/ament_index/resource_index/packages/ur_bringup
[0.140s] -- Up-to-date: /home/swaraj/agribot_ur5/real_ur5/install/ur_bringup/share/ur_bringup/cmake/ur_bringupConfig.cmake
[0.140s] -- Up-to-date: /home/swaraj/agribot_ur5/real_ur5/install/ur_bringup/share/ur_bringup/cmake/ur_bringupConfig-version.cmake
[0.140s] -- Up-to-date: /home/swaraj/agribot_ur5/real_ur5/install/ur_bringup/share/ur_bringup/package.xml
[0.140s] Invoked command in '/home/swaraj/agribot_ur5/real_ur5/build/ur_bringup' returned '0': AMENT_PREFIX_PATH=/home/swaraj/agribot_ur5/real_ur5/install/ur_controllers:/home/swaraj/agribot_ur5/real_ur5/install/ur_description:/home/swaraj/agribot_ur5/real_ur5/install/ur_dashboard_msgs:${AMENT_PREFIX_PATH} CMAKE_PREFIX_PATH=/home/swaraj/agribot_ur5/real_ur5/install/ur_controllers:/home/swaraj/agribot_ur5/real_ur5/install/ur_description:/home/swaraj/agribot_ur5/real_ur5/install/ur_dashboard_msgs:/opt/ros/humble LD_LIBRARY_PATH=/home/swaraj/agribot_ur5/real_ur5/install/ur_controllers/lib:/home/swaraj/agribot_ur5/real_ur5/install/ur_dashboard_msgs/lib:${LD_LIBRARY_PATH} PYTHONPATH=/home/swaraj/agribot_ur5/real_ur5/install/ur_dashboard_msgs/local/lib/python3.10/dist-packages:${PYTHONPATH} /usr/bin/cmake --install /home/swaraj/agribot_ur5/real_ur5/build/ur_bringup
